15:42:08.101 Updating icon tooltips for actor: DEPLOY_ROT IN HELL_F4A57408
15:42:08.101   -- actor isPlayer: True
15:42:08.104   -- visionAndSensors tooltip text is: <b>Visuals</b><size=90%> <color=#00FF00>857m</color> Scan:408m [Bright, Dense Fog]
<b>Sensors</b><size=90%> <color=#00FF00>350.00m</color> Multi:<color=#00FF00> x1.02</color> [Type]
  Total: <color=#00FF00>+0</color><size=90%> Roll: <color=#00FF00>+0</color> Tactics: <color=#00FF00>+0</color> AdvSen: <color=#00FF00>+0</color>
 
15:42:53.541 Updating icon tooltips for actor: DEPLOY_ROT IN HELL_F4A57408
15:42:53.541   -- actor isPlayer: True
15:42:53.542   -- visionAndSensors tooltip text is: <b>Visuals</b><size=90%> <color=#00FF00>857m</color> Scan:408m [Bright, Dense Fog]
<b>Sensors</b><size=90%> <color=#00FF00>350.00m</color> Multi:<color=#00FF00> x1.02</color> [Type]
  Total: <color=#00FF00>+0</color><size=90%> Roll: <color=#00FF00>+0</color> Tactics: <color=#00FF00>+0</color> AdvSen: <color=#00FF00>+0</color>
 
15:42:54.262 Updating icon tooltips for actor: DEPLOY_ROT IN HELL_F4A57408
15:42:54.262   -- actor isPlayer: True
15:42:54.262   -- visionAndSensors tooltip text is: <b>Visuals</b><size=90%> <color=#00FF00>857m</color> Scan:408m [Bright, Dense Fog]
<b>Sensors</b><size=90%> <color=#00FF00>350.00m</color> Multi:<color=#00FF00> x1.02</color> [Type]
  Total: <color=#00FF00>+0</color><size=90%> Roll: <color=#00FF00>+0</color> Tactics: <color=#00FF00>+0</color> AdvSen: <color=#00FF00>+0</color>
 
15:42:54.266 Updating icon tooltips for actor: DEPLOY_ROT IN HELL_F4A57408
15:42:54.266   -- actor isPlayer: True
15:42:54.266   -- visionAndSensors tooltip text is: <b>Visuals</b><size=90%> <color=#00FF00>857m</color> Scan:408m [Bright, Dense Fog]
<b>Sensors</b><size=90%> <color=#00FF00>350.00m</color> Multi:<color=#00FF00> x1.02</color> [Type]
  Total: <color=#00FF00>+0</color><size=90%> Roll: <color=#00FF00>+0</color> Tactics: <color=#00FF00>+0</color> AdvSen: <color=#00FF00>+0</color>
 
15:42:54.823 Updating icon tooltips for actor: DEPLOY_ROT IN HELL_F4A57408
15:42:54.823   -- actor isPlayer: True
15:42:54.823   -- visionAndSensors tooltip text is: <b>Visuals</b><size=90%> <color=#00FF00>857m</color> Scan:408m [Bright, Dense Fog]
<b>Sensors</b><size=90%> <color=#00FF00>350.00m</color> Multi:<color=#00FF00> x1.02</color> [Type]
  Total: <color=#00FF00>+0</color><size=90%> Roll: <color=#00FF00>+0</color> Tactics: <color=#00FF00>+0</color> AdvSen: <color=#00FF00>+0</color>
 
15:47:46.756 Updating icon tooltips for actor: Valkyrie II_Shade_655D02FD
15:47:46.756   -- actor isPlayer: True
15:47:46.756   -- visionAndSensors tooltip text is: <b>Visuals</b><size=90%> <color=#00FF00>1066m</color> Scan:560m [Bright, Dense Fog]
<b>Sensors</b><size=90%> <color=#00FF00>793.20m</color> Multi:<color=#00FF00> x1.322</color> [Armor+WeapType]
  Total: <color=#00FF00>+3</color><size=90%> Roll: <color=#FF0000>-2</color> Tactics: <color=#00FF00>+3</color> AdvSen: <color=#00FF00>+2</color>
 
15:47:48.799 Updating icon tooltips for actor: Spector_Caveman_B8CF8F2F
15:47:48.799   -- actor isPlayer: True
15:47:48.799   -- visionAndSensors tooltip text is: <b>Visuals</b><size=90%> <color=#00FF00>1008m</color> Scan:480m [Bright, Dense Fog]
<b>Sensors</b><size=90%> <color=#FF0000>750.00m</color> Multi:<color=#FF0000> x1.25</color> [Type]
  Total: <color=#00FF00>+2</color><size=90%> Roll: <color=#FF0000>-3</color> Tactics: <color=#00FF00>+2</color> AdvSen: <color=#00FF00>+3</color>
 
15:48:05.907 Updating icon tooltips for actor: Spector_Caveman_B8CF8F2F
15:48:05.907   -- actor isPlayer: True
15:48:05.907   -- visionAndSensors tooltip text is: <b>Visuals</b><size=90%> <color=#00FF00>1008m</color> Scan:480m [Bright, Dense Fog]
<b>Sensors</b><size=90%> <color=#FF0000>750.00m</color> Multi:<color=#FF0000> x1.25</color> [Type]
  Total: <color=#00FF00>+2</color><size=90%> Roll: <color=#FF0000>-3</color> Tactics: <color=#00FF00>+2</color> AdvSen: <color=#00FF00>+3</color>
 
15:48:05.910 Updating icon tooltips for actor: Spector_Caveman_B8CF8F2F
15:48:05.910   -- actor isPlayer: True
15:48:05.911   -- visionAndSensors tooltip text is: <b>Visuals</b><size=90%> <color=#00FF00>1008m</color> Scan:480m [Bright, Dense Fog]
<b>Sensors</b><size=90%> <color=#FF0000>750.00m</color> Multi:<color=#FF0000> x1.25</color> [Type]
  Total: <color=#00FF00>+2</color><size=90%> Roll: <color=#FF0000>-3</color> Tactics: <color=#00FF00>+2</color> AdvSen: <color=#00FF00>+3</color>
 
15:48:11.318 Updating icon tooltips for actor: Trooper_Announcer_221E0761
15:48:11.318   -- actor isPlayer: True
15:48:11.318   -- visionAndSensors tooltip text is: <b>Visuals</b><size=90%> <color=#00FF00>840m</color> Scan:400m [Bright, Dense Fog]
<b>Sensors</b><size=90%> <color=#00FF00>960.00m</color> Multi:<color=#00FF00> x1.6</color> [All Info]
  Total: <color=#00FF00>+16</color><size=90%> Roll: <color=#00FF00>+0</color> Tactics: <color=#00FF00>+4</color> AdvSen: <color=#00FF00>+12</color>
 <b>Zoom</b><size=90%> Mod: <color=#00FF00>-1</color> Cap: <color=#FF0000>+0</color> Range: 1080m

15:48:18.085 Updating icon tooltips for actor: Trooper_Announcer_221E0761
15:48:18.085   -- actor isPlayer: True
15:48:18.085   -- visionAndSensors tooltip text is: <b>Visuals</b><size=90%> <color=#00FF00>840m</color> Scan:400m [Bright, Dense Fog]
<b>Sensors</b><size=90%> <color=#00FF00>960.00m</color> Multi:<color=#00FF00> x1.6</color> [All Info]
  Total: <color=#00FF00>+16</color><size=90%> Roll: <color=#00FF00>+0</color> Tactics: <color=#00FF00>+4</color> AdvSen: <color=#00FF00>+12</color>
 <b>Zoom</b><size=90%> Mod: <color=#00FF00>-1</color> Cap: <color=#FF0000>+0</color> Range: 1080m

15:48:18.089 Updating icon tooltips for actor: Trooper_Announcer_221E0761
15:48:18.089   -- actor isPlayer: True
15:48:18.089   -- visionAndSensors tooltip text is: <b>Visuals</b><size=90%> <color=#00FF00>840m</color> Scan:400m [Bright, Dense Fog]
<b>Sensors</b><size=90%> <color=#00FF00>960.00m</color> Multi:<color=#00FF00> x1.6</color> [All Info]
  Total: <color=#00FF00>+16</color><size=90%> Roll: <color=#00FF00>+0</color> Tactics: <color=#00FF00>+4</color> AdvSen: <color=#00FF00>+12</color>
 <b>Zoom</b><size=90%> Mod: <color=#00FF00>-1</color> Cap: <color=#FF0000>+0</color> Range: 1080m

15:48:21.193 Updating icon tooltips for actor: Toro_Virago_E5666DC7
15:48:21.193   -- actor isPlayer: True
15:48:21.193   -- visionAndSensors tooltip text is: <b>Visuals</b><size=90%> <color=#00FF00>957m</color> Scan:508m [Bright, Dense Fog]
<b>Sensors</b><size=90%> <color=#00FF00>852.00m</color> Multi:<color=#00FF00> x1.42</color> [Armor+WeapType]
  Total: <color=#00FF00>+4</color><size=90%> Roll: <color=#00FF00>+0</color> Tactics: <color=#00FF00>+4</color> AdvSen: <color=#00FF00>+0</color>
 
15:48:25.599 Updating icon tooltips for actor: Toro_Virago_E5666DC7
15:48:25.599   -- actor isPlayer: True
15:48:25.599   -- visionAndSensors tooltip text is: <b>Visuals</b><size=90%> <color=#00FF00>957m</color> Scan:508m [Bright, Dense Fog]
<b>Sensors</b><size=90%> <color=#00FF00>852.00m</color> Multi:<color=#00FF00> x1.42</color> [Armor+WeapType]
  Total: <color=#00FF00>+4</color><size=90%> Roll: <color=#00FF00>+0</color> Tactics: <color=#00FF00>+4</color> AdvSen: <color=#00FF00>+0</color>
 
15:48:25.602 Updating icon tooltips for actor: Toro_Virago_E5666DC7
15:48:25.602   -- actor isPlayer: True
15:48:25.602   -- visionAndSensors tooltip text is: <b>Visuals</b><size=90%> <color=#00FF00>957m</color> Scan:508m [Bright, Dense Fog]
<b>Sensors</b><size=90%> <color=#00FF00>852.00m</color> Multi:<color=#00FF00> x1.42</color> [Armor+WeapType]
  Total: <color=#00FF00>+4</color><size=90%> Roll: <color=#00FF00>+0</color> Tactics: <color=#00FF00>+4</color> AdvSen: <color=#00FF00>+0</color>
 
15:48:40.145 Updating icon tooltips for actor: Commando_Defender_212B673A
15:48:40.145   -- actor isPlayer: False
15:48:40.880 Updating icon tooltips for actor: Commando_Defender_212B673A
15:48:40.880   -- actor isPlayer: False
15:48:49.093 Updating icon tooltips for actor: Flea_Fire Priestess_248ABC36
15:48:49.093   -- actor isPlayer: True
15:48:49.094   -- visionAndSensors tooltip text is: <b>Visuals</b><size=90%> <color=#00FF00>1221m</color> Scan:660m [Bright, Dense Fog]
<b>Sensors</b><size=90%> <color=#00FF00>975.00m</color> Multi:<color=#00FF00> x1.625</color> [Type]
  Total: <color=#00FF00>+2</color><size=90%> Roll: <color=#FF0000>-3</color> Tactics: <color=#00FF00>+5</color> AdvSen: <color=#00FF00>+0</color>
 
15:48:53.436 Updating icon tooltips for actor: Flea_Fire Priestess_248ABC36
15:48:53.436   -- actor isPlayer: True
15:48:53.436   -- visionAndSensors tooltip text is: <b>Visuals</b><size=90%> <color=#00FF00>1221m</color> Scan:660m [Bright, Dense Fog]
<b>Sensors</b><size=90%> <color=#00FF00>975.00m</color> Multi:<color=#00FF00> x1.625</color> [Type]
  Total: <color=#00FF00>+2</color><size=90%> Roll: <color=#FF0000>-3</color> Tactics: <color=#00FF00>+5</color> AdvSen: <color=#00FF00>+0</color>
 
15:48:53.439 Updating icon tooltips for actor: Flea_Fire Priestess_248ABC36
15:48:53.439   -- actor isPlayer: True
15:48:53.439   -- visionAndSensors tooltip text is: <b>Visuals</b><size=90%> <color=#00FF00>1221m</color> Scan:660m [Bright, Dense Fog]
<b>Sensors</b><size=90%> <color=#00FF00>975.00m</color> Multi:<color=#00FF00> x1.625</color> [Type]
  Total: <color=#00FF00>+2</color><size=90%> Roll: <color=#FF0000>-3</color> Tactics: <color=#00FF00>+5</color> AdvSen: <color=#00FF00>+0</color>
 
15:49:02.800 Updating icon tooltips for actor: Warrior H7 Fusion_Boomer_5E1110A2
15:49:02.800   -- actor isPlayer: True
15:49:02.801   -- visionAndSensors tooltip text is: <b>Visuals</b><size=90%> <color=#00FF00>672m</color> Scan:320m [Bright, Dense Fog]
<b>Sensors</b><size=90%> <color=#FF0000>418.50m</color> Multi:<color=#FF0000> x0.9300001</color> [Type]
  Total: <color=#00FF00>+0</color><size=90%> Roll: <color=#FF0000>-5</color> Tactics: <color=#00FF00>+3</color> AdvSen: <color=#00FF00>+2</color>
 
15:49:12.033 Updating icon tooltips for actor: Warrior H7 Fusion_Boomer_5E1110A2
15:49:12.033   -- actor isPlayer: True
15:49:12.034   -- visionAndSensors tooltip text is: <b>Visuals</b><size=90%> <color=#00FF00>672m</color> Scan:320m [Bright, Dense Fog]
<b>Sensors</b><size=90%> <color=#FF0000>418.50m</color> Multi:<color=#FF0000> x0.9300001</color> [Type]
  Total: <color=#00FF00>+0</color><size=90%> Roll: <color=#FF0000>-5</color> Tactics: <color=#00FF00>+3</color> AdvSen: <color=#00FF00>+2</color>
 
15:49:12.036 Updating icon tooltips for actor: Warrior H7 Fusion_Boomer_5E1110A2
15:49:12.036   -- actor isPlayer: True
15:49:12.036   -- visionAndSensors tooltip text is: <b>Visuals</b><size=90%> <color=#00FF00>672m</color> Scan:320m [Bright, Dense Fog]
<b>Sensors</b><size=90%> <color=#FF0000>418.50m</color> Multi:<color=#FF0000> x0.9300001</color> [Type]
  Total: <color=#00FF00>+0</color><size=90%> Roll: <color=#FF0000>-5</color> Tactics: <color=#00FF00>+3</color> AdvSen: <color=#00FF00>+2</color>
 
15:49:17.038 Updating icon tooltips for actor: Razorback_Defender_EF01A5C3
15:49:17.038   -- actor isPlayer: False
15:49:19.581 Updating icon tooltips for actor: Razorback_Defender_EF01A5C3
15:49:19.581   -- actor isPlayer: False
15:49:21.392 Updating icon tooltips for actor: Razorback_Defender_EF01A5C3
15:49:21.392   -- actor isPlayer: False
15:49:26.288 Updating icon tooltips for actor: Valkyrie II_Shade_655D02FD
15:49:26.288   -- actor isPlayer: True
15:49:26.288   -- visionAndSensors tooltip text is: <b>Visuals</b><size=90%> <color=#00FF00>1066m</color> Scan:560m [Bright, Dense Fog]
<b>Sensors</b><size=90%> <color=#00FF00>793.20m</color> Multi:<color=#00FF00> x1.322</color> [Armor+WeapType]
  Total: <color=#00FF00>+3</color><size=90%> Roll: <color=#FF0000>-2</color> Tactics: <color=#00FF00>+3</color> AdvSen: <color=#00FF00>+2</color>
 
15:49:33.546 Updating icon tooltips for actor: Valkyrie II_Shade_655D02FD
15:49:33.546   -- actor isPlayer: True
15:49:33.546   -- visionAndSensors tooltip text is: <b>Visuals</b><size=90%> <color=#00FF00>1066m</color> Scan:560m [Bright, Dense Fog]
<b>Sensors</b><size=90%> <color=#00FF00>793.20m</color> Multi:<color=#00FF00> x1.322</color> [Armor+WeapType]
  Total: <color=#00FF00>+3</color><size=90%> Roll: <color=#FF0000>-2</color> Tactics: <color=#00FF00>+3</color> AdvSen: <color=#00FF00>+2</color>
 
15:49:33.550 Updating icon tooltips for actor: Valkyrie II_Shade_655D02FD
15:49:33.550   -- actor isPlayer: True
15:49:33.550   -- visionAndSensors tooltip text is: <b>Visuals</b><size=90%> <color=#00FF00>1066m</color> Scan:560m [Bright, Dense Fog]
<b>Sensors</b><size=90%> <color=#00FF00>793.20m</color> Multi:<color=#00FF00> x1.322</color> [Armor+WeapType]
  Total: <color=#00FF00>+3</color><size=90%> Roll: <color=#FF0000>-2</color> Tactics: <color=#00FF00>+3</color> AdvSen: <color=#00FF00>+2</color>
 
15:49:38.420 Updating icon tooltips for actor: Archer_Commando_9D156E66
15:49:38.420   -- actor isPlayer: True
15:49:38.420   -- visionAndSensors tooltip text is: <b>Visuals</b><size=90%> <color=#00FF00>1107m</color> Scan:658m [Bright, Dense Fog]
<b>Sensors</b><size=90%> <color=#00FF00>912.00m</color> Multi:<color=#00FF00> x1.52</color> [Struct+Weapon]
  Total: <color=#00FF00>+8</color><size=90%> Roll: <color=#00FF00>+6</color> Tactics: <color=#00FF00>+2</color> AdvSen: <color=#00FF00>+0</color>
 
15:49:46.334 Updating icon tooltips for actor: Archer_Commando_9D156E66
15:49:46.334   -- actor isPlayer: True
15:49:46.334   -- visionAndSensors tooltip text is: <b>Visuals</b><size=90%> <color=#00FF00>1107m</color> Scan:658m [Bright, Dense Fog]
<b>Sensors</b><size=90%> <color=#00FF00>912.00m</color> Multi:<color=#00FF00> x1.52</color> [Struct+Weapon]
  Total: <color=#00FF00>+8</color><size=90%> Roll: <color=#00FF00>+6</color> Tactics: <color=#00FF00>+2</color> AdvSen: <color=#00FF00>+0</color>
 
15:49:46.337 Updating icon tooltips for actor: Archer_Commando_9D156E66
15:49:46.337   -- actor isPlayer: True
15:49:46.337   -- visionAndSensors tooltip text is: <b>Visuals</b><size=90%> <color=#00FF00>1107m</color> Scan:658m [Bright, Dense Fog]
<b>Sensors</b><size=90%> <color=#00FF00>912.00m</color> Multi:<color=#00FF00> x1.52</color> [Struct+Weapon]
  Total: <color=#00FF00>+8</color><size=90%> Roll: <color=#00FF00>+6</color> Tactics: <color=#00FF00>+2</color> AdvSen: <color=#00FF00>+0</color>
 
15:50:27.644 Updating icon tooltips for actor: Drillson Hover Tank 3058_Phantom_B42EA726
15:50:27.644   -- actor isPlayer: True
15:50:27.644   -- visionAndSensors tooltip text is: <b>Visuals</b><size=90%> <color=#00FF00>773m</color> Scan:368m [Bright, Dense Fog]
<b>Sensors</b><size=90%> <color=#00FF00>697.50m</color> Multi:<color=#00FF00> x1.55</color> [All Info]
  Total: <color=#00FF00>+15</color><size=90%> Roll: <color=#00FF00>+11</color> Tactics: <color=#00FF00>+2</color> AdvSen: <color=#00FF00>+2</color>
 
15:50:39.871 Updating icon tooltips for actor: Drillson Hover Tank 3058_Phantom_B42EA726
15:50:39.871   -- actor isPlayer: True
15:50:39.872   -- visionAndSensors tooltip text is: <b>Visuals</b><size=90%> <color=#00FF00>773m</color> Scan:368m [Bright, Dense Fog]
<b>Sensors</b><size=90%> <color=#00FF00>697.50m</color> Multi:<color=#00FF00> x1.55</color> [All Info]
  Total: <color=#00FF00>+15</color><size=90%> Roll: <color=#00FF00>+11</color> Tactics: <color=#00FF00>+2</color> AdvSen: <color=#00FF00>+2</color>
 
15:50:39.874 Updating icon tooltips for actor: Drillson Hover Tank 3058_Phantom_B42EA726
15:50:39.874   -- actor isPlayer: True
15:50:39.874   -- visionAndSensors tooltip text is: <b>Visuals</b><size=90%> <color=#00FF00>773m</color> Scan:368m [Bright, Dense Fog]
<b>Sensors</b><size=90%> <color=#00FF00>697.50m</color> Multi:<color=#00FF00> x1.55</color> [All Info]
  Total: <color=#00FF00>+15</color><size=90%> Roll: <color=#00FF00>+11</color> Tactics: <color=#00FF00>+2</color> AdvSen: <color=#00FF00>+2</color>
 
15:50:41.188 Updating icon tooltips for actor: Owens_Gunner_94E0FD34
15:50:41.188   -- actor isPlayer: False
15:50:41.577 Updating icon tooltips for actor: Owens_Gunner_94E0FD34
15:50:41.577   -- actor isPlayer: False
15:50:42.030 Updating icon tooltips for actor: Owens_Gunner_94E0FD34
15:50:42.030   -- actor isPlayer: False
15:50:42.036 Updating icon tooltips for actor: Owens_Gunner_94E0FD34
15:50:42.036   -- actor isPlayer: False
15:50:42.500 Updating icon tooltips for actor: Valkyrie_Gunner_B5380299
15:50:42.500   -- actor isPlayer: False
15:50:44.237 Updating icon tooltips for actor: Valkyrie_Gunner_B5380299
15:50:44.237   -- actor isPlayer: False
15:50:45.890 Updating icon tooltips for actor: Spider Venom_Tactician_2084CA97
15:50:45.890   -- actor isPlayer: False
15:50:46.464 Updating icon tooltips for actor: Spider Venom_Tactician_2084CA97
15:50:46.464   -- actor isPlayer: False
15:50:47.732 Updating icon tooltips for actor: Spider Venom_Tactician_2084CA97
15:50:47.732   -- actor isPlayer: False
15:50:47.737 Updating icon tooltips for actor: Spider Venom_Tactician_2084CA97
15:50:47.737   -- actor isPlayer: False
15:50:48.098 Updating icon tooltips for actor: Vulcan_Gunner_EC1ABF44
15:50:48.098   -- actor isPlayer: False
15:50:51.120 Updating icon tooltips for actor: Vulcan_Gunner_EC1ABF44
15:50:51.120   -- actor isPlayer: False
15:50:53.640 Updating icon tooltips for actor: Vulcan_Gunner_EC1ABF44
15:50:53.640   -- actor isPlayer: False
15:50:56.642 Updating icon tooltips for actor: Marsden III MBT_Blaze_8F76066D
15:50:56.642   -- actor isPlayer: True
15:50:56.642   -- visionAndSensors tooltip text is: <b>Visuals</b><size=90%> <color=#00FF00>773m</color> Scan:368m [Bright, Dense Fog]
<b>Sensors</b><size=90%> <color=#00FF00>540.00m</color> Multi:<color=#00FF00> x1.2</color> [Struct+Weapon]
  Total: <color=#00FF00>+7</color><size=90%> Roll: <color=#00FF00>+2</color> Tactics: <color=#00FF00>+3</color> AdvSen: <color=#00FF00>+2</color>
 
15:51:05.869 Updating icon tooltips for actor: Marsden III MBT_Blaze_8F76066D
15:51:05.869   -- actor isPlayer: True
15:51:05.869   -- visionAndSensors tooltip text is: <b>Visuals</b><size=90%> <color=#00FF00>773m</color> Scan:368m [Bright, Dense Fog]
<b>Sensors</b><size=90%> <color=#00FF00>540.00m</color> Multi:<color=#00FF00> x1.2</color> [Struct+Weapon]
  Total: <color=#00FF00>+7</color><size=90%> Roll: <color=#00FF00>+2</color> Tactics: <color=#00FF00>+3</color> AdvSen: <color=#00FF00>+2</color>
 
15:51:05.871 Updating icon tooltips for actor: Marsden III MBT_Blaze_8F76066D
15:51:05.871   -- actor isPlayer: True
15:51:05.871   -- visionAndSensors tooltip text is: <b>Visuals</b><size=90%> <color=#00FF00>773m</color> Scan:368m [Bright, Dense Fog]
<b>Sensors</b><size=90%> <color=#00FF00>540.00m</color> Multi:<color=#00FF00> x1.2</color> [Struct+Weapon]
  Total: <color=#00FF00>+7</color><size=90%> Roll: <color=#00FF00>+2</color> Tactics: <color=#00FF00>+3</color> AdvSen: <color=#00FF00>+2</color>
 
15:51:11.972 Updating icon tooltips for actor: Super Griffin_Pappystein_CDB452CE
15:51:11.972   -- actor isPlayer: True
15:51:11.972   -- visionAndSensors tooltip text is: <b>Visuals</b><size=90%> <color=#00FF00>857m</color> Scan:408m [Bright, Dense Fog]
<b>Sensors</b><size=90%> <color=#00FF00>882.00m</color> Multi:<color=#00FF00> x1.47</color> [Armor+WeapType]
  Total: <color=#00FF00>+5</color><size=90%> Roll: <color=#00FF00>+1</color> Tactics: <color=#00FF00>+4</color> AdvSen: <color=#00FF00>+0</color>
 
15:51:17.542 Updating icon tooltips for actor: Super Griffin_Pappystein_CDB452CE
15:51:17.542   -- actor isPlayer: True
15:51:17.542   -- visionAndSensors tooltip text is: <b>Visuals</b><size=90%> <color=#00FF00>857m</color> Scan:408m [Bright, Dense Fog]
<b>Sensors</b><size=90%> <color=#00FF00>882.00m</color> Multi:<color=#00FF00> x1.47</color> [Armor+WeapType]
  Total: <color=#00FF00>+5</color><size=90%> Roll: <color=#00FF00>+1</color> Tactics: <color=#00FF00>+4</color> AdvSen: <color=#00FF00>+0</color>
 
15:51:17.545 Updating icon tooltips for actor: Super Griffin_Pappystein_CDB452CE
15:51:17.545   -- actor isPlayer: True
15:51:17.545   -- visionAndSensors tooltip text is: <b>Visuals</b><size=90%> <color=#00FF00>857m</color> Scan:408m [Bright, Dense Fog]
<b>Sensors</b><size=90%> <color=#00FF00>882.00m</color> Multi:<color=#00FF00> x1.47</color> [Armor+WeapType]
  Total: <color=#00FF00>+5</color><size=90%> Roll: <color=#00FF00>+1</color> Tactics: <color=#00FF00>+4</color> AdvSen: <color=#00FF00>+0</color>
 
15:53:31.201 Updating icon tooltips for actor: Cataphract_Scorch_F9FAE558
15:53:31.201   -- actor isPlayer: True
15:53:31.201   -- visionAndSensors tooltip text is: <b>Visuals</b><size=90%> <color=#00FF00>840m</color> Scan:400m [Bright, Dense Fog]
<b>Sensors</b><size=90%> <color=#00FF00>720.00m</color> Multi:<color=#00FF00> x1.2</color> [Type]
  Total: <color=#00FF00>+2</color><size=90%> Roll: <color=#00FF00>+0</color> Tactics: <color=#00FF00>+2</color> AdvSen: <color=#00FF00>+0</color>
 <b>Zoom</b><size=90%> Mod: <color=#00FF00>-1</color> Cap: <color=#FF0000>+0</color> Range: 810m

15:53:41.595 Updating icon tooltips for actor: Cataphract_Scorch_F9FAE558
15:53:41.595   -- actor isPlayer: True
15:53:41.595   -- visionAndSensors tooltip text is: <b>Visuals</b><size=90%> <color=#00FF00>840m</color> Scan:400m [Bright, Dense Fog]
<b>Sensors</b><size=90%> <color=#00FF00>720.00m</color> Multi:<color=#00FF00> x1.2</color> [Type]
  Total: <color=#00FF00>+2</color><size=90%> Roll: <color=#00FF00>+0</color> Tactics: <color=#00FF00>+2</color> AdvSen: <color=#00FF00>+0</color>
 <b>Zoom</b><size=90%> Mod: <color=#00FF00>-1</color> Cap: <color=#FF0000>+0</color> Range: 810m

15:53:41.599 Updating icon tooltips for actor: Cataphract_Scorch_F9FAE558
15:53:41.599   -- actor isPlayer: True
15:53:41.599   -- visionAndSensors tooltip text is: <b>Visuals</b><size=90%> <color=#00FF00>840m</color> Scan:400m [Bright, Dense Fog]
<b>Sensors</b><size=90%> <color=#00FF00>720.00m</color> Multi:<color=#00FF00> x1.2</color> [Type]
  Total: <color=#00FF00>+2</color><size=90%> Roll: <color=#00FF00>+0</color> Tactics: <color=#00FF00>+2</color> AdvSen: <color=#00FF00>+0</color>
 <b>Zoom</b><size=90%> Mod: <color=#00FF00>-1</color> Cap: <color=#FF0000>+0</color> Range: 810m

15:54:02.762 Updating icon tooltips for actor: Avatar_Oddball_E325BAAE
15:54:02.762   -- actor isPlayer: True
15:54:02.762   -- visionAndSensors tooltip text is: <b>Visuals</b><size=90%> <color=#00FF00>840m</color> Scan:400m [Bright, Dense Fog]
<b>Sensors</b><size=90%> <color=#00FF00>720.00m</color> Multi:<color=#00FF00> x1.2</color> [Type]
  Total: <color=#00FF00>+2</color><size=90%> Roll: <color=#FF0000>-2</color> Tactics: <color=#00FF00>+3</color> AdvSen: <color=#00FF00>+1</color>
 <b>Thermals</b><size=90%> Mod: <color=#00FF00>-2</color> / 60 heat Range: 220m
<b>Zoom</b><size=90%> Mod: <color=#00FF00>-1</color> Cap: <color=#FF0000>+0</color> Range: 630m

15:54:08.789 Updating icon tooltips for actor: Avatar_Oddball_E325BAAE
15:54:08.789   -- actor isPlayer: True
15:54:08.789   -- visionAndSensors tooltip text is: <b>Visuals</b><size=90%> <color=#00FF00>840m</color> Scan:400m [Bright, Dense Fog]
<b>Sensors</b><size=90%> <color=#00FF00>720.00m</color> Multi:<color=#00FF00> x1.2</color> [Type]
  Total: <color=#00FF00>+2</color><size=90%> Roll: <color=#FF0000>-2</color> Tactics: <color=#00FF00>+3</color> AdvSen: <color=#00FF00>+1</color>
 <b>Thermals</b><size=90%> Mod: <color=#00FF00>-2</color> / 60 heat Range: 220m
<b>Zoom</b><size=90%> Mod: <color=#00FF00>-1</color> Cap: <color=#FF0000>+0</color> Range: 630m

15:54:08.791 Updating icon tooltips for actor: Avatar_Oddball_E325BAAE
15:54:08.791   -- actor isPlayer: True
15:54:08.792   -- visionAndSensors tooltip text is: <b>Visuals</b><size=90%> <color=#00FF00>840m</color> Scan:400m [Bright, Dense Fog]
<b>Sensors</b><size=90%> <color=#00FF00>720.00m</color> Multi:<color=#00FF00> x1.2</color> [Type]
  Total: <color=#00FF00>+2</color><size=90%> Roll: <color=#FF0000>-2</color> Tactics: <color=#00FF00>+3</color> AdvSen: <color=#00FF00>+1</color>
 <b>Thermals</b><size=90%> Mod: <color=#00FF00>-2</color> / 60 heat Range: 220m
<b>Zoom</b><size=90%> Mod: <color=#00FF00>-1</color> Cap: <color=#FF0000>+0</color> Range: 630m

15:54:18.430 Updating icon tooltips for actor: Trooper_Announcer_221E0761
15:54:18.430   -- actor isPlayer: True
15:54:18.430   -- visionAndSensors tooltip text is: <b>Visuals</b><size=90%> <color=#00FF00>840m</color> Scan:400m [Bright, Dense Fog]
<b>Sensors</b><size=90%> <color=#00FF00>960.00m</color> Multi:<color=#00FF00> x1.6</color> [All Info]
  Total: <color=#00FF00>+16</color><size=90%> Roll: <color=#00FF00>+0</color> Tactics: <color=#00FF00>+4</color> AdvSen: <color=#00FF00>+12</color>
 <b>Zoom</b><size=90%> Mod: <color=#00FF00>-1</color> Cap: <color=#FF0000>+0</color> Range: 1080m

15:54:26.181 Updating icon tooltips for actor: Trooper_Announcer_221E0761
15:54:26.181   -- actor isPlayer: True
15:54:26.181   -- visionAndSensors tooltip text is: <b>Visuals</b><size=90%> <color=#00FF00>840m</color> Scan:400m [Bright, Dense Fog]
<b>Sensors</b><size=90%> <color=#00FF00>960.00m</color> Multi:<color=#00FF00> x1.6</color> [All Info]
  Total: <color=#00FF00>+16</color><size=90%> Roll: <color=#00FF00>+0</color> Tactics: <color=#00FF00>+4</color> AdvSen: <color=#00FF00>+12</color>
 <b>Zoom</b><size=90%> Mod: <color=#00FF00>-1</color> Cap: <color=#FF0000>+0</color> Range: 1080m

15:54:26.184 Updating icon tooltips for actor: Trooper_Announcer_221E0761
15:54:26.184   -- actor isPlayer: True
15:54:26.184   -- visionAndSensors tooltip text is: <b>Visuals</b><size=90%> <color=#00FF00>840m</color> Scan:400m [Bright, Dense Fog]
<b>Sensors</b><size=90%> <color=#00FF00>960.00m</color> Multi:<color=#00FF00> x1.6</color> [All Info]
  Total: <color=#00FF00>+16</color><size=90%> Roll: <color=#00FF00>+0</color> Tactics: <color=#00FF00>+4</color> AdvSen: <color=#00FF00>+12</color>
 <b>Zoom</b><size=90%> Mod: <color=#00FF00>-1</color> Cap: <color=#FF0000>+0</color> Range: 1080m

15:54:37.260 Updating icon tooltips for actor: Spector_Caveman_B8CF8F2F
15:54:37.260   -- actor isPlayer: True
15:54:37.260   -- visionAndSensors tooltip text is: <b>Visuals</b><size=90%> <color=#00FF00>1008m</color> Scan:480m [Bright, Dense Fog]
<b>Sensors</b><size=90%> <color=#00FF00>870.00m</color> Multi:<color=#00FF00> x1.45</color> [Struct+Weapon]
  Total: <color=#00FF00>+6</color><size=90%> Roll: <color=#00FF00>+1</color> Tactics: <color=#00FF00>+2</color> AdvSen: <color=#00FF00>+3</color>
 
15:54:40.328 Updating icon tooltips for actor: Hollander_Pilot_A3C9A6F1
15:54:40.328   -- actor isPlayer: False
15:54:41.135 Updating icon tooltips for actor: Hollander_Pilot_A3C9A6F1
15:54:41.135   -- actor isPlayer: False
15:54:44.481 Updating icon tooltips for actor: Spector_Caveman_B8CF8F2F
15:54:44.481   -- actor isPlayer: True
15:54:44.481   -- visionAndSensors tooltip text is: <b>Visuals</b><size=90%> <color=#00FF00>1008m</color> Scan:480m [Bright, Dense Fog]
<b>Sensors</b><size=90%> <color=#00FF00>870.00m</color> Multi:<color=#00FF00> x1.45</color> [Struct+Weapon]
  Total: <color=#00FF00>+6</color><size=90%> Roll: <color=#00FF00>+1</color> Tactics: <color=#00FF00>+2</color> AdvSen: <color=#00FF00>+3</color>
 
15:54:48.185 Updating icon tooltips for actor: Valkyrie_Gunner_BBF6A7B1
15:54:48.185   -- actor isPlayer: False
15:54:48.832 Updating icon tooltips for actor: Valkyrie_Gunner_BBF6A7B1
15:54:48.832   -- actor isPlayer: False
15:54:56.238 Updating icon tooltips for actor: Valkyrie_Gunner_BBF6A7B1
15:54:56.238   -- actor isPlayer: False
15:54:56.760 Updating icon tooltips for actor: Spector_Caveman_B8CF8F2F
15:54:56.760   -- actor isPlayer: True
15:54:56.760   -- visionAndSensors tooltip text is: <b>Visuals</b><size=90%> <color=#00FF00>1008m</color> Scan:480m [Bright, Dense Fog]
<b>Sensors</b><size=90%> <color=#00FF00>870.00m</color> Multi:<color=#00FF00> x1.45</color> [Struct+Weapon]
  Total: <color=#00FF00>+6</color><size=90%> Roll: <color=#00FF00>+1</color> Tactics: <color=#00FF00>+2</color> AdvSen: <color=#00FF00>+3</color>
 
15:54:56.763 Updating icon tooltips for actor: Spector_Caveman_B8CF8F2F
15:54:56.763   -- actor isPlayer: True
15:54:56.764   -- visionAndSensors tooltip text is: <b>Visuals</b><size=90%> <color=#00FF00>1008m</color> Scan:480m [Bright, Dense Fog]
<b>Sensors</b><size=90%> <color=#00FF00>870.00m</color> Multi:<color=#00FF00> x1.45</color> [Struct+Weapon]
  Total: <color=#00FF00>+6</color><size=90%> Roll: <color=#00FF00>+1</color> Tactics: <color=#00FF00>+2</color> AdvSen: <color=#00FF00>+3</color>
 
15:54:59.242 Updating icon tooltips for actor: Valkyrie_Gunner_BBF6A7B1
15:54:59.242   -- actor isPlayer: False
15:55:02.038 Updating icon tooltips for actor: Valkyrie_Gunner_BBF6A7B1
15:55:02.038   -- actor isPlayer: False
15:55:02.340 Updating icon tooltips for actor: Valkyrie_Gunner_BBF6A7B1
15:55:02.340   -- actor isPlayer: False
15:55:02.675 Updating icon tooltips for actor: Valkyrie_Gunner_BBF6A7B1
15:55:02.675   -- actor isPlayer: False
15:55:02.698 Updating icon tooltips for actor: Valkyrie_Gunner_BBF6A7B1
15:55:02.698   -- actor isPlayer: False
15:55:03.761 Updating icon tooltips for actor: Valkyrie_Gunner_BBF6A7B1
15:55:03.761   -- actor isPlayer: False
15:55:05.513 Updating icon tooltips for actor: Toro_Virago_E5666DC7
15:55:05.513   -- actor isPlayer: True
15:55:05.513   -- visionAndSensors tooltip text is: <b>Visuals</b><size=90%> <color=#00FF00>957m</color> Scan:508m [Bright, Dense Fog]
<b>Sensors</b><size=90%> <color=#FF0000>642.00m</color> Multi:<color=#FF0000> x1.07</color> [No Info]
  Total: <color=#FF0000>-3</color><size=90%> Roll: <color=#FF0000>-7</color> Tactics: <color=#00FF00>+4</color> AdvSen: <color=#00FF00>+0</color>
 
15:55:08.142 Updating icon tooltips for actor: Toro_Virago_E5666DC7
15:55:08.142   -- actor isPlayer: True
15:55:08.142   -- visionAndSensors tooltip text is: <b>Visuals</b><size=90%> <color=#00FF00>957m</color> Scan:508m [Bright, Dense Fog]
<b>Sensors</b><size=90%> <color=#FF0000>642.00m</color> Multi:<color=#FF0000> x1.07</color> [No Info]
  Total: <color=#FF0000>-3</color><size=90%> Roll: <color=#FF0000>-7</color> Tactics: <color=#00FF00>+4</color> AdvSen: <color=#00FF00>+0</color>
 
15:55:08.145 Updating icon tooltips for actor: Toro_Virago_E5666DC7
15:55:08.145   -- actor isPlayer: True
15:55:08.145   -- visionAndSensors tooltip text is: <b>Visuals</b><size=90%> <color=#00FF00>957m</color> Scan:508m [Bright, Dense Fog]
<b>Sensors</b><size=90%> <color=#FF0000>642.00m</color> Multi:<color=#FF0000> x1.07</color> [No Info]
  Total: <color=#FF0000>-3</color><size=90%> Roll: <color=#FF0000>-7</color> Tactics: <color=#00FF00>+4</color> AdvSen: <color=#00FF00>+0</color>
 
15:55:09.638 Updating icon tooltips for actor: Valkyrie_Gunner_BBF6A7B1
15:55:09.638   -- actor isPlayer: False
15:55:10.076 Updating icon tooltips for actor: Valkyrie_Gunner_BBF6A7B1
15:55:10.076   -- actor isPlayer: False
15:55:13.882 Updating icon tooltips for actor: Valkyrie_Gunner_BBF6A7B1
15:55:13.882   -- actor isPlayer: False
15:55:14.145 Updating icon tooltips for actor: Valkyrie_Gunner_BBF6A7B1
15:55:14.145   -- actor isPlayer: False
15:55:14.398 Updating icon tooltips for actor: Valkyrie_Gunner_BBF6A7B1
15:55:14.398   -- actor isPlayer: False
15:55:14.414 Updating icon tooltips for actor: Valkyrie_Gunner_BBF6A7B1
15:55:14.414   -- actor isPlayer: False
15:55:14.430 Updating icon tooltips for actor: Valkyrie_Gunner_BBF6A7B1
15:55:14.430   -- actor isPlayer: False
15:55:14.445 Updating icon tooltips for actor: Valkyrie_Gunner_BBF6A7B1
15:55:14.445   -- actor isPlayer: False
15:55:14.459 Updating icon tooltips for actor: Valkyrie_Gunner_BBF6A7B1
15:55:14.459   -- actor isPlayer: False
15:55:14.474 Updating icon tooltips for actor: Valkyrie_Gunner_BBF6A7B1
15:55:14.474   -- actor isPlayer: False
15:55:14.489 Updating icon tooltips for actor: Valkyrie_Gunner_BBF6A7B1
15:55:14.489   -- actor isPlayer: False
15:55:14.504 Updating icon tooltips for actor: Valkyrie_Gunner_BBF6A7B1
15:55:14.504   -- actor isPlayer: False
15:55:14.518 Updating icon tooltips for actor: Valkyrie_Gunner_BBF6A7B1
15:55:14.518   -- actor isPlayer: False
15:55:14.533 Updating icon tooltips for actor: Valkyrie_Gunner_BBF6A7B1
15:55:14.533   -- actor isPlayer: False
15:55:14.548 Updating icon tooltips for actor: Valkyrie_Gunner_BBF6A7B1
15:55:14.548   -- actor isPlayer: False
15:55:16.285 Updating icon tooltips for actor: Valkyrie_Gunner_BBF6A7B1
15:55:16.285   -- actor isPlayer: False
15:55:22.763 Updating icon tooltips for actor: Archer_Commando_9D156E66
15:55:22.763   -- actor isPlayer: True
15:55:22.763   -- visionAndSensors tooltip text is: <b>Visuals</b><size=90%> <color=#00FF00>1107m</color> Scan:658m [Bright, Dense Fog]
<b>Sensors</b><size=90%> <color=#00FF00>762.00m</color> Multi:<color=#00FF00> x1.27</color> [Armor+WeapType]
  Total: <color=#00FF00>+3</color><size=90%> Roll: <color=#00FF00>+1</color> Tactics: <color=#00FF00>+2</color> AdvSen: <color=#00FF00>+0</color>
 
15:55:25.986 Updating icon tooltips for actor: Flea_Fire Priestess_248ABC36
15:55:25.986   -- actor isPlayer: True
15:55:25.986   -- visionAndSensors tooltip text is: <b>Visuals</b><size=90%> <color=#00FF00>1221m</color> Scan:660m [Bright, Dense Fog]
<b>Sensors</b><size=90%> <color=#00FF00>1005.00m</color> Multi:<color=#00FF00> x1.675</color> [Armor+WeapType]
  Total: <color=#00FF00>+3</color><size=90%> Roll: <color=#FF0000>-2</color> Tactics: <color=#00FF00>+5</color> AdvSen: <color=#00FF00>+0</color>
 
15:55:35.000 Updating icon tooltips for actor: Flea_Fire Priestess_248ABC36
15:55:35.000   -- actor isPlayer: True
15:55:35.000   -- visionAndSensors tooltip text is: <b>Visuals</b><size=90%> <color=#00FF00>1221m</color> Scan:660m [Bright, Dense Fog]
<b>Sensors</b><size=90%> <color=#00FF00>1005.00m</color> Multi:<color=#00FF00> x1.675</color> [Armor+WeapType]
  Total: <color=#00FF00>+3</color><size=90%> Roll: <color=#FF0000>-2</color> Tactics: <color=#00FF00>+5</color> AdvSen: <color=#00FF00>+0</color>
 
15:55:37.988 Updating icon tooltips for actor: Hollander_Pilot_A3C9A6F1
15:55:37.988   -- actor isPlayer: False
15:55:38.689 Updating icon tooltips for actor: Hollander_Pilot_A3C9A6F1
15:55:38.689   -- actor isPlayer: False
15:55:40.670 Updating icon tooltips for actor: Hollander_Pilot_A3C9A6F1
15:55:40.670   -- actor isPlayer: False
15:55:44.197 Updating icon tooltips for actor: Razorback_Defender_EF01A5C3
15:55:44.197   -- actor isPlayer: False
15:55:45.190 Updating icon tooltips for actor: Razorback_Defender_EF01A5C3
15:55:45.190   -- actor isPlayer: False
15:55:45.293 Updating icon tooltips for actor: Razorback_Defender_EF01A5C3
15:55:45.293   -- actor isPlayer: False
15:55:48.961 Updating icon tooltips for actor: Commando_Gunner_D7EE0657
15:55:48.961   -- actor isPlayer: False
15:55:49.713 Updating icon tooltips for actor: Commando_Gunner_D7EE0657
15:55:49.713   -- actor isPlayer: False
15:55:51.562 Updating icon tooltips for actor: Commando_Gunner_D7EE0657
15:55:51.562   -- actor isPlayer: False
15:55:51.570 Updating icon tooltips for actor: Commando_Gunner_D7EE0657
15:55:51.570   -- actor isPlayer: False
15:55:51.677 Updating icon tooltips for actor: Commando_Gunner_D7EE0657
15:55:51.677   -- actor isPlayer: False
15:55:53.879 Updating icon tooltips for actor: Commando_Gunner_D7EE0657
15:55:53.879   -- actor isPlayer: False
15:55:54.419 Updating icon tooltips for actor: Flea_Fire Priestess_248ABC36
15:55:54.419   -- actor isPlayer: True
15:55:54.419   -- visionAndSensors tooltip text is: <b>Visuals</b><size=90%> <color=#00FF00>1221m</color> Scan:660m [Bright, Dense Fog]
<b>Sensors</b><size=90%> <color=#00FF00>1005.00m</color> Multi:<color=#00FF00> x1.675</color> [Armor+WeapType]
  Total: <color=#00FF00>+3</color><size=90%> Roll: <color=#FF0000>-2</color> Tactics: <color=#00FF00>+5</color> AdvSen: <color=#00FF00>+0</color>
 
15:55:54.422 Updating icon tooltips for actor: Flea_Fire Priestess_248ABC36
15:55:54.422   -- actor isPlayer: True
15:55:54.422   -- visionAndSensors tooltip text is: <b>Visuals</b><size=90%> <color=#00FF00>1221m</color> Scan:660m [Bright, Dense Fog]
<b>Sensors</b><size=90%> <color=#00FF00>1005.00m</color> Multi:<color=#00FF00> x1.675</color> [Armor+WeapType]
  Total: <color=#00FF00>+3</color><size=90%> Roll: <color=#FF0000>-2</color> Tactics: <color=#00FF00>+5</color> AdvSen: <color=#00FF00>+0</color>
 
15:56:01.173 Updating icon tooltips for actor: Commando_Gunner_D7EE0657
15:56:01.173   -- actor isPlayer: False
15:56:01.542 Updating icon tooltips for actor: Commando_Gunner_D7EE0657
15:56:01.542   -- actor isPlayer: False
15:56:01.785 Updating icon tooltips for actor: Commando_Gunner_D7EE0657
15:56:01.785   -- actor isPlayer: False
15:56:01.802 Updating icon tooltips for actor: Commando_Gunner_D7EE0657
15:56:01.802   -- actor isPlayer: False
15:56:01.818 Updating icon tooltips for actor: Commando_Gunner_D7EE0657
15:56:01.818   -- actor isPlayer: False
15:56:03.066 Updating icon tooltips for actor: Commando_Gunner_D7EE0657
15:56:03.066   -- actor isPlayer: False
15:56:04.890 Updating icon tooltips for actor: Avatar_Oddball_E325BAAE
15:56:04.890   -- actor isPlayer: True
15:56:04.890   -- visionAndSensors tooltip text is: <b>Visuals</b><size=90%> <color=#00FF00>840m</color> Scan:400m [Bright, Dense Fog]
<b>Sensors</b><size=90%> <color=#00FF00>870.00m</color> Multi:<color=#00FF00> x1.45</color> [Struct+Weapon]
  Total: <color=#00FF00>+7</color><size=90%> Roll: <color=#00FF00>+3</color> Tactics: <color=#00FF00>+3</color> AdvSen: <color=#00FF00>+1</color>
 <b>Thermals</b><size=90%> Mod: <color=#00FF00>-2</color> / 60 heat Range: 220m
<b>Zoom</b><size=90%> Mod: <color=#00FF00>-1</color> Cap: <color=#FF0000>+0</color> Range: 630m

15:56:07.983 Updating icon tooltips for actor: Commando_Defender_212B673A
15:56:07.983   -- actor isPlayer: False
15:56:09.766 Updating icon tooltips for actor: Commando_Defender_212B673A
15:56:09.766   -- actor isPlayer: False
15:56:09.870 Updating icon tooltips for actor: Commando_Defender_212B673A
15:56:09.870   -- actor isPlayer: False
15:56:12.958 Updating icon tooltips for actor: Warrior H7 Fusion_Boomer_5E1110A2
15:56:12.958   -- actor isPlayer: True
15:56:12.958   -- visionAndSensors tooltip text is: <b>Visuals</b><size=90%> <color=#00FF00>672m</color> Scan:320m [Bright, Dense Fog]
<b>Sensors</b><size=90%> <color=#00FF00>531.00m</color> Multi:<color=#00FF00> x1.18</color> [Armor+WeapType]
  Total: <color=#00FF00>+5</color><size=90%> Roll: <color=#00FF00>+0</color> Tactics: <color=#00FF00>+3</color> AdvSen: <color=#00FF00>+2</color>
 
15:56:16.657 Updating icon tooltips for actor: Warrior H7 Fusion_Boomer_5E1110A2
15:56:16.657   -- actor isPlayer: True
15:56:16.657   -- visionAndSensors tooltip text is: <b>Visuals</b><size=90%> <color=#00FF00>672m</color> Scan:320m [Bright, Dense Fog]
<b>Sensors</b><size=90%> <color=#00FF00>531.00m</color> Multi:<color=#00FF00> x1.18</color> [Armor+WeapType]
  Total: <color=#00FF00>+5</color><size=90%> Roll: <color=#00FF00>+0</color> Tactics: <color=#00FF00>+3</color> AdvSen: <color=#00FF00>+2</color>
 
15:56:16.658 Updating icon tooltips for actor: Warrior H7 Fusion_Boomer_5E1110A2
15:56:16.658   -- actor isPlayer: True
15:56:16.659   -- visionAndSensors tooltip text is: <b>Visuals</b><size=90%> <color=#00FF00>672m</color> Scan:320m [Bright, Dense Fog]
<b>Sensors</b><size=90%> <color=#00FF00>531.00m</color> Multi:<color=#00FF00> x1.18</color> [Armor+WeapType]
  Total: <color=#00FF00>+5</color><size=90%> Roll: <color=#00FF00>+0</color> Tactics: <color=#00FF00>+3</color> AdvSen: <color=#00FF00>+2</color>
 
15:56:26.244 Updating icon tooltips for actor: Uziel_Pilot_702475B7
15:56:26.244   -- actor isPlayer: False
15:56:27.152 Updating icon tooltips for actor: Uziel_Pilot_702475B7
15:56:27.152   -- actor isPlayer: False
15:56:29.329 Updating icon tooltips for actor: Uziel_Pilot_702475B7
15:56:29.329   -- actor isPlayer: False
15:56:32.408 Updating icon tooltips for actor: Commando_Defender_212B673A
15:56:32.408   -- actor isPlayer: False
15:56:36.541 Updating icon tooltips for actor: Commando_Defender_212B673A
15:56:36.541   -- actor isPlayer: False
15:56:37.566 Updating icon tooltips for actor: Commando_Defender_212B673A
15:56:37.566   -- actor isPlayer: False
15:56:37.934 Updating icon tooltips for actor: Commando_Defender_212B673A
15:56:37.934   -- actor isPlayer: False
15:56:37.969 Updating icon tooltips for actor: Commando_Defender_212B673A
15:56:37.969   -- actor isPlayer: False
15:56:37.983 Updating icon tooltips for actor: Commando_Defender_212B673A
15:56:37.983   -- actor isPlayer: False
15:56:39.328 Updating icon tooltips for actor: Commando_Defender_212B673A
15:56:39.328   -- actor isPlayer: False
15:56:42.762 Updating icon tooltips for actor: Archer_Commando_9D156E66
15:56:42.762   -- actor isPlayer: True
15:56:42.762   -- visionAndSensors tooltip text is: <b>Visuals</b><size=90%> <color=#00FF00>1107m</color> Scan:658m [Bright, Dense Fog]
<b>Sensors</b><size=90%> <color=#00FF00>762.00m</color> Multi:<color=#00FF00> x1.27</color> [Armor+WeapType]
  Total: <color=#00FF00>+3</color><size=90%> Roll: <color=#00FF00>+1</color> Tactics: <color=#00FF00>+2</color> AdvSen: <color=#00FF00>+0</color>
 
15:56:48.270 Updating icon tooltips for actor: Archer_Commando_9D156E66
15:56:48.270   -- actor isPlayer: True
15:56:48.270   -- visionAndSensors tooltip text is: <b>Visuals</b><size=90%> <color=#00FF00>1107m</color> Scan:658m [Bright, Dense Fog]
<b>Sensors</b><size=90%> <color=#00FF00>762.00m</color> Multi:<color=#00FF00> x1.27</color> [Armor+WeapType]
  Total: <color=#00FF00>+3</color><size=90%> Roll: <color=#00FF00>+1</color> Tactics: <color=#00FF00>+2</color> AdvSen: <color=#00FF00>+0</color>
 
15:56:52.405 Updating icon tooltips for actor: Drillson Hover Tank 3058_Phantom_B42EA726
15:56:52.405   -- actor isPlayer: True
15:56:52.405   -- visionAndSensors tooltip text is: <b>Visuals</b><size=90%> <color=#00FF00>773m</color> Scan:368m [Bright, Dense Fog]
<b>Sensors</b><size=90%> <color=#00FF00>405.00m</color> Multi:<color=#00FF00> x0.9</color> [Type]
  Total: <color=#00FF00>+2</color><size=90%> Roll: <color=#FF0000>-2</color> Tactics: <color=#00FF00>+2</color> AdvSen: <color=#00FF00>+2</color>
 
15:57:04.055 Updating icon tooltips for actor: Drillson Hover Tank 3058_Phantom_B42EA726
15:57:04.055   -- actor isPlayer: True
15:57:04.055   -- visionAndSensors tooltip text is: <b>Visuals</b><size=90%> <color=#00FF00>773m</color> Scan:368m [Bright, Dense Fog]
<b>Sensors</b><size=90%> <color=#00FF00>405.00m</color> Multi:<color=#00FF00> x0.9</color> [Type]
  Total: <color=#00FF00>+2</color><size=90%> Roll: <color=#FF0000>-2</color> Tactics: <color=#00FF00>+2</color> AdvSen: <color=#00FF00>+2</color>
 
15:57:09.645 Updating icon tooltips for actor: Archer_Commando_9D156E66
15:57:09.645   -- actor isPlayer: True
15:57:09.645   -- visionAndSensors tooltip text is: <b>Visuals</b><size=90%> <color=#00FF00>1107m</color> Scan:658m [Bright, Dense Fog]
<b>Sensors</b><size=90%> <color=#00FF00>762.00m</color> Multi:<color=#00FF00> x1.27</color> [Armor+WeapType]
  Total: <color=#00FF00>+3</color><size=90%> Roll: <color=#00FF00>+1</color> Tactics: <color=#00FF00>+2</color> AdvSen: <color=#00FF00>+0</color>
 
15:57:19.251 Updating icon tooltips for actor: Toro_Virago_E5666DC7
15:57:19.251   -- actor isPlayer: True
15:57:19.251   -- visionAndSensors tooltip text is: <b>Visuals</b><size=90%> <color=#00FF00>957m</color> Scan:508m [Bright, Dense Fog]
<b>Sensors</b><size=90%> <color=#FF0000>642.00m</color> Multi:<color=#FF0000> x1.07</color> [No Info]
  Total: <color=#FF0000>-3</color><size=90%> Roll: <color=#FF0000>-7</color> Tactics: <color=#00FF00>+4</color> AdvSen: <color=#00FF00>+0</color>
 
15:57:19.584 Updating icon tooltips for actor: Toro_Virago_E5666DC7
15:57:19.584   -- actor isPlayer: True
15:57:19.584   -- visionAndSensors tooltip text is: <b>Visuals</b><size=90%> <color=#00FF00>957m</color> Scan:508m [Bright, Dense Fog]
<b>Sensors</b><size=90%> <color=#FF0000>642.00m</color> Multi:<color=#FF0000> x1.07</color> [No Info]
  Total: <color=#FF0000>-3</color><size=90%> Roll: <color=#FF0000>-7</color> Tactics: <color=#00FF00>+4</color> AdvSen: <color=#00FF00>+0</color>
 
15:57:22.356 Updating icon tooltips for actor: Razorback_Defender_EF01A5C3
15:57:22.356   -- actor isPlayer: False
15:57:24.075 Updating icon tooltips for actor: Razorback_Defender_EF01A5C3
15:57:24.075   -- actor isPlayer: False
15:57:24.475 Updating icon tooltips for actor: Razorback_Defender_EF01A5C3
15:57:24.475   -- actor isPlayer: False
15:57:24.992 Updating icon tooltips for actor: Archer_Commando_9D156E66
15:57:24.992   -- actor isPlayer: True
15:57:24.992   -- visionAndSensors tooltip text is: <b>Visuals</b><size=90%> <color=#00FF00>1107m</color> Scan:658m [Bright, Dense Fog]
<b>Sensors</b><size=90%> <color=#00FF00>762.00m</color> Multi:<color=#00FF00> x1.27</color> [Armor+WeapType]
  Total: <color=#00FF00>+3</color><size=90%> Roll: <color=#00FF00>+1</color> Tactics: <color=#00FF00>+2</color> AdvSen: <color=#00FF00>+0</color>
 
15:57:27.166 Updating icon tooltips for actor: Razorback_Defender_EF01A5C3
15:57:27.166   -- actor isPlayer: False
15:57:29.612 Updating icon tooltips for actor: Valkyrie II_Shade_655D02FD
15:57:29.612   -- actor isPlayer: True
15:57:29.612   -- visionAndSensors tooltip text is: <b>Visuals</b><size=90%> <color=#00FF00>1066m</color> Scan:560m [Bright, Dense Fog]
<b>Sensors</b><size=90%> <color=#00FF00>913.20m</color> Multi:<color=#00FF00> x1.522</color> [Struct+Weapon]
  Total: <color=#00FF00>+7</color><size=90%> Roll: <color=#00FF00>+2</color> Tactics: <color=#00FF00>+3</color> AdvSen: <color=#00FF00>+2</color>
 
15:57:34.484 Updating icon tooltips for actor: Valkyrie II_Shade_655D02FD
15:57:34.484   -- actor isPlayer: True
15:57:34.484   -- visionAndSensors tooltip text is: <b>Visuals</b><size=90%> <color=#00FF00>1066m</color> Scan:560m [Bright, Dense Fog]
<b>Sensors</b><size=90%> <color=#00FF00>913.20m</color> Multi:<color=#00FF00> x1.522</color> [Struct+Weapon]
  Total: <color=#00FF00>+7</color><size=90%> Roll: <color=#00FF00>+2</color> Tactics: <color=#00FF00>+3</color> AdvSen: <color=#00FF00>+2</color>
 
15:57:34.487 Updating icon tooltips for actor: Valkyrie II_Shade_655D02FD
15:57:34.487   -- actor isPlayer: True
15:57:34.487   -- visionAndSensors tooltip text is: <b>Visuals</b><size=90%> <color=#00FF00>1066m</color> Scan:560m [Bright, Dense Fog]
<b>Sensors</b><size=90%> <color=#00FF00>913.20m</color> Multi:<color=#00FF00> x1.522</color> [Struct+Weapon]
  Total: <color=#00FF00>+7</color><size=90%> Roll: <color=#00FF00>+2</color> Tactics: <color=#00FF00>+3</color> AdvSen: <color=#00FF00>+2</color>
 
15:57:36.233 Updating icon tooltips for actor: Commando_Defender_212B673A
15:57:36.233   -- actor isPlayer: False
15:57:36.771 Updating icon tooltips for actor: Commando_Defender_212B673A
15:57:36.771   -- actor isPlayer: False
15:57:38.548 Updating icon tooltips for actor: Commando_Defender_212B673A
15:57:38.548   -- actor isPlayer: False
15:57:38.747 Updating icon tooltips for actor: Commando_Defender_212B673A
15:57:38.747   -- actor isPlayer: False
15:57:39.148 Updating icon tooltips for actor: Commando_Defender_212B673A
15:57:39.148   -- actor isPlayer: False
15:57:39.163 Updating icon tooltips for actor: Commando_Defender_212B673A
15:57:39.163   -- actor isPlayer: False
15:57:40.559 Updating icon tooltips for actor: Commando_Defender_212B673A
15:57:40.559   -- actor isPlayer: False
15:57:57.501 Updating icon tooltips for actor: Valkyrie II_Shade_655D02FD
15:57:57.501   -- actor isPlayer: True
15:57:57.501   -- visionAndSensors tooltip text is: <b>Visuals</b><size=90%> <color=#00FF00>1066m</color> Scan:560m [Bright, Dense Fog]
<b>Sensors</b><size=90%> <color=#00FF00>913.20m</color> Multi:<color=#00FF00> x1.522</color> [Struct+Weapon]
  Total: <color=#00FF00>+7</color><size=90%> Roll: <color=#00FF00>+2</color> Tactics: <color=#00FF00>+3</color> AdvSen: <color=#00FF00>+2</color>
 
15:58:02.288 Updating icon tooltips for actor: Valkyrie II_Shade_655D02FD
15:58:02.288   -- actor isPlayer: True
15:58:02.288   -- visionAndSensors tooltip text is: <b>Visuals</b><size=90%> <color=#00FF00>1066m</color> Scan:560m [Bright, Dense Fog]
<b>Sensors</b><size=90%> <color=#00FF00>913.20m</color> Multi:<color=#00FF00> x1.522</color> [Struct+Weapon]
  Total: <color=#00FF00>+7</color><size=90%> Roll: <color=#00FF00>+2</color> Tactics: <color=#00FF00>+3</color> AdvSen: <color=#00FF00>+2</color>
 
15:58:02.823 Updating icon tooltips for actor: Valkyrie II_Shade_655D02FD
15:58:02.823   -- actor isPlayer: True
15:58:02.823   -- visionAndSensors tooltip text is: <b>Visuals</b><size=90%> <color=#00FF00>1066m</color> Scan:560m [Bright, Dense Fog]
<b>Sensors</b><size=90%> <color=#00FF00>913.20m</color> Multi:<color=#00FF00> x1.522</color> [Struct+Weapon]
  Total: <color=#00FF00>+7</color><size=90%> Roll: <color=#00FF00>+2</color> Tactics: <color=#00FF00>+3</color> AdvSen: <color=#00FF00>+2</color>
 
15:59:09.858 Updating icon tooltips for actor: Archer_Commando_9D156E66
15:59:09.858   -- actor isPlayer: True
15:59:09.858   -- visionAndSensors tooltip text is: <b>Visuals</b><size=90%> <color=#00FF00>1107m</color> Scan:658m [Bright, Dense Fog]
<b>Sensors</b><size=90%> <color=#00FF00>762.00m</color> Multi:<color=#00FF00> x1.27</color> [Armor+WeapType]
  Total: <color=#00FF00>+3</color><size=90%> Roll: <color=#00FF00>+1</color> Tactics: <color=#00FF00>+2</color> AdvSen: <color=#00FF00>+0</color>
 
15:59:20.561 Updating icon tooltips for actor: Archer_Commando_9D156E66
15:59:20.561   -- actor isPlayer: True
15:59:20.561   -- visionAndSensors tooltip text is: <b>Visuals</b><size=90%> <color=#00FF00>1107m</color> Scan:658m [Bright, Dense Fog]
<b>Sensors</b><size=90%> <color=#00FF00>762.00m</color> Multi:<color=#00FF00> x1.27</color> [Armor+WeapType]
  Total: <color=#00FF00>+3</color><size=90%> Roll: <color=#00FF00>+1</color> Tactics: <color=#00FF00>+2</color> AdvSen: <color=#00FF00>+0</color>
 
15:59:20.564 Updating icon tooltips for actor: Archer_Commando_9D156E66
15:59:20.564   -- actor isPlayer: True
15:59:20.564   -- visionAndSensors tooltip text is: <b>Visuals</b><size=90%> <color=#00FF00>1107m</color> Scan:658m [Bright, Dense Fog]
<b>Sensors</b><size=90%> <color=#00FF00>762.00m</color> Multi:<color=#00FF00> x1.27</color> [Armor+WeapType]
  Total: <color=#00FF00>+3</color><size=90%> Roll: <color=#00FF00>+1</color> Tactics: <color=#00FF00>+2</color> AdvSen: <color=#00FF00>+0</color>
 
15:59:24.290 Updating icon tooltips for actor: Bandit G_Gunner_89BBB8C1
15:59:24.290   -- actor isPlayer: False
15:59:25.236 Updating icon tooltips for actor: Bandit G_Gunner_89BBB8C1
15:59:25.236   -- actor isPlayer: False
15:59:26.370 Updating icon tooltips for actor: Bandit G_Gunner_89BBB8C1
15:59:26.370   -- actor isPlayer: False
15:59:26.990 Updating icon tooltips for actor: Bandit G_Gunner_89BBB8C1
15:59:26.990   -- actor isPlayer: False
15:59:27.142 Updating icon tooltips for actor: Bandit G_Gunner_89BBB8C1
15:59:27.142   -- actor isPlayer: False
15:59:27.203 Updating icon tooltips for actor: Bandit G_Gunner_89BBB8C1
15:59:27.203   -- actor isPlayer: False
15:59:27.463 Updating icon tooltips for actor: Bandit G_Gunner_89BBB8C1
15:59:27.463   -- actor isPlayer: False
15:59:27.669 Updating icon tooltips for actor: Bandit G_Gunner_89BBB8C1
15:59:27.669   -- actor isPlayer: False
15:59:27.720 Updating icon tooltips for actor: Bandit G_Gunner_89BBB8C1
15:59:27.720   -- actor isPlayer: False
15:59:27.736 Updating icon tooltips for actor: Bandit G_Gunner_89BBB8C1
15:59:27.736   -- actor isPlayer: False
15:59:27.751 Updating icon tooltips for actor: Bandit G_Gunner_89BBB8C1
15:59:27.751   -- actor isPlayer: False
15:59:27.766 Updating icon tooltips for actor: Bandit G_Gunner_89BBB8C1
15:59:27.766   -- actor isPlayer: False
15:59:27.781 Updating icon tooltips for actor: Bandit G_Gunner_89BBB8C1
15:59:27.781   -- actor isPlayer: False
15:59:27.808 Updating icon tooltips for actor: Bandit G_Gunner_89BBB8C1
15:59:27.808   -- actor isPlayer: False
15:59:27.822 Updating icon tooltips for actor: Bandit G_Gunner_89BBB8C1
15:59:27.822   -- actor isPlayer: False
15:59:29.226 Updating icon tooltips for actor: Bandit G_Gunner_89BBB8C1
15:59:29.226   -- actor isPlayer: False
15:59:35.739 Updating icon tooltips for actor: Warrior H7 Fusion_Boomer_5E1110A2
15:59:35.739   -- actor isPlayer: True
15:59:35.739   -- visionAndSensors tooltip text is: <b>Visuals</b><size=90%> <color=#00FF00>672m</color> Scan:320m [Bright, Dense Fog]
<b>Sensors</b><size=90%> <color=#00FF00>531.00m</color> Multi:<color=#00FF00> x1.18</color> [Armor+WeapType]
  Total: <color=#00FF00>+5</color><size=90%> Roll: <color=#00FF00>+0</color> Tactics: <color=#00FF00>+3</color> AdvSen: <color=#00FF00>+2</color>
 
15:59:42.901 Updating icon tooltips for actor: Drillson Hover Tank 3058_Phantom_B42EA726
15:59:42.901   -- actor isPlayer: True
15:59:42.902   -- visionAndSensors tooltip text is: <b>Visuals</b><size=90%> <color=#00FF00>773m</color> Scan:368m [Bright, Dense Fog]
<b>Sensors</b><size=90%> <color=#00FF00>405.00m</color> Multi:<color=#00FF00> x0.9</color> [Type]
  Total: <color=#00FF00>+2</color><size=90%> Roll: <color=#FF0000>-2</color> Tactics: <color=#00FF00>+2</color> AdvSen: <color=#00FF00>+2</color>
 
15:59:57.440 Updating icon tooltips for actor: Drillson Hover Tank 3058_Phantom_B42EA726
15:59:57.440   -- actor isPlayer: True
15:59:57.440   -- visionAndSensors tooltip text is: <b>Visuals</b><size=90%> <color=#00FF00>773m</color> Scan:368m [Bright, Dense Fog]
<b>Sensors</b><size=90%> <color=#00FF00>405.00m</color> Multi:<color=#00FF00> x0.9</color> [Type]
  Total: <color=#00FF00>+2</color><size=90%> Roll: <color=#FF0000>-2</color> Tactics: <color=#00FF00>+2</color> AdvSen: <color=#00FF00>+2</color>
 
15:59:57.442 Updating icon tooltips for actor: Drillson Hover Tank 3058_Phantom_B42EA726
15:59:57.442   -- actor isPlayer: True
15:59:57.442   -- visionAndSensors tooltip text is: <b>Visuals</b><size=90%> <color=#00FF00>773m</color> Scan:368m [Bright, Dense Fog]
<b>Sensors</b><size=90%> <color=#00FF00>405.00m</color> Multi:<color=#00FF00> x0.9</color> [Type]
  Total: <color=#00FF00>+2</color><size=90%> Roll: <color=#FF0000>-2</color> Tactics: <color=#00FF00>+2</color> AdvSen: <color=#00FF00>+2</color>
 
15:59:59.602 Updating icon tooltips for actor: Vulcan_Gunner_EC1ABF44
15:59:59.602   -- actor isPlayer: False
15:59:59.797 Updating icon tooltips for actor: Vulcan_Gunner_EC1ABF44
15:59:59.797   -- actor isPlayer: False
16:00:09.909 Updating icon tooltips for actor: Vulcan_Gunner_EC1ABF44
16:00:09.909   -- actor isPlayer: False
16:00:10.004 Updating icon tooltips for actor: Vulcan_Gunner_EC1ABF44
16:00:10.004   -- actor isPlayer: False
16:00:10.798 Updating icon tooltips for actor: Vulcan_Gunner_EC1ABF44
16:00:10.798   -- actor isPlayer: False
16:00:10.888 Updating icon tooltips for actor: Vulcan_Gunner_EC1ABF44
16:00:10.888   -- actor isPlayer: False
16:00:10.904 Updating icon tooltips for actor: Vulcan_Gunner_EC1ABF44
16:00:10.904   -- actor isPlayer: False
16:00:11.053 Updating icon tooltips for actor: Vulcan_Gunner_EC1ABF44
16:00:11.053   -- actor isPlayer: False
16:00:11.459 Updating icon tooltips for actor: Vulcan_Gunner_EC1ABF44
16:00:11.459   -- actor isPlayer: False
16:00:11.474 Updating icon tooltips for actor: Vulcan_Gunner_EC1ABF44
16:00:11.474   -- actor isPlayer: False
16:00:11.533 Updating icon tooltips for actor: Vulcan_Gunner_EC1ABF44
16:00:11.533   -- actor isPlayer: False
16:00:11.584 Updating icon tooltips for actor: Vulcan_Gunner_EC1ABF44
16:00:11.584   -- actor isPlayer: False
16:00:11.636 Updating icon tooltips for actor: Vulcan_Gunner_EC1ABF44
16:00:11.636   -- actor isPlayer: False
16:00:11.683 Updating icon tooltips for actor: Vulcan_Gunner_EC1ABF44
16:00:11.683   -- actor isPlayer: False
16:00:11.854 Updating icon tooltips for actor: Vulcan_Gunner_EC1ABF44
16:00:11.854   -- actor isPlayer: False
16:00:11.902 Updating icon tooltips for actor: Vulcan_Gunner_EC1ABF44
16:00:11.902   -- actor isPlayer: False
16:00:11.951 Updating icon tooltips for actor: Vulcan_Gunner_EC1ABF44
16:00:11.951   -- actor isPlayer: False
16:00:11.968 Updating icon tooltips for actor: Vulcan_Gunner_EC1ABF44
16:00:11.968   -- actor isPlayer: False
16:00:12.114 Updating icon tooltips for actor: Vulcan_Gunner_EC1ABF44
16:00:12.114   -- actor isPlayer: False
16:00:12.162 Updating icon tooltips for actor: Vulcan_Gunner_EC1ABF44
16:00:12.162   -- actor isPlayer: False
16:00:12.176 Updating icon tooltips for actor: Vulcan_Gunner_EC1ABF44
16:00:12.176   -- actor isPlayer: False
16:00:13.526 Updating icon tooltips for actor: Vulcan_Gunner_EC1ABF44
16:00:13.526   -- actor isPlayer: False
16:00:15.977 Updating icon tooltips for actor: Vulcan_Gunner_EC1ABF44
16:00:15.977   -- actor isPlayer: False
16:00:19.313 Updating icon tooltips for actor: Archer_Commando_9D156E66
16:00:19.313   -- actor isPlayer: True
16:00:19.313   -- visionAndSensors tooltip text is: <b>Visuals</b><size=90%> <color=#00FF00>1107m</color> Scan:658m [Bright, Dense Fog]
<b>Sensors</b><size=90%> <color=#00FF00>762.00m</color> Multi:<color=#00FF00> x1.27</color> [Armor+WeapType]
  Total: <color=#00FF00>+3</color><size=90%> Roll: <color=#00FF00>+1</color> Tactics: <color=#00FF00>+2</color> AdvSen: <color=#00FF00>+0</color>
 
16:00:19.699 Updating icon tooltips for actor: Archer_Commando_9D156E66
16:00:19.699   -- actor isPlayer: True
16:00:19.699   -- visionAndSensors tooltip text is: <b>Visuals</b><size=90%> <color=#00FF00>1107m</color> Scan:658m [Bright, Dense Fog]
<b>Sensors</b><size=90%> <color=#00FF00>762.00m</color> Multi:<color=#00FF00> x1.27</color> [Armor+WeapType]
  Total: <color=#00FF00>+3</color><size=90%> Roll: <color=#00FF00>+1</color> Tactics: <color=#00FF00>+2</color> AdvSen: <color=#00FF00>+0</color>
 
16:00:20.011 Updating icon tooltips for actor: Archer_Commando_9D156E66
16:00:20.011   -- actor isPlayer: True
16:00:20.011   -- visionAndSensors tooltip text is: <b>Visuals</b><size=90%> <color=#00FF00>1107m</color> Scan:658m [Bright, Dense Fog]
<b>Sensors</b><size=90%> <color=#00FF00>762.00m</color> Multi:<color=#00FF00> x1.27</color> [Armor+WeapType]
  Total: <color=#00FF00>+3</color><size=90%> Roll: <color=#00FF00>+1</color> Tactics: <color=#00FF00>+2</color> AdvSen: <color=#00FF00>+0</color>
 
16:00:24.108 Updating icon tooltips for actor: Vulcan_Gunner_EC1ABF44
16:00:24.108   -- actor isPlayer: False
16:00:26.314 Updating icon tooltips for actor: Vulcan_Gunner_EC1ABF44
16:00:26.314   -- actor isPlayer: False
16:00:31.466 Updating icon tooltips for actor: Archer_Commando_9D156E66
16:00:31.466   -- actor isPlayer: True
16:00:31.466   -- visionAndSensors tooltip text is: <b>Visuals</b><size=90%> <color=#00FF00>1107m</color> Scan:658m [Bright, Dense Fog]
<b>Sensors</b><size=90%> <color=#00FF00>762.00m</color> Multi:<color=#00FF00> x1.27</color> [Armor+WeapType]
  Total: <color=#00FF00>+3</color><size=90%> Roll: <color=#00FF00>+1</color> Tactics: <color=#00FF00>+2</color> AdvSen: <color=#00FF00>+0</color>
 
16:00:33.464 Updating icon tooltips for actor: Vulcan_Gunner_EC1ABF44
16:00:33.464   -- actor isPlayer: False
16:00:34.606 Updating icon tooltips for actor: Vulcan_Gunner_EC1ABF44
16:00:34.606   -- actor isPlayer: False
16:00:38.056 Updating icon tooltips for actor: Archer_Commando_9D156E66
16:00:38.056   -- actor isPlayer: True
16:00:38.056   -- visionAndSensors tooltip text is: <b>Visuals</b><size=90%> <color=#00FF00>1107m</color> Scan:658m [Bright, Dense Fog]
<b>Sensors</b><size=90%> <color=#00FF00>762.00m</color> Multi:<color=#00FF00> x1.27</color> [Armor+WeapType]
  Total: <color=#00FF00>+3</color><size=90%> Roll: <color=#00FF00>+1</color> Tactics: <color=#00FF00>+2</color> AdvSen: <color=#00FF00>+0</color>
 
16:00:40.007 Updating icon tooltips for actor: Vulcan_Gunner_EC1ABF44
16:00:40.007   -- actor isPlayer: False
16:00:45.017 Updating icon tooltips for actor: Valkyrie II_Shade_655D02FD
16:00:45.017   -- actor isPlayer: True
16:00:45.017   -- visionAndSensors tooltip text is: <b>Visuals</b><size=90%> <color=#00FF00>1066m</color> Scan:560m [Bright, Dense Fog]
<b>Sensors</b><size=90%> <color=#00FF00>913.20m</color> Multi:<color=#00FF00> x1.522</color> [Struct+Weapon]
  Total: <color=#00FF00>+7</color><size=90%> Roll: <color=#00FF00>+2</color> Tactics: <color=#00FF00>+3</color> AdvSen: <color=#00FF00>+2</color>
 
16:00:45.929 Updating icon tooltips for actor: Valkyrie II_Shade_655D02FD
16:00:45.929   -- actor isPlayer: True
16:00:45.929   -- visionAndSensors tooltip text is: <b>Visuals</b><size=90%> <color=#00FF00>1066m</color> Scan:560m [Bright, Dense Fog]
<b>Sensors</b><size=90%> <color=#00FF00>913.20m</color> Multi:<color=#00FF00> x1.522</color> [Struct+Weapon]
  Total: <color=#00FF00>+7</color><size=90%> Roll: <color=#00FF00>+2</color> Tactics: <color=#00FF00>+3</color> AdvSen: <color=#00FF00>+2</color>
 
16:00:45.933 Updating icon tooltips for actor: Valkyrie II_Shade_655D02FD
16:00:45.933   -- actor isPlayer: True
16:00:45.933   -- visionAndSensors tooltip text is: <b>Visuals</b><size=90%> <color=#00FF00>1066m</color> Scan:560m [Bright, Dense Fog]
<b>Sensors</b><size=90%> <color=#00FF00>913.20m</color> Multi:<color=#00FF00> x1.522</color> [Struct+Weapon]
  Total: <color=#00FF00>+7</color><size=90%> Roll: <color=#00FF00>+2</color> Tactics: <color=#00FF00>+3</color> AdvSen: <color=#00FF00>+2</color>
 
16:00:50.373 Updating icon tooltips for actor: Vulcan_Gunner_EC1ABF44
16:00:50.373   -- actor isPlayer: False
16:00:51.982 Updating icon tooltips for actor: Marsden III MBT_Blaze_8F76066D
16:00:51.982   -- actor isPlayer: True
16:00:51.982   -- visionAndSensors tooltip text is: <b>Visuals</b><size=90%> <color=#00FF00>773m</color> Scan:368m [Bright, Dense Fog]
<b>Sensors</b><size=90%> <color=#00FF00>472.50m</color> Multi:<color=#00FF00> x1.05</color> [Armor+WeapType]
  Total: <color=#00FF00>+4</color><size=90%> Roll: <color=#FF0000>-1</color> Tactics: <color=#00FF00>+3</color> AdvSen: <color=#00FF00>+2</color>
 
16:01:00.769 Updating icon tooltips for actor: Marsden III MBT_Blaze_8F76066D
16:01:00.769   -- actor isPlayer: True
16:01:00.769   -- visionAndSensors tooltip text is: <b>Visuals</b><size=90%> <color=#00FF00>773m</color> Scan:368m [Bright, Dense Fog]
<b>Sensors</b><size=90%> <color=#00FF00>472.50m</color> Multi:<color=#00FF00> x1.05</color> [Armor+WeapType]
  Total: <color=#00FF00>+4</color><size=90%> Roll: <color=#FF0000>-1</color> Tactics: <color=#00FF00>+3</color> AdvSen: <color=#00FF00>+2</color>
 
16:01:00.771 Updating icon tooltips for actor: Marsden III MBT_Blaze_8F76066D
16:01:00.771   -- actor isPlayer: True
16:01:00.771   -- visionAndSensors tooltip text is: <b>Visuals</b><size=90%> <color=#00FF00>773m</color> Scan:368m [Bright, Dense Fog]
<b>Sensors</b><size=90%> <color=#00FF00>472.50m</color> Multi:<color=#00FF00> x1.05</color> [Armor+WeapType]
  Total: <color=#00FF00>+4</color><size=90%> Roll: <color=#FF0000>-1</color> Tactics: <color=#00FF00>+3</color> AdvSen: <color=#00FF00>+2</color>
 
16:01:02.533 Updating icon tooltips for actor: Vulcan_Gunner_EC1ABF44
16:01:02.533   -- actor isPlayer: False
16:01:03.179 Updating icon tooltips for actor: Vulcan_Gunner_EC1ABF44
16:01:03.179   -- actor isPlayer: False
16:01:13.647 Updating icon tooltips for actor: Vulcan_Gunner_EC1ABF44
16:01:13.647   -- actor isPlayer: False
16:01:13.746 Updating icon tooltips for actor: Vulcan_Gunner_EC1ABF44
16:01:13.746   -- actor isPlayer: False
16:01:13.763 Updating icon tooltips for actor: Vulcan_Gunner_EC1ABF44
16:01:13.763   -- actor isPlayer: False
16:01:13.823 Updating icon tooltips for actor: Vulcan_Gunner_EC1ABF44
16:01:13.823   -- actor isPlayer: False
16:01:13.904 Updating icon tooltips for actor: Vulcan_Gunner_EC1ABF44
16:01:13.904   -- actor isPlayer: False
16:01:13.918 Updating icon tooltips for actor: Vulcan_Gunner_EC1ABF44
16:01:13.918   -- actor isPlayer: False
16:01:13.933 Updating icon tooltips for actor: Vulcan_Gunner_EC1ABF44
16:01:13.933   -- actor isPlayer: False
16:01:13.945 Updating icon tooltips for actor: Vulcan_Gunner_EC1ABF44
16:01:13.945   -- actor isPlayer: False
16:01:13.962 Updating icon tooltips for actor: Vulcan_Gunner_EC1ABF44
16:01:13.962   -- actor isPlayer: False
16:01:13.976 Updating icon tooltips for actor: Vulcan_Gunner_EC1ABF44
16:01:13.976   -- actor isPlayer: False
16:01:13.990 Updating icon tooltips for actor: Vulcan_Gunner_EC1ABF44
16:01:13.990   -- actor isPlayer: False
16:01:14.004 Updating icon tooltips for actor: Vulcan_Gunner_EC1ABF44
16:01:14.004   -- actor isPlayer: False
16:01:14.018 Updating icon tooltips for actor: Vulcan_Gunner_EC1ABF44
16:01:14.018   -- actor isPlayer: False
16:01:14.033 Updating icon tooltips for actor: Vulcan_Gunner_EC1ABF44
16:01:14.033   -- actor isPlayer: False
16:01:14.105 Updating icon tooltips for actor: Vulcan_Gunner_EC1ABF44
16:01:14.105   -- actor isPlayer: False
16:01:14.282 Updating icon tooltips for actor: Vulcan_Gunner_EC1ABF44
16:01:14.282   -- actor isPlayer: False
16:01:14.469 Updating icon tooltips for actor: Vulcan_Gunner_EC1ABF44
16:01:14.469   -- actor isPlayer: False
16:01:14.724 Updating icon tooltips for actor: Vulcan_Gunner_EC1ABF44
16:01:14.724   -- actor isPlayer: False
16:01:14.739 Updating icon tooltips for actor: Vulcan_Gunner_EC1ABF44
16:01:14.739   -- actor isPlayer: False
16:01:14.754 Updating icon tooltips for actor: Vulcan_Gunner_EC1ABF44
16:01:14.754   -- actor isPlayer: False
16:01:14.770 Updating icon tooltips for actor: Vulcan_Gunner_EC1ABF44
16:01:14.770   -- actor isPlayer: False
16:01:14.788 Updating icon tooltips for actor: Vulcan_Gunner_EC1ABF44
16:01:14.788   -- actor isPlayer: False
16:01:14.805 Updating icon tooltips for actor: Vulcan_Gunner_EC1ABF44
16:01:14.805   -- actor isPlayer: False
16:01:14.818 Updating icon tooltips for actor: Vulcan_Gunner_EC1ABF44
16:01:14.818   -- actor isPlayer: False
16:01:16.350 Updating icon tooltips for actor: Vulcan_Gunner_EC1ABF44
16:01:16.350   -- actor isPlayer: False
