15:41:48.951 Actor:DEPLOY_ROT IN HELL_F4A57408 has raw EW Check: 1
15:41:48.951 Actor:Super Griffin_Pappystein_CDB452CE has raw EW Check: 0
15:41:48.951 Actor:Cataphract_Scorch_F9FAE558 has raw EW Check: 0
15:41:48.951 Actor:Archer_Commando_9D156E66 has raw EW Check: 4
15:41:48.951 Actor:Avatar_Oddball_E325BAAE has raw EW Check: 3
15:41:48.951 Actor:Valkyrie II_Shade_655D02FD has raw EW Check: -1
15:41:48.951 Actor:Toro_Virago_E5666DC7 has raw EW Check: -4
15:41:48.951 Actor:Flea_Fire Priestess_248ABC36 has raw EW Check: 1
15:41:48.951 Actor:Trooper_Announcer_221E0761 has raw EW Check: 1
15:41:48.951 Actor:Spector_Caveman_B8CF8F2F has raw EW Check: 2
15:41:48.951 Actor:Drillson Hover Tank 3058_Phantom_B42EA726 has raw EW Check: 2
15:41:48.951 Actor:Marsden III MBT_Blaze_8F76066D has raw EW Check: 2
15:41:48.951 Actor:Warrior H7 Fusion_Boomer_5E1110A2 has raw EW Check: 1
15:41:48.951 Actor:Hollander_Pilot_A3C9A6F1 has raw EW Check: 0
15:41:48.951 Actor:Valkyrie_Gunner_BBF6A7B1 has raw EW Check: 2
15:41:48.951 Actor:Commando_Gunner_D7EE0657 has raw EW Check: -4
15:41:48.951 Actor:Razorback_Defender_EF01A5C3 has raw EW Check: 3
15:41:48.951 Actor:Vulcan_Gunner_EC1ABF44 has raw EW Check: -5
15:41:48.951 Actor:Spider Venom_Tactician_2084CA97 has raw EW Check: 2
15:41:48.951 Actor:Valkyrie_Gunner_B5380299 has raw EW Check: -5
15:41:48.951 Actor:Owens_Gunner_94E0FD34 has raw EW Check: 4
15:41:48.951 Actor:Archer_Gladiator_BE734610 has raw EW Check: -1
15:41:48.951 Actor:Bandit G_Gunner_89BBB8C1 has raw EW Check: 9
15:41:48.951 Actor:Commando_Defender_212B673A has raw EW Check: -5
15:41:48.951 Actor:Bandit_Tactician_683BA11 has raw EW Check: -4
15:41:48.951 Actor:Javelin_Pilot_B728E8F2 has raw EW Check: 0
15:41:48.951 Actor:Bandit E_Defender_BB832816 has raw EW Check: 0
15:41:48.951 Actor:LTV-4 Hover Tank_Defender_2638AC1 has raw EW Check: -4
15:41:48.951 Actor:Striker Mk.1_Tactician_94384882 has raw EW Check: 1
15:41:48.951 Actor:Scorpion Medium Tank_Pilot_73DC54B5 has raw EW Check: 0
15:41:48.951 Actor:Bushwacker_Tactician_50111D76 has raw EW Check: -6
15:41:48.951 Actor:Uziel_Pilot_702475B7 has raw EW Check: 4
15:41:48.951 Actor:Whitworth_Defender_55C289E9 has raw EW Check: -1
15:41:48.951 Actor:Blackjack_Defender_24AEAAFA has raw EW Check: 0
15:42:01.158 === Turn Director is beginning round: 1
15:42:01.158  -- Updating actor: DEPLOY_ROT IN HELL_F4A57408
15:42:01.158 Actor: DEPLOY_ROT IN HELL_F4A57408 sensors are offline until: 2
15:42:01.158 Actor:DEPLOY_ROT IN HELL_F4A57408 has raw EW Check: 0
15:42:01.162 Raw check: 0  tacticsMod: 0  visionRange: 856.8  sensorsRange: 350  ecmShieldMod: 4  ecmJammedMod: 0  advSensors: 0  probeCarrier: 0  stealth (detailsMod:  sigMulti:  attack:  /  / )  mimetic: (visibilityMulti:   attackMod:  hexesToDecay: )  zoomVision: (attackMod:  hexesToDecay:  attackCap:  maxRange: )  heatVision: (attackMod:  heatDivisor:   maxRange: )  nightVision: False  sharesVision: False  pingedByProbe: 0  narcEffect: (detailsMod:  sigMod:  attackMod: )  tagEffect: (detailsMod:  sigMod:  attackMod: )
15:42:01.162  -- Updating actor: Super Griffin_Pappystein_CDB452CE
15:42:01.162 Actor: Super Griffin_Pappystein_CDB452CE sensors are offline until: 2
15:42:01.162 Actor:Super Griffin_Pappystein_CDB452CE has raw EW Check: -2
15:42:01.162 Raw check: -2  tacticsMod: 4  visionRange: 856.8  sensorsRange: 350  ecmShieldMod: 4  ecmJammedMod: 0  advSensors: 0  probeCarrier: 0  stealth (detailsMod:  sigMulti:  attack:  /  / )  mimetic: (visibilityMulti:   attackMod:  hexesToDecay: )  zoomVision: (attackMod:  hexesToDecay:  attackCap:  maxRange: )  heatVision: (attackMod:  heatDivisor:   maxRange: )  nightVision: False  sharesVision: True  pingedByProbe: 0  narcEffect: (detailsMod:  sigMod:  attackMod: )  tagEffect: (detailsMod:  sigMod:  attackMod: )
15:42:01.162  -- Updating actor: Cataphract_Scorch_F9FAE558
15:42:01.162 Actor: Cataphract_Scorch_F9FAE558 sensors are offline until: 2
15:42:01.162 Actor:Cataphract_Scorch_F9FAE558 has raw EW Check: -13
15:42:01.162 Raw check: -13  tacticsMod: 2  visionRange: 840  sensorsRange: 350  ecmShieldMod: 4  ecmJammedMod: 0  advSensors: 0  probeCarrier: 0  stealth (detailsMod:  sigMulti:  attack:  /  / )  mimetic: (visibilityMulti:   attackMod:  hexesToDecay: )  zoomVision: (attackMod: -1 hexesToDecay: 27 attackCap: 0 maxRange: 810)  heatVision: (attackMod:  heatDivisor:   maxRange: )  nightVision: False  sharesVision: True  pingedByProbe: 0  narcEffect: (detailsMod:  sigMod:  attackMod: )  tagEffect: (detailsMod:  sigMod:  attackMod: )
15:42:01.162  -- Updating actor: Archer_Commando_9D156E66
15:42:01.162 Actor: Archer_Commando_9D156E66 sensors are offline until: 2
15:42:01.162 Actor:Archer_Commando_9D156E66 has raw EW Check: -7
15:42:01.162 Raw check: -7  tacticsMod: 2  visionRange: 1106.8  sensorsRange: 350  ecmShieldMod: 4  ecmJammedMod: 0  advSensors: 0  probeCarrier: 0  stealth (detailsMod:  sigMulti:  attack:  /  / )  mimetic: (visibilityMulti:   attackMod:  hexesToDecay: )  zoomVision: (attackMod:  hexesToDecay:  attackCap:  maxRange: )  heatVision: (attackMod:  heatDivisor:   maxRange: )  nightVision: False  sharesVision: False  pingedByProbe: 0  narcEffect: (detailsMod:  sigMod:  attackMod: )  tagEffect: (detailsMod:  sigMod:  attackMod: )
15:42:01.162  -- Updating actor: Avatar_Oddball_E325BAAE
15:42:01.162 Actor: Avatar_Oddball_E325BAAE sensors are offline until: 2
15:42:01.162 Actor:Avatar_Oddball_E325BAAE has raw EW Check: 0
15:42:01.162 Raw check: 0  tacticsMod: 3  visionRange: 840  sensorsRange: 350  ecmShieldMod: 1  ecmJammedMod: 0  advSensors: 1  probeCarrier: 0  stealth (detailsMod:  sigMulti:  attack:  /  / )  mimetic: (visibilityMulti:   attackMod:  hexesToDecay: )  zoomVision: (attackMod: -1 hexesToDecay: 21 attackCap: 0 maxRange: 630)  heatVision: (attackMod: -2 heatDivisor: 60  maxRange: 220)  nightVision: True  sharesVision: False  pingedByProbe: 0  narcEffect: (detailsMod:  sigMod:  attackMod: )  tagEffect: (detailsMod:  sigMod:  attackMod: )
15:42:01.162  -- Updating actor: Valkyrie II_Shade_655D02FD
15:42:01.162 Actor: Valkyrie II_Shade_655D02FD sensors are offline until: 2
15:42:01.162 Actor:Valkyrie II_Shade_655D02FD has raw EW Check: 4
15:42:01.162 Raw check: 4  tacticsMod: 3  visionRange: 1066  sensorsRange: 350  ecmShieldMod: 0  ecmJammedMod: 0  advSensors: 2  probeCarrier: 0  stealth (detailsMod:  sigMulti:  attack:  /  / )  mimetic: (visibilityMulti:   attackMod:  hexesToDecay: )  zoomVision: (attackMod:  hexesToDecay:  attackCap:  maxRange: )  heatVision: (attackMod:  heatDivisor:   maxRange: )  nightVision: False  sharesVision: False  pingedByProbe: 0  narcEffect: (detailsMod:  sigMod:  attackMod: )  tagEffect: (detailsMod:  sigMod:  attackMod: )
15:42:01.162  -- Updating actor: Toro_Virago_E5666DC7
15:42:01.162 Actor: Toro_Virago_E5666DC7 sensors are offline until: 2
15:42:01.162 Actor:Toro_Virago_E5666DC7 has raw EW Check: -3
15:42:01.162 Raw check: -3  tacticsMod: 4  visionRange: 956.8  sensorsRange: 350  ecmShieldMod: 0  ecmJammedMod: 0  advSensors: 0  probeCarrier: 0  stealth (detailsMod:  sigMulti:  attack:  /  / )  mimetic: (visibilityMulti:   attackMod:  hexesToDecay: )  zoomVision: (attackMod:  hexesToDecay:  attackCap:  maxRange: )  heatVision: (attackMod:  heatDivisor:   maxRange: )  nightVision: False  sharesVision: False  pingedByProbe: 0  narcEffect: (detailsMod:  sigMod:  attackMod: )  tagEffect: (detailsMod:  sigMod:  attackMod: )
15:42:01.162  -- Updating actor: Flea_Fire Priestess_248ABC36
15:42:01.162 Actor: Flea_Fire Priestess_248ABC36 sensors are offline until: 2
15:42:01.162 Actor:Flea_Fire Priestess_248ABC36 has raw EW Check: 4
15:42:01.162 Raw check: 4  tacticsMod: 5  visionRange: 1221  sensorsRange: 350  ecmShieldMod: 0  ecmJammedMod: 0  advSensors: 0  probeCarrier: 0  stealth (detailsMod:  sigMulti:  attack:  /  / )  mimetic: (visibilityMulti:   attackMod:  hexesToDecay: )  zoomVision: (attackMod:  hexesToDecay:  attackCap:  maxRange: )  heatVision: (attackMod:  heatDivisor:   maxRange: )  nightVision: False  sharesVision: False  pingedByProbe: 0  narcEffect: (detailsMod:  sigMod:  attackMod: )  tagEffect: (detailsMod:  sigMod:  attackMod: )
15:42:01.162  -- Updating actor: Trooper_Announcer_221E0761
15:42:01.162 Actor: Trooper_Announcer_221E0761 sensors are offline until: 2
15:42:01.162 Actor:Trooper_Announcer_221E0761 has raw EW Check: -2
15:42:01.162 Raw check: -2  tacticsMod: 4  visionRange: 840  sensorsRange: 350  ecmShieldMod: 5  ecmJammedMod: 0  advSensors: 12  probeCarrier: 4  stealth (detailsMod:  sigMulti:  attack:  /  / )  mimetic: (visibilityMulti:   attackMod:  hexesToDecay: )  zoomVision: (attackMod: -1 hexesToDecay: 36 attackCap: 0 maxRange: 1080)  heatVision: (attackMod:  heatDivisor:   maxRange: )  nightVision: True  sharesVision: False  pingedByProbe: 0  narcEffect: (detailsMod:  sigMod:  attackMod: )  tagEffect: (detailsMod:  sigMod:  attackMod: )
15:42:01.162  -- Updating actor: Spector_Caveman_B8CF8F2F
15:42:01.162 Actor: Spector_Caveman_B8CF8F2F sensors are offline until: 2
15:42:01.162 Actor:Spector_Caveman_B8CF8F2F has raw EW Check: -2
15:42:01.162 Raw check: -2  tacticsMod: 2  visionRange: 1008  sensorsRange: 350  ecmShieldMod: 6  ecmJammedMod: 0  advSensors: 3  probeCarrier: 3  stealth (detailsMod:  sigMulti:  attack:  /  / )  mimetic: (visibilityMulti:   attackMod:  hexesToDecay: )  zoomVision: (attackMod:  hexesToDecay:  attackCap:  maxRange: )  heatVision: (attackMod:  heatDivisor:   maxRange: )  nightVision: True  sharesVision: False  pingedByProbe: 0  narcEffect: (detailsMod:  sigMod:  attackMod: )  tagEffect: (detailsMod:  sigMod:  attackMod: )
15:42:01.162  -- Updating actor: Drillson Hover Tank 3058_Phantom_B42EA726
15:42:01.162 Actor: Drillson Hover Tank 3058_Phantom_B42EA726 sensors are offline until: 2
15:42:01.162 Actor:Drillson Hover Tank 3058_Phantom_B42EA726 has raw EW Check: -6
15:42:01.162 Raw check: -6  tacticsMod: 2  visionRange: 772.8  sensorsRange: 350  ecmShieldMod: 0  ecmJammedMod: 0  advSensors: 2  probeCarrier: 0  stealth (detailsMod:  sigMulti:  attack:  /  / )  mimetic: (visibilityMulti:   attackMod:  hexesToDecay: )  zoomVision: (attackMod:  hexesToDecay:  attackCap:  maxRange: )  heatVision: (attackMod:  heatDivisor:   maxRange: )  nightVision: True  sharesVision: True  pingedByProbe: 0  narcEffect: (detailsMod:  sigMod:  attackMod: )  tagEffect: (detailsMod:  sigMod:  attackMod: )
15:42:01.162  -- Updating actor: Marsden III MBT_Blaze_8F76066D
15:42:01.162 Actor: Marsden III MBT_Blaze_8F76066D sensors are offline until: 2
15:42:01.162 Actor:Marsden III MBT_Blaze_8F76066D has raw EW Check: 1
15:42:01.162 Raw check: 1  tacticsMod: 3  visionRange: 772.8  sensorsRange: 350  ecmShieldMod: 4  ecmJammedMod: 0  advSensors: 2  probeCarrier: 0  stealth (detailsMod:  sigMulti:  attack:  /  / )  mimetic: (visibilityMulti:   attackMod:  hexesToDecay: )  zoomVision: (attackMod:  hexesToDecay:  attackCap:  maxRange: )  heatVision: (attackMod:  heatDivisor:   maxRange: )  nightVision: True  sharesVision: True  pingedByProbe: 0  narcEffect: (detailsMod:  sigMod:  attackMod: )  tagEffect: (detailsMod:  sigMod:  attackMod: )
15:42:01.162  -- Updating actor: Warrior H7 Fusion_Boomer_5E1110A2
15:42:01.162 Actor: Warrior H7 Fusion_Boomer_5E1110A2 sensors are offline until: 2
15:42:01.162 Actor:Warrior H7 Fusion_Boomer_5E1110A2 has raw EW Check: 1
15:42:01.162 Raw check: 1  tacticsMod: 3  visionRange: 672  sensorsRange: 350  ecmShieldMod: 4  ecmJammedMod: 0  advSensors: 2  probeCarrier: 0  stealth (detailsMod:  sigMulti:  attack:  /  / )  mimetic: (visibilityMulti:   attackMod:  hexesToDecay: )  zoomVision: (attackMod:  hexesToDecay:  attackCap:  maxRange: )  heatVision: (attackMod:  heatDivisor:   maxRange: )  nightVision: True  sharesVision: True  pingedByProbe: 0  narcEffect: (detailsMod:  sigMod:  attackMod: )  tagEffect: (detailsMod:  sigMod:  attackMod: )
15:42:01.162  -- Updating actor: Hollander_Pilot_A3C9A6F1
15:42:01.162 Actor: Hollander_Pilot_A3C9A6F1 sensors are offline until: 2
15:42:01.162 Actor:Hollander_Pilot_A3C9A6F1 has raw EW Check: -4
15:42:01.162 Raw check: -4  tacticsMod: 1  visionRange: 856.8  sensorsRange: 350  ecmShieldMod: 0  ecmJammedMod: 0  advSensors: 0  probeCarrier: 0  stealth (detailsMod:  sigMulti:  attack:  /  / )  mimetic: (visibilityMulti:   attackMod:  hexesToDecay: )  zoomVision: (attackMod:  hexesToDecay:  attackCap:  maxRange: )  heatVision: (attackMod:  heatDivisor:   maxRange: )  nightVision: False  sharesVision: False  pingedByProbe: 0  narcEffect: (detailsMod:  sigMod:  attackMod: )  tagEffect: (detailsMod:  sigMod:  attackMod: )
15:42:01.162  -- Updating actor: Valkyrie_Gunner_BBF6A7B1
15:42:01.162 Actor: Valkyrie_Gunner_BBF6A7B1 sensors are offline until: 2
15:42:01.162 Actor:Valkyrie_Gunner_BBF6A7B1 has raw EW Check: -3
15:42:01.162 Raw check: -3  tacticsMod: 1  visionRange: 840  sensorsRange: 350  ecmShieldMod: 0  ecmJammedMod: 0  advSensors: 2  probeCarrier: 0  stealth (detailsMod:  sigMulti:  attack:  /  / )  mimetic: (visibilityMulti:   attackMod:  hexesToDecay: )  zoomVision: (attackMod:  hexesToDecay:  attackCap:  maxRange: )  heatVision: (attackMod:  heatDivisor:   maxRange: )  nightVision: False  sharesVision: False  pingedByProbe: 0  narcEffect: (detailsMod:  sigMod:  attackMod: )  tagEffect: (detailsMod:  sigMod:  attackMod: )
15:42:01.162  -- Updating actor: Commando_Gunner_D7EE0657
15:42:01.162 Actor: Commando_Gunner_D7EE0657 sensors are offline until: 2
15:42:01.162 Actor:Commando_Gunner_D7EE0657 has raw EW Check: 2
15:42:01.162 Raw check: 2  tacticsMod: 1  visionRange: 856.8  sensorsRange: 350  ecmShieldMod: 0  ecmJammedMod: 0  advSensors: 0  probeCarrier: 0  stealth (detailsMod:  sigMulti:  attack:  /  / )  mimetic: (visibilityMulti:   attackMod:  hexesToDecay: )  zoomVision: (attackMod:  hexesToDecay:  attackCap:  maxRange: )  heatVision: (attackMod:  heatDivisor:   maxRange: )  nightVision: False  sharesVision: False  pingedByProbe: 0  narcEffect: (detailsMod:  sigMod:  attackMod: )  tagEffect: (detailsMod:  sigMod:  attackMod: )
15:42:01.162  -- Updating actor: Razorback_Defender_EF01A5C3
15:42:01.162 Actor: Razorback_Defender_EF01A5C3 sensors are offline until: 2
15:42:01.162 Actor:Razorback_Defender_EF01A5C3 has raw EW Check: -3
15:42:01.162 Raw check: -3  tacticsMod: 1  visionRange: 856.8  sensorsRange: 350  ecmShieldMod: 0  ecmJammedMod: 0  advSensors: 0  probeCarrier: 0  stealth (detailsMod:  sigMulti:  attack:  /  / )  mimetic: (visibilityMulti:   attackMod:  hexesToDecay: )  zoomVision: (attackMod:  hexesToDecay:  attackCap:  maxRange: )  heatVision: (attackMod:  heatDivisor:   maxRange: )  nightVision: False  sharesVision: False  pingedByProbe: 0  narcEffect: (detailsMod:  sigMod:  attackMod: )  tagEffect: (detailsMod:  sigMod:  attackMod: )
15:42:01.162  -- Updating actor: Vulcan_Gunner_EC1ABF44
15:42:01.162 Actor: Vulcan_Gunner_EC1ABF44 sensors are offline until: 2
15:42:01.162 Actor:Vulcan_Gunner_EC1ABF44 has raw EW Check: 1
15:42:01.162 Raw check: 1  tacticsMod: 1  visionRange: 856.8  sensorsRange: 350  ecmShieldMod: 0  ecmJammedMod: 0  advSensors: 0  probeCarrier: 0  stealth (detailsMod:  sigMulti:  attack:  /  / )  mimetic: (visibilityMulti:   attackMod:  hexesToDecay: )  zoomVision: (attackMod:  hexesToDecay:  attackCap:  maxRange: )  heatVision: (attackMod:  heatDivisor:   maxRange: )  nightVision: False  sharesVision: False  pingedByProbe: 0  narcEffect: (detailsMod:  sigMod:  attackMod: )  tagEffect: (detailsMod:  sigMod:  attackMod: )
15:42:01.162  -- Updating actor: Spider Venom_Tactician_2084CA97
15:42:01.162 Actor: Spider Venom_Tactician_2084CA97 sensors are offline until: 2
15:42:01.162 Actor:Spider Venom_Tactician_2084CA97 has raw EW Check: -4
15:42:01.162 Raw check: -4  tacticsMod: 3  visionRange: 856.8  sensorsRange: 350  ecmShieldMod: 0  ecmJammedMod: 0  advSensors: 0  probeCarrier: 0  stealth (detailsMod:  sigMulti:  attack:  /  / )  mimetic: (visibilityMulti:   attackMod:  hexesToDecay: )  zoomVision: (attackMod:  hexesToDecay:  attackCap:  maxRange: )  heatVision: (attackMod:  heatDivisor:   maxRange: )  nightVision: False  sharesVision: False  pingedByProbe: 0  narcEffect: (detailsMod:  sigMod:  attackMod: )  tagEffect: (detailsMod:  sigMod:  attackMod: )
15:42:01.162  -- Updating actor: Valkyrie_Gunner_B5380299
15:42:01.162 Actor: Valkyrie_Gunner_B5380299 sensors are offline until: 2
15:42:01.162 Actor:Valkyrie_Gunner_B5380299 has raw EW Check: -2
15:42:01.162 Raw check: -2  tacticsMod: 1  visionRange: 840  sensorsRange: 350  ecmShieldMod: 0  ecmJammedMod: 0  advSensors: 2  probeCarrier: 0  stealth (detailsMod:  sigMulti:  attack:  /  / )  mimetic: (visibilityMulti:   attackMod:  hexesToDecay: )  zoomVision: (attackMod:  hexesToDecay:  attackCap:  maxRange: )  heatVision: (attackMod:  heatDivisor:   maxRange: )  nightVision: False  sharesVision: False  pingedByProbe: 0  narcEffect: (detailsMod:  sigMod:  attackMod: )  tagEffect: (detailsMod:  sigMod:  attackMod: )
15:42:01.162  -- Updating actor: Owens_Gunner_94E0FD34
15:42:01.162 Actor: Owens_Gunner_94E0FD34 sensors are offline until: 2
15:42:01.162 Actor:Owens_Gunner_94E0FD34 has raw EW Check: -8
15:42:01.163 Raw check: -8  tacticsMod: 1  visionRange: 840  sensorsRange: 350  ecmShieldMod: 2  ecmJammedMod: 0  advSensors: 5  probeCarrier: 2  stealth (detailsMod:  sigMulti:  attack:  /  / )  mimetic: (visibilityMulti:   attackMod:  hexesToDecay: )  zoomVision: (attackMod: -1 hexesToDecay: 27 attackCap: 0 maxRange: 810)  heatVision: (attackMod: -2 heatDivisor: 60  maxRange: 220)  nightVision: True  sharesVision: True  pingedByProbe: 0  narcEffect: (detailsMod:  sigMod:  attackMod: )  tagEffect: (detailsMod:  sigMod:  attackMod: )
15:42:01.163  -- Updating actor: Archer_Gladiator_BE734610
15:42:01.163 Actor: Archer_Gladiator_BE734610 sensors are offline until: 2
15:42:01.163 Actor:Archer_Gladiator_BE734610 has raw EW Check: 2
15:42:01.163 Raw check: 2  tacticsMod: 2  visionRange: 856.8  sensorsRange: 350  ecmShieldMod: 0  ecmJammedMod: 0  advSensors: 0  probeCarrier: 0  stealth (detailsMod:  sigMulti:  attack:  /  / )  mimetic: (visibilityMulti:   attackMod:  hexesToDecay: )  zoomVision: (attackMod:  hexesToDecay:  attackCap:  maxRange: )  heatVision: (attackMod:  heatDivisor:   maxRange: )  nightVision: False  sharesVision: False  pingedByProbe: 0  narcEffect: (detailsMod:  sigMod:  attackMod: )  tagEffect: (detailsMod:  sigMod:  attackMod: )
15:42:01.163  -- Updating actor: Bandit G_Gunner_89BBB8C1
15:42:01.163 Actor: Bandit G_Gunner_89BBB8C1 sensors are offline until: 2
15:42:01.163 Actor:Bandit G_Gunner_89BBB8C1 has raw EW Check: 1
15:42:01.163 Raw check: 1  tacticsMod: 1  visionRange: 966  sensorsRange: 350  ecmShieldMod: 0  ecmJammedMod: 0  advSensors: 2  probeCarrier: 0  stealth (detailsMod:  sigMulti:  attack:  /  / )  mimetic: (visibilityMulti:   attackMod:  hexesToDecay: )  zoomVision: (attackMod:  hexesToDecay:  attackCap:  maxRange: )  heatVision: (attackMod:  heatDivisor:   maxRange: )  nightVision: True  sharesVision: False  pingedByProbe: 0  narcEffect: (detailsMod:  sigMod:  attackMod: )  tagEffect: (detailsMod:  sigMod:  attackMod: )
15:42:01.163  -- Updating actor: Commando_Defender_212B673A
15:42:01.163 Actor: Commando_Defender_212B673A sensors are offline until: 2
15:42:01.163 Actor:Commando_Defender_212B673A has raw EW Check: -2
15:42:01.163 Raw check: -2  tacticsMod: 1  visionRange: 856.8  sensorsRange: 350  ecmShieldMod: 0  ecmJammedMod: 0  advSensors: 0  probeCarrier: 0  stealth (detailsMod:  sigMulti:  attack:  /  / )  mimetic: (visibilityMulti:   attackMod:  hexesToDecay: )  zoomVision: (attackMod:  hexesToDecay:  attackCap:  maxRange: )  heatVision: (attackMod:  heatDivisor:   maxRange: )  nightVision: False  sharesVision: False  pingedByProbe: 0  narcEffect: (detailsMod:  sigMod:  attackMod: )  tagEffect: (detailsMod:  sigMod:  attackMod: )
15:42:01.163  -- Updating actor: Bandit_Tactician_683BA11
15:42:01.163 Actor: Bandit_Tactician_683BA11 sensors are offline until: 2
15:42:01.163 Actor:Bandit_Tactician_683BA11 has raw EW Check: -3
15:42:01.163 Raw check: -3  tacticsMod: 3  visionRange: 840  sensorsRange: 350  ecmShieldMod: 0  ecmJammedMod: 0  advSensors: 2  probeCarrier: 0  stealth (detailsMod:  sigMulti:  attack:  /  / )  mimetic: (visibilityMulti:   attackMod:  hexesToDecay: )  zoomVision: (attackMod:  hexesToDecay:  attackCap:  maxRange: )  heatVision: (attackMod:  heatDivisor:   maxRange: )  nightVision: True  sharesVision: False  pingedByProbe: 0  narcEffect: (detailsMod:  sigMod:  attackMod: )  tagEffect: (detailsMod:  sigMod:  attackMod: )
15:42:01.163  -- Updating actor: Javelin_Pilot_B728E8F2
15:42:01.163 Actor: Javelin_Pilot_B728E8F2 sensors are offline until: 2
15:42:01.163 Actor:Javelin_Pilot_B728E8F2 has raw EW Check: 0
15:42:01.163 Raw check: 0  tacticsMod: 1  visionRange: 856.8  sensorsRange: 350  ecmShieldMod: 0  ecmJammedMod: 0  advSensors: 0  probeCarrier: 0  stealth (detailsMod:  sigMulti:  attack:  /  / )  mimetic: (visibilityMulti:   attackMod:  hexesToDecay: )  zoomVision: (attackMod:  hexesToDecay:  attackCap:  maxRange: )  heatVision: (attackMod:  heatDivisor:   maxRange: )  nightVision: False  sharesVision: False  pingedByProbe: 0  narcEffect: (detailsMod:  sigMod:  attackMod: )  tagEffect: (detailsMod:  sigMod:  attackMod: )
15:42:01.163  -- Updating actor: Bandit E_Defender_BB832816
15:42:01.163 Actor: Bandit E_Defender_BB832816 sensors are offline until: 2
15:42:01.163 Actor:Bandit E_Defender_BB832816 has raw EW Check: -4
15:42:01.163 Raw check: -4  tacticsMod: 1  visionRange: 966  sensorsRange: 350  ecmShieldMod: 0  ecmJammedMod: 0  advSensors: 2  probeCarrier: 0  stealth (detailsMod:  sigMulti:  attack:  /  / )  mimetic: (visibilityMulti:   attackMod:  hexesToDecay: )  zoomVision: (attackMod:  hexesToDecay:  attackCap:  maxRange: )  heatVision: (attackMod:  heatDivisor:   maxRange: )  nightVision: True  sharesVision: False  pingedByProbe: 0  narcEffect: (detailsMod:  sigMod:  attackMod: )  tagEffect: (detailsMod:  sigMod:  attackMod: )
15:42:01.163  -- Updating actor: LTV-4 Hover Tank_Defender_2638AC1
15:42:01.163 Actor: LTV-4 Hover Tank_Defender_2638AC1 sensors are offline until: 2
15:42:01.163 Actor:LTV-4 Hover Tank_Defender_2638AC1 has raw EW Check: 0
15:42:01.163 Raw check: 0  tacticsMod: 1  visionRange: 772.8  sensorsRange: 350  ecmShieldMod: 0  ecmJammedMod: 0  advSensors: 2  probeCarrier: 0  stealth (detailsMod:  sigMulti:  attack:  /  / )  mimetic: (visibilityMulti:   attackMod:  hexesToDecay: )  zoomVision: (attackMod:  hexesToDecay:  attackCap:  maxRange: )  heatVision: (attackMod:  heatDivisor:   maxRange: )  nightVision: True  sharesVision: False  pingedByProbe: 0  narcEffect: (detailsMod:  sigMod:  attackMod: )  tagEffect: (detailsMod:  sigMod:  attackMod: )
15:42:01.163  -- Updating actor: Striker Mk.1_Tactician_94384882
15:42:01.163 Actor: Striker Mk.1_Tactician_94384882 sensors are offline until: 2
15:42:01.163 Actor:Striker Mk.1_Tactician_94384882 has raw EW Check: -4
15:42:01.163 Raw check: -4  tacticsMod: 3  visionRange: 966  sensorsRange: 350  ecmShieldMod: 0  ecmJammedMod: 0  advSensors: 2  probeCarrier: 0  stealth (detailsMod:  sigMulti:  attack:  /  / )  mimetic: (visibilityMulti:   attackMod:  hexesToDecay: )  zoomVision: (attackMod:  hexesToDecay:  attackCap:  maxRange: )  heatVision: (attackMod:  heatDivisor:   maxRange: )  nightVision: True  sharesVision: False  pingedByProbe: 0  narcEffect: (detailsMod:  sigMod:  attackMod: )  tagEffect: (detailsMod:  sigMod:  attackMod: )
15:42:01.163  -- Updating actor: Scorpion Medium Tank_Pilot_73DC54B5
15:42:01.163 Actor: Scorpion Medium Tank_Pilot_73DC54B5 sensors are offline until: 2
15:42:01.163 Actor:Scorpion Medium Tank_Pilot_73DC54B5 has raw EW Check: 0
15:42:01.163 Raw check: 0  tacticsMod: 1  visionRange: 966  sensorsRange: 350  ecmShieldMod: 0  ecmJammedMod: 0  advSensors: 2  probeCarrier: 0  stealth (detailsMod:  sigMulti:  attack:  /  / )  mimetic: (visibilityMulti:   attackMod:  hexesToDecay: )  zoomVision: (attackMod:  hexesToDecay:  attackCap:  maxRange: )  heatVision: (attackMod:  heatDivisor:   maxRange: )  nightVision: True  sharesVision: False  pingedByProbe: 0  narcEffect: (detailsMod:  sigMod:  attackMod: )  tagEffect: (detailsMod:  sigMod:  attackMod: )
15:42:01.163  -- Updating actor: Bushwacker_Tactician_50111D76
15:42:01.163 Actor: Bushwacker_Tactician_50111D76 sensors are offline until: 2
15:42:01.163 Actor:Bushwacker_Tactician_50111D76 has raw EW Check: -3
15:42:01.163 Raw check: -3  tacticsMod: 4  visionRange: 856.8  sensorsRange: 350  ecmShieldMod: 0  ecmJammedMod: 0  advSensors: 0  probeCarrier: 0  stealth (detailsMod:  sigMulti:  attack:  /  / )  mimetic: (visibilityMulti:   attackMod:  hexesToDecay: )  zoomVision: (attackMod:  hexesToDecay:  attackCap:  maxRange: )  heatVision: (attackMod:  heatDivisor:   maxRange: )  nightVision: False  sharesVision: False  pingedByProbe: 0  narcEffect: (detailsMod:  sigMod:  attackMod: )  tagEffect: (detailsMod:  sigMod:  attackMod: )
15:42:01.163  -- Updating actor: Uziel_Pilot_702475B7
15:42:01.163 Actor: Uziel_Pilot_702475B7 sensors are offline until: 2
15:42:01.163 Actor:Uziel_Pilot_702475B7 has raw EW Check: 0
15:42:01.163 Raw check: 0  tacticsMod: 1  visionRange: 856.8  sensorsRange: 350  ecmShieldMod: 0  ecmJammedMod: 0  advSensors: 0  probeCarrier: 0  stealth (detailsMod:  sigMulti:  attack:  /  / )  mimetic: (visibilityMulti:   attackMod:  hexesToDecay: )  zoomVision: (attackMod:  hexesToDecay:  attackCap:  maxRange: )  heatVision: (attackMod:  heatDivisor:   maxRange: )  nightVision: False  sharesVision: False  pingedByProbe: 0  narcEffect: (detailsMod:  sigMod:  attackMod: )  tagEffect: (detailsMod:  sigMod:  attackMod: )
15:42:01.163  -- Updating actor: Whitworth_Defender_55C289E9
15:42:01.163 Actor: Whitworth_Defender_55C289E9 sensors are offline until: 2
15:42:01.163 Actor:Whitworth_Defender_55C289E9 has raw EW Check: 1
15:42:01.163 Raw check: 1  tacticsMod: 1  visionRange: 856.8  sensorsRange: 350  ecmShieldMod: 0  ecmJammedMod: 0  advSensors: 0  probeCarrier: 0  stealth (detailsMod:  sigMulti:  attack:  /  / )  mimetic: (visibilityMulti:   attackMod:  hexesToDecay: )  zoomVision: (attackMod:  hexesToDecay:  attackCap:  maxRange: )  heatVision: (attackMod:  heatDivisor:   maxRange: )  nightVision: False  sharesVision: False  pingedByProbe: 0  narcEffect: (detailsMod:  sigMod:  attackMod: )  tagEffect: (detailsMod:  sigMod:  attackMod: )
15:42:01.163  -- Updating actor: Blackjack_Defender_24AEAAFA
15:42:01.163 Actor: Blackjack_Defender_24AEAAFA sensors are offline until: 2
15:42:01.163 Actor:Blackjack_Defender_24AEAAFA has raw EW Check: 0
15:42:01.163 Raw check: 0  tacticsMod: 1  visionRange: 840  sensorsRange: 350  ecmShieldMod: 0  ecmJammedMod: 0  advSensors: 0  probeCarrier: 0  stealth (detailsMod:  sigMulti:  attack:  /  / )  mimetic: (visibilityMulti:   attackMod:  hexesToDecay: )  zoomVision: (attackMod:  hexesToDecay:  attackCap:  maxRange: )  heatVision: (attackMod:  heatDivisor:   maxRange: )  nightVision: False  sharesVision: False  pingedByProbe: 0  narcEffect: (detailsMod:  sigMod:  attackMod: )  tagEffect: (detailsMod:  sigMod:  attackMod: )
15:42:55.780 === Turn Director is beginning round: 2
15:42:55.780  -- Updating actor: DEPLOY_ROT IN HELL_F4A57408
15:42:55.780 Re-enabling sensors for DEPLOY_ROT IN HELL_F4A57408
15:42:55.780 Actor:DEPLOY_ROT IN HELL_F4A57408 has raw EW Check: -8
15:42:55.780 Raw check: -8  tacticsMod: 0  visionRange: 840  sensorsRange: 360  ecmShieldMod: 0  ecmJammedMod: 0  advSensors: 0  probeCarrier: 0  stealth (detailsMod:  sigMulti:  attack:  /  / )  mimetic: (visibilityMulti:   attackMod:  hexesToDecay: )  zoomVision: (attackMod:  hexesToDecay:  attackCap:  maxRange: )  heatVision: (attackMod:  heatDivisor:   maxRange: )  nightVision: False  sharesVision: False  pingedByProbe: 0  narcEffect: (detailsMod:  sigMod:  attackMod: )  tagEffect: (detailsMod:  sigMod:  attackMod: )
15:42:55.780  -- Updating actor: Super Griffin_Pappystein_CDB452CE
15:42:55.780 Re-enabling sensors for Super Griffin_Pappystein_CDB452CE
15:42:55.780 Actor:Super Griffin_Pappystein_CDB452CE has raw EW Check: 1
15:42:55.780 Raw check: 1  tacticsMod: 4  visionRange: 856.8  sensorsRange: 882  ecmShieldMod: 4  ecmJammedMod: 0  advSensors: 0  probeCarrier: 0  stealth (detailsMod:  sigMulti:  attack:  /  / )  mimetic: (visibilityMulti:   attackMod:  hexesToDecay: )  zoomVision: (attackMod:  hexesToDecay:  attackCap:  maxRange: )  heatVision: (attackMod:  heatDivisor:   maxRange: )  nightVision: False  sharesVision: True  pingedByProbe: 0  narcEffect: (detailsMod:  sigMod:  attackMod: )  tagEffect: (detailsMod:  sigMod:  attackMod: )
15:42:55.780  -- Updating actor: Cataphract_Scorch_F9FAE558
15:42:55.780 Re-enabling sensors for Cataphract_Scorch_F9FAE558
15:42:55.780 Actor:Cataphract_Scorch_F9FAE558 has raw EW Check: 0
15:42:55.780 Raw check: 0  tacticsMod: 2  visionRange: 840  sensorsRange: 720  ecmShieldMod: 4  ecmJammedMod: 0  advSensors: 0  probeCarrier: 0  stealth (detailsMod:  sigMulti:  attack:  /  / )  mimetic: (visibilityMulti:   attackMod:  hexesToDecay: )  zoomVision: (attackMod: -1 hexesToDecay: 27 attackCap: 0 maxRange: 810)  heatVision: (attackMod:  heatDivisor:   maxRange: )  nightVision: False  sharesVision: True  pingedByProbe: 0  narcEffect: (detailsMod:  sigMod:  attackMod: )  tagEffect: (detailsMod:  sigMod:  attackMod: )
15:42:55.780  -- Updating actor: Archer_Commando_9D156E66
15:42:55.780 Re-enabling sensors for Archer_Commando_9D156E66
15:42:55.780 Actor:Archer_Commando_9D156E66 has raw EW Check: 6
15:42:55.780 Raw check: 6  tacticsMod: 2  visionRange: 1106.8  sensorsRange: 912  ecmShieldMod: 0  ecmJammedMod: 0  advSensors: 0  probeCarrier: 0  stealth (detailsMod:  sigMulti:  attack:  /  / )  mimetic: (visibilityMulti:   attackMod:  hexesToDecay: )  zoomVision: (attackMod:  hexesToDecay:  attackCap:  maxRange: )  heatVision: (attackMod:  heatDivisor:   maxRange: )  nightVision: False  sharesVision: False  pingedByProbe: 0  narcEffect: (detailsMod:  sigMod:  attackMod: )  tagEffect: (detailsMod:  sigMod:  attackMod: )
15:42:55.780  -- Updating actor: Avatar_Oddball_E325BAAE
15:42:55.780 Re-enabling sensors for Avatar_Oddball_E325BAAE
15:42:55.780 Actor:Avatar_Oddball_E325BAAE has raw EW Check: -2
15:42:55.780 Raw check: -2  tacticsMod: 3  visionRange: 840  sensorsRange: 720  ecmShieldMod: 5  ecmJammedMod: 0  advSensors: 1  probeCarrier: 0  stealth (detailsMod:  sigMulti:  attack:  /  / )  mimetic: (visibilityMulti:   attackMod:  hexesToDecay: )  zoomVision: (attackMod: -1 hexesToDecay: 21 attackCap: 0 maxRange: 630)  heatVision: (attackMod: -2 heatDivisor: 60  maxRange: 220)  nightVision: True  sharesVision: False  pingedByProbe: 0  narcEffect: (detailsMod:  sigMod:  attackMod: )  tagEffect: (detailsMod:  sigMod:  attackMod: )
15:42:55.780  -- Updating actor: Valkyrie II_Shade_655D02FD
15:42:55.780 Re-enabling sensors for Valkyrie II_Shade_655D02FD
15:42:55.780 Actor:Valkyrie II_Shade_655D02FD has raw EW Check: -2
15:42:55.781 Raw check: -2  tacticsMod: 3  visionRange: 1066  sensorsRange: 793.2  ecmShieldMod: 4  ecmJammedMod: 0  advSensors: 2  probeCarrier: 0  stealth (detailsMod:  sigMulti:  attack:  /  / )  mimetic: (visibilityMulti:   attackMod:  hexesToDecay: )  zoomVision: (attackMod:  hexesToDecay:  attackCap:  maxRange: )  heatVision: (attackMod:  heatDivisor:   maxRange: )  nightVision: False  sharesVision: False  pingedByProbe: 0  narcEffect: (detailsMod:  sigMod:  attackMod: )  tagEffect: (detailsMod:  sigMod:  attackMod: )
15:42:55.781  -- Updating actor: Toro_Virago_E5666DC7
15:42:55.781 Re-enabling sensors for Toro_Virago_E5666DC7
15:42:55.781 Actor:Toro_Virago_E5666DC7 has raw EW Check: 0
15:42:55.781 Raw check: 0  tacticsMod: 4  visionRange: 956.8  sensorsRange: 852  ecmShieldMod: 4  ecmJammedMod: 0  advSensors: 0  probeCarrier: 0  stealth (detailsMod:  sigMulti:  attack:  /  / )  mimetic: (visibilityMulti:   attackMod:  hexesToDecay: )  zoomVision: (attackMod:  hexesToDecay:  attackCap:  maxRange: )  heatVision: (attackMod:  heatDivisor:   maxRange: )  nightVision: False  sharesVision: False  pingedByProbe: 0  narcEffect: (detailsMod:  sigMod:  attackMod: )  tagEffect: (detailsMod:  sigMod:  attackMod: )
15:42:55.781  -- Updating actor: Flea_Fire Priestess_248ABC36
15:42:55.781 Re-enabling sensors for Flea_Fire Priestess_248ABC36
15:42:55.781 Actor:Flea_Fire Priestess_248ABC36 has raw EW Check: -3
15:42:55.781 Raw check: -3  tacticsMod: 5  visionRange: 1221  sensorsRange: 975  ecmShieldMod: 0  ecmJammedMod: 0  advSensors: 0  probeCarrier: 0  stealth (detailsMod:  sigMulti:  attack:  /  / )  mimetic: (visibilityMulti:   attackMod:  hexesToDecay: )  zoomVision: (attackMod:  hexesToDecay:  attackCap:  maxRange: )  heatVision: (attackMod:  heatDivisor:   maxRange: )  nightVision: False  sharesVision: False  pingedByProbe: 0  narcEffect: (detailsMod:  sigMod:  attackMod: )  tagEffect: (detailsMod:  sigMod:  attackMod: )
15:42:55.781  -- Updating actor: Trooper_Announcer_221E0761
15:42:55.781 Re-enabling sensors for Trooper_Announcer_221E0761
15:42:55.781 Actor:Trooper_Announcer_221E0761 has raw EW Check: 0
15:42:55.781 Raw check: 0  tacticsMod: 4  visionRange: 840  sensorsRange: 960  ecmShieldMod: 9  ecmJammedMod: 0  advSensors: 12  probeCarrier: 4  stealth (detailsMod:  sigMulti:  attack:  /  / )  mimetic: (visibilityMulti:   attackMod:  hexesToDecay: )  zoomVision: (attackMod: -1 hexesToDecay: 36 attackCap: 0 maxRange: 1080)  heatVision: (attackMod:  heatDivisor:   maxRange: )  nightVision: True  sharesVision: False  pingedByProbe: 0  narcEffect: (detailsMod:  sigMod:  attackMod: )  tagEffect: (detailsMod:  sigMod:  attackMod: )
15:42:55.781  -- Updating actor: Spector_Caveman_B8CF8F2F
15:42:55.781 Re-enabling sensors for Spector_Caveman_B8CF8F2F
15:42:55.781 Actor:Spector_Caveman_B8CF8F2F has raw EW Check: -3
15:42:55.781 Raw check: -3  tacticsMod: 2  visionRange: 1008  sensorsRange: 750  ecmShieldMod: 6  ecmJammedMod: 0  advSensors: 3  probeCarrier: 3  stealth (detailsMod:  sigMulti:  attack:  /  / )  mimetic: (visibilityMulti:   attackMod:  hexesToDecay: )  zoomVision: (attackMod:  hexesToDecay:  attackCap:  maxRange: )  heatVision: (attackMod:  heatDivisor:   maxRange: )  nightVision: True  sharesVision: False  pingedByProbe: 0  narcEffect: (detailsMod:  sigMod:  attackMod: )  tagEffect: (detailsMod:  sigMod:  attackMod: )
15:42:55.781  -- Updating actor: Drillson Hover Tank 3058_Phantom_B42EA726
15:42:55.781 Re-enabling sensors for Drillson Hover Tank 3058_Phantom_B42EA726
15:42:55.781 Actor:Drillson Hover Tank 3058_Phantom_B42EA726 has raw EW Check: 11
15:42:55.781 Raw check: 11  tacticsMod: 2  visionRange: 772.8  sensorsRange: 697.5  ecmShieldMod: 4  ecmJammedMod: 0  advSensors: 2  probeCarrier: 0  stealth (detailsMod:  sigMulti:  attack:  /  / )  mimetic: (visibilityMulti:   attackMod:  hexesToDecay: )  zoomVision: (attackMod:  hexesToDecay:  attackCap:  maxRange: )  heatVision: (attackMod:  heatDivisor:   maxRange: )  nightVision: True  sharesVision: True  pingedByProbe: 0  narcEffect: (detailsMod:  sigMod:  attackMod: )  tagEffect: (detailsMod:  sigMod:  attackMod: )
15:42:55.781  -- Updating actor: Marsden III MBT_Blaze_8F76066D
15:42:55.781 Re-enabling sensors for Marsden III MBT_Blaze_8F76066D
15:42:55.781 Actor:Marsden III MBT_Blaze_8F76066D has raw EW Check: 2
15:42:55.781 Raw check: 2  tacticsMod: 3  visionRange: 772.8  sensorsRange: 540  ecmShieldMod: 4  ecmJammedMod: 0  advSensors: 2  probeCarrier: 0  stealth (detailsMod:  sigMulti:  attack:  /  / )  mimetic: (visibilityMulti:   attackMod:  hexesToDecay: )  zoomVision: (attackMod:  hexesToDecay:  attackCap:  maxRange: )  heatVision: (attackMod:  heatDivisor:   maxRange: )  nightVision: True  sharesVision: True  pingedByProbe: 0  narcEffect: (detailsMod:  sigMod:  attackMod: )  tagEffect: (detailsMod:  sigMod:  attackMod: )
15:42:55.781  -- Updating actor: Warrior H7 Fusion_Boomer_5E1110A2
15:42:55.781 Re-enabling sensors for Warrior H7 Fusion_Boomer_5E1110A2
15:42:55.781 Actor:Warrior H7 Fusion_Boomer_5E1110A2 has raw EW Check: -5
15:42:55.781 Raw check: -5  tacticsMod: 3  visionRange: 672  sensorsRange: 418.5  ecmShieldMod: 4  ecmJammedMod: 0  advSensors: 2  probeCarrier: 0  stealth (detailsMod:  sigMulti:  attack:  /  / )  mimetic: (visibilityMulti:   attackMod:  hexesToDecay: )  zoomVision: (attackMod:  hexesToDecay:  attackCap:  maxRange: )  heatVision: (attackMod:  heatDivisor:   maxRange: )  nightVision: True  sharesVision: True  pingedByProbe: 0  narcEffect: (detailsMod:  sigMod:  attackMod: )  tagEffect: (detailsMod:  sigMod:  attackMod: )
15:42:55.781  -- Updating actor: Hollander_Pilot_A3C9A6F1
15:42:55.781 Re-enabling sensors for Hollander_Pilot_A3C9A6F1
15:42:55.781 Actor:Hollander_Pilot_A3C9A6F1 has raw EW Check: 0
15:42:55.781 Raw check: 0  tacticsMod: 1  visionRange: 856.8  sensorsRange: 672  ecmShieldMod: 0  ecmJammedMod: 0  advSensors: 0  probeCarrier: 0  stealth (detailsMod:  sigMulti:  attack:  /  / )  mimetic: (visibilityMulti:   attackMod:  hexesToDecay: )  zoomVision: (attackMod:  hexesToDecay:  attackCap:  maxRange: )  heatVision: (attackMod:  heatDivisor:   maxRange: )  nightVision: False  sharesVision: False  pingedByProbe: 0  narcEffect: (detailsMod:  sigMod:  attackMod: )  tagEffect: (detailsMod:  sigMod:  attackMod: )
15:42:55.781  -- Updating actor: Valkyrie_Gunner_BBF6A7B1
15:42:55.781 Re-enabling sensors for Valkyrie_Gunner_BBF6A7B1
15:42:55.781 Actor:Valkyrie_Gunner_BBF6A7B1 has raw EW Check: -3
15:42:55.781 Raw check: -3  tacticsMod: 1  visionRange: 840  sensorsRange: 582  ecmShieldMod: 0  ecmJammedMod: 0  advSensors: 2  probeCarrier: 0  stealth (detailsMod:  sigMulti:  attack:  /  / )  mimetic: (visibilityMulti:   attackMod:  hexesToDecay: )  zoomVision: (attackMod:  hexesToDecay:  attackCap:  maxRange: )  heatVision: (attackMod:  heatDivisor:   maxRange: )  nightVision: False  sharesVision: False  pingedByProbe: 0  narcEffect: (detailsMod:  sigMod:  attackMod: )  tagEffect: (detailsMod:  sigMod:  attackMod: )
15:42:55.781  -- Updating actor: Commando_Gunner_D7EE0657
15:42:55.781 Re-enabling sensors for Commando_Gunner_D7EE0657
15:42:55.781 Actor:Commando_Gunner_D7EE0657 has raw EW Check: 3
15:42:55.781 Raw check: 3  tacticsMod: 1  visionRange: 856.8  sensorsRange: 762  ecmShieldMod: 0  ecmJammedMod: 0  advSensors: 0  probeCarrier: 0  stealth (detailsMod:  sigMulti:  attack:  /  / )  mimetic: (visibilityMulti:   attackMod:  hexesToDecay: )  zoomVision: (attackMod:  hexesToDecay:  attackCap:  maxRange: )  heatVision: (attackMod:  heatDivisor:   maxRange: )  nightVision: False  sharesVision: False  pingedByProbe: 0  narcEffect: (detailsMod:  sigMod:  attackMod: )  tagEffect: (detailsMod:  sigMod:  attackMod: )
15:42:55.781  -- Updating actor: Razorback_Defender_EF01A5C3
15:42:55.781 Re-enabling sensors for Razorback_Defender_EF01A5C3
15:42:55.781 Actor:Razorback_Defender_EF01A5C3 has raw EW Check: -2
15:42:55.781 Raw check: -2  tacticsMod: 1  visionRange: 856.8  sensorsRange: 612  ecmShieldMod: 0  ecmJammedMod: 0  advSensors: 0  probeCarrier: 0  stealth (detailsMod:  sigMulti:  attack:  /  / )  mimetic: (visibilityMulti:   attackMod:  hexesToDecay: )  zoomVision: (attackMod:  hexesToDecay:  attackCap:  maxRange: )  heatVision: (attackMod:  heatDivisor:   maxRange: )  nightVision: False  sharesVision: False  pingedByProbe: 0  narcEffect: (detailsMod:  sigMod:  attackMod: )  tagEffect: (detailsMod:  sigMod:  attackMod: )
15:42:55.781  -- Updating actor: Vulcan_Gunner_EC1ABF44
15:42:55.781 Re-enabling sensors for Vulcan_Gunner_EC1ABF44
15:42:55.781 Actor:Vulcan_Gunner_EC1ABF44 has raw EW Check: -5
15:42:55.781 Raw check: -5  tacticsMod: 1  visionRange: 856.8  sensorsRange: 522  ecmShieldMod: 0  ecmJammedMod: 0  advSensors: 0  probeCarrier: 0  stealth (detailsMod:  sigMulti:  attack:  /  / )  mimetic: (visibilityMulti:   attackMod:  hexesToDecay: )  zoomVision: (attackMod:  hexesToDecay:  attackCap:  maxRange: )  heatVision: (attackMod:  heatDivisor:   maxRange: )  nightVision: False  sharesVision: False  pingedByProbe: 0  narcEffect: (detailsMod:  sigMod:  attackMod: )  tagEffect: (detailsMod:  sigMod:  attackMod: )
15:42:55.781  -- Updating actor: Spider Venom_Tactician_2084CA97
15:42:55.781 Re-enabling sensors for Spider Venom_Tactician_2084CA97
15:42:55.781 Actor:Spider Venom_Tactician_2084CA97 has raw EW Check: -1
15:42:55.781 Raw check: -1  tacticsMod: 3  visionRange: 856.8  sensorsRange: 762  ecmShieldMod: 0  ecmJammedMod: 0  advSensors: 0  probeCarrier: 0  stealth (detailsMod:  sigMulti:  attack:  /  / )  mimetic: (visibilityMulti:   attackMod:  hexesToDecay: )  zoomVision: (attackMod:  hexesToDecay:  attackCap:  maxRange: )  heatVision: (attackMod:  heatDivisor:   maxRange: )  nightVision: False  sharesVision: False  pingedByProbe: 0  narcEffect: (detailsMod:  sigMod:  attackMod: )  tagEffect: (detailsMod:  sigMod:  attackMod: )
15:42:55.781  -- Updating actor: Valkyrie_Gunner_B5380299
15:42:55.781 Re-enabling sensors for Valkyrie_Gunner_B5380299
15:42:55.781 Actor:Valkyrie_Gunner_B5380299 has raw EW Check: -1
15:42:55.781 Raw check: -1  tacticsMod: 1  visionRange: 840  sensorsRange: 641.9999  ecmShieldMod: 0  ecmJammedMod: 0  advSensors: 2  probeCarrier: 0  stealth (detailsMod:  sigMulti:  attack:  /  / )  mimetic: (visibilityMulti:   attackMod:  hexesToDecay: )  zoomVision: (attackMod:  hexesToDecay:  attackCap:  maxRange: )  heatVision: (attackMod:  heatDivisor:   maxRange: )  nightVision: False  sharesVision: False  pingedByProbe: 0  narcEffect: (detailsMod:  sigMod:  attackMod: )  tagEffect: (detailsMod:  sigMod:  attackMod: )
15:42:55.781  -- Updating actor: Owens_Gunner_94E0FD34
15:42:55.781 Re-enabling sensors for Owens_Gunner_94E0FD34
15:42:55.781 Actor:Owens_Gunner_94E0FD34 has raw EW Check: 0
15:42:55.781 Raw check: 0  tacticsMod: 1  visionRange: 840  sensorsRange: 720  ecmShieldMod: 2  ecmJammedMod: 0  advSensors: 5  probeCarrier: 2  stealth (detailsMod:  sigMulti:  attack:  /  / )  mimetic: (visibilityMulti:   attackMod:  hexesToDecay: )  zoomVision: (attackMod: -1 hexesToDecay: 27 attackCap: 0 maxRange: 810)  heatVision: (attackMod: -2 heatDivisor: 60  maxRange: 220)  nightVision: True  sharesVision: True  pingedByProbe: 0  narcEffect: (detailsMod:  sigMod:  attackMod: )  tagEffect: (detailsMod:  sigMod:  attackMod: )
15:42:55.781  -- Updating actor: Archer_Gladiator_BE734610
15:42:55.781 Re-enabling sensors for Archer_Gladiator_BE734610
15:42:55.781 Actor:Archer_Gladiator_BE734610 has raw EW Check: 7
15:42:55.781 Raw check: 7  tacticsMod: 2  visionRange: 856.8  sensorsRange: 941.9999  ecmShieldMod: 0  ecmJammedMod: 0  advSensors: 0  probeCarrier: 0  stealth (detailsMod:  sigMulti:  attack:  /  / )  mimetic: (visibilityMulti:   attackMod:  hexesToDecay: )  zoomVision: (attackMod:  hexesToDecay:  attackCap:  maxRange: )  heatVision: (attackMod:  heatDivisor:   maxRange: )  nightVision: False  sharesVision: False  pingedByProbe: 0  narcEffect: (detailsMod:  sigMod:  attackMod: )  tagEffect: (detailsMod:  sigMod:  attackMod: )
15:42:55.781  -- Updating actor: Bandit G_Gunner_89BBB8C1
15:42:55.781 Re-enabling sensors for Bandit G_Gunner_89BBB8C1
15:42:55.781 Actor:Bandit G_Gunner_89BBB8C1 has raw EW Check: 0
15:42:55.781 Raw check: 0  tacticsMod: 1  visionRange: 966  sensorsRange: 495  ecmShieldMod: 0  ecmJammedMod: 0  advSensors: 2  probeCarrier: 0  stealth (detailsMod:  sigMulti:  attack:  /  / )  mimetic: (visibilityMulti:   attackMod:  hexesToDecay: )  zoomVision: (attackMod:  hexesToDecay:  attackCap:  maxRange: )  heatVision: (attackMod:  heatDivisor:   maxRange: )  nightVision: True  sharesVision: False  pingedByProbe: 0  narcEffect: (detailsMod:  sigMod:  attackMod: )  tagEffect: (detailsMod:  sigMod:  attackMod: )
15:42:55.781  -- Updating actor: Commando_Defender_212B673A
15:42:55.781 Re-enabling sensors for Commando_Defender_212B673A
15:42:55.781 Actor:Commando_Defender_212B673A has raw EW Check: -4
15:42:55.781 Raw check: -4  tacticsMod: 1  visionRange: 856.8  sensorsRange: 552  ecmShieldMod: 0  ecmJammedMod: 0  advSensors: 0  probeCarrier: 0  stealth (detailsMod:  sigMulti:  attack:  /  / )  mimetic: (visibilityMulti:   attackMod:  hexesToDecay: )  zoomVision: (attackMod:  hexesToDecay:  attackCap:  maxRange: )  heatVision: (attackMod:  heatDivisor:   maxRange: )  nightVision: False  sharesVision: False  pingedByProbe: 0  narcEffect: (detailsMod:  sigMod:  attackMod: )  tagEffect: (detailsMod:  sigMod:  attackMod: )
15:42:55.781  -- Updating actor: Bandit_Tactician_683BA11
15:42:55.781 Re-enabling sensors for Bandit_Tactician_683BA11
15:42:55.781 Actor:Bandit_Tactician_683BA11 has raw EW Check: 2
15:42:55.781 Raw check: 2  tacticsMod: 3  visionRange: 840  sensorsRange: 630  ecmShieldMod: 0  ecmJammedMod: 0  advSensors: 2  probeCarrier: 0  stealth (detailsMod:  sigMulti:  attack:  /  / )  mimetic: (visibilityMulti:   attackMod:  hexesToDecay: )  zoomVision: (attackMod:  hexesToDecay:  attackCap:  maxRange: )  heatVision: (attackMod:  heatDivisor:   maxRange: )  nightVision: True  sharesVision: False  pingedByProbe: 0  narcEffect: (detailsMod:  sigMod:  attackMod: )  tagEffect: (detailsMod:  sigMod:  attackMod: )
15:42:55.781  -- Updating actor: Javelin_Pilot_B728E8F2
15:42:55.781 Re-enabling sensors for Javelin_Pilot_B728E8F2
15:42:55.781 Actor:Javelin_Pilot_B728E8F2 has raw EW Check: 0
15:42:55.781 Raw check: 0  tacticsMod: 1  visionRange: 856.8  sensorsRange: 672  ecmShieldMod: 0  ecmJammedMod: 0  advSensors: 0  probeCarrier: 0  stealth (detailsMod:  sigMulti:  attack:  /  / )  mimetic: (visibilityMulti:   attackMod:  hexesToDecay: )  zoomVision: (attackMod:  hexesToDecay:  attackCap:  maxRange: )  heatVision: (attackMod:  heatDivisor:   maxRange: )  nightVision: False  sharesVision: False  pingedByProbe: 0  narcEffect: (detailsMod:  sigMod:  attackMod: )  tagEffect: (detailsMod:  sigMod:  attackMod: )
15:42:55.781  -- Updating actor: Bandit E_Defender_BB832816
15:42:55.781 Re-enabling sensors for Bandit E_Defender_BB832816
15:42:55.781 Actor:Bandit E_Defender_BB832816 has raw EW Check: -2
15:42:55.781 Raw check: -2  tacticsMod: 1  visionRange: 966  sensorsRange: 450  ecmShieldMod: 0  ecmJammedMod: 0  advSensors: 2  probeCarrier: 0  stealth (detailsMod:  sigMulti:  attack:  /  / )  mimetic: (visibilityMulti:   attackMod:  hexesToDecay: )  zoomVision: (attackMod:  hexesToDecay:  attackCap:  maxRange: )  heatVision: (attackMod:  heatDivisor:   maxRange: )  nightVision: True  sharesVision: False  pingedByProbe: 0  narcEffect: (detailsMod:  sigMod:  attackMod: )  tagEffect: (detailsMod:  sigMod:  attackMod: )
15:42:55.781  -- Updating actor: LTV-4 Hover Tank_Defender_2638AC1
15:42:55.781 Re-enabling sensors for LTV-4 Hover Tank_Defender_2638AC1
15:42:55.781 Actor:LTV-4 Hover Tank_Defender_2638AC1 has raw EW Check: 3
15:42:55.781 Raw check: 3  tacticsMod: 1  visionRange: 772.8  sensorsRange: 472.5  ecmShieldMod: 0  ecmJammedMod: 0  advSensors: 2  probeCarrier: 0  stealth (detailsMod:  sigMulti:  attack:  /  / )  mimetic: (visibilityMulti:   attackMod:  hexesToDecay: )  zoomVision: (attackMod:  hexesToDecay:  attackCap:  maxRange: )  heatVision: (attackMod:  heatDivisor:   maxRange: )  nightVision: True  sharesVision: False  pingedByProbe: 0  narcEffect: (detailsMod:  sigMod:  attackMod: )  tagEffect: (detailsMod:  sigMod:  attackMod: )
15:42:55.781  -- Updating actor: Striker Mk.1_Tactician_94384882
15:42:55.781 Re-enabling sensors for Striker Mk.1_Tactician_94384882
15:42:55.781 Actor:Striker Mk.1_Tactician_94384882 has raw EW Check: -5
15:42:55.781 Raw check: -5  tacticsMod: 3  visionRange: 966  sensorsRange: 472.5  ecmShieldMod: 0  ecmJammedMod: 0  advSensors: 2  probeCarrier: 0  stealth (detailsMod:  sigMulti:  attack:  /  / )  mimetic: (visibilityMulti:   attackMod:  hexesToDecay: )  zoomVision: (attackMod:  hexesToDecay:  attackCap:  maxRange: )  heatVision: (attackMod:  heatDivisor:   maxRange: )  nightVision: True  sharesVision: False  pingedByProbe: 0  narcEffect: (detailsMod:  sigMod:  attackMod: )  tagEffect: (detailsMod:  sigMod:  attackMod: )
15:42:55.781  -- Updating actor: Scorpion Medium Tank_Pilot_73DC54B5
15:42:55.781 Re-enabling sensors for Scorpion Medium Tank_Pilot_73DC54B5
15:42:55.781 Actor:Scorpion Medium Tank_Pilot_73DC54B5 has raw EW Check: 0
15:42:55.781 Raw check: 0  tacticsMod: 1  visionRange: 966  sensorsRange: 495  ecmShieldMod: 0  ecmJammedMod: 0  advSensors: 2  probeCarrier: 0  stealth (detailsMod:  sigMulti:  attack:  /  / )  mimetic: (visibilityMulti:   attackMod:  hexesToDecay: )  zoomVision: (attackMod:  hexesToDecay:  attackCap:  maxRange: )  heatVision: (attackMod:  heatDivisor:   maxRange: )  nightVision: True  sharesVision: False  pingedByProbe: 0  narcEffect: (detailsMod:  sigMod:  attackMod: )  tagEffect: (detailsMod:  sigMod:  attackMod: )
15:42:55.781  -- Updating actor: Bushwacker_Tactician_50111D76
15:42:55.781 Re-enabling sensors for Bushwacker_Tactician_50111D76
15:42:55.781 Actor:Bushwacker_Tactician_50111D76 has raw EW Check: -2
15:42:55.781 Raw check: -2  tacticsMod: 4  visionRange: 856.8  sensorsRange: 791.9999  ecmShieldMod: 0  ecmJammedMod: 0  advSensors: 0  probeCarrier: 0  stealth (detailsMod:  sigMulti:  attack:  /  / )  mimetic: (visibilityMulti:   attackMod:  hexesToDecay: )  zoomVision: (attackMod:  hexesToDecay:  attackCap:  maxRange: )  heatVision: (attackMod:  heatDivisor:   maxRange: )  nightVision: False  sharesVision: False  pingedByProbe: 0  narcEffect: (detailsMod:  sigMod:  attackMod: )  tagEffect: (detailsMod:  sigMod:  attackMod: )
15:42:55.781  -- Updating actor: Uziel_Pilot_702475B7
15:42:55.781 Re-enabling sensors for Uziel_Pilot_702475B7
15:42:55.781 Actor:Uziel_Pilot_702475B7 has raw EW Check: -4
15:42:55.781 Raw check: -4  tacticsMod: 1  visionRange: 856.8  sensorsRange: 552  ecmShieldMod: 0  ecmJammedMod: 0  advSensors: 0  probeCarrier: 0  stealth (detailsMod:  sigMulti:  attack:  /  / )  mimetic: (visibilityMulti:   attackMod:  hexesToDecay: )  zoomVision: (attackMod:  hexesToDecay:  attackCap:  maxRange: )  heatVision: (attackMod:  heatDivisor:   maxRange: )  nightVision: False  sharesVision: False  pingedByProbe: 0  narcEffect: (detailsMod:  sigMod:  attackMod: )  tagEffect: (detailsMod:  sigMod:  attackMod: )
15:42:55.781  -- Updating actor: Whitworth_Defender_55C289E9
15:42:55.781 Re-enabling sensors for Whitworth_Defender_55C289E9
15:42:55.781 Actor:Whitworth_Defender_55C289E9 has raw EW Check: 1
15:42:55.781 Raw check: 1  tacticsMod: 1  visionRange: 856.8  sensorsRange: 702  ecmShieldMod: 0  ecmJammedMod: 0  advSensors: 0  probeCarrier: 0  stealth (detailsMod:  sigMulti:  attack:  /  / )  mimetic: (visibilityMulti:   attackMod:  hexesToDecay: )  zoomVision: (attackMod:  hexesToDecay:  attackCap:  maxRange: )  heatVision: (attackMod:  heatDivisor:   maxRange: )  nightVision: False  sharesVision: False  pingedByProbe: 0  narcEffect: (detailsMod:  sigMod:  attackMod: )  tagEffect: (detailsMod:  sigMod:  attackMod: )
15:42:55.781  -- Updating actor: Blackjack_Defender_24AEAAFA
15:42:55.781 Re-enabling sensors for Blackjack_Defender_24AEAAFA
15:42:55.781 Actor:Blackjack_Defender_24AEAAFA has raw EW Check: -1
15:42:55.781 Raw check: -1  tacticsMod: 1  visionRange: 840  sensorsRange: 641.9999  ecmShieldMod: 0  ecmJammedMod: 0  advSensors: 0  probeCarrier: 0  stealth (detailsMod:  sigMulti:  attack:  /  / )  mimetic: (visibilityMulti:   attackMod:  hexesToDecay: )  zoomVision: (attackMod:  hexesToDecay:  attackCap:  maxRange: )  heatVision: (attackMod:  heatDivisor:   maxRange: )  nightVision: False  sharesVision: False  pingedByProbe: 0  narcEffect: (detailsMod:  sigMod:  attackMod: )  tagEffect: (detailsMod:  sigMod:  attackMod: )
15:54:11.266 === Turn Director is beginning round: 3
15:54:11.266  -- Updating actor: DEPLOY_ROT IN HELL_F4A57408
15:54:11.266 Actor:DEPLOY_ROT IN HELL_F4A57408 has raw EW Check: 0
15:54:11.266 Raw check: 0  tacticsMod: 0  visionRange: 840  sensorsRange: 600  ecmShieldMod: 0  ecmJammedMod: 0  advSensors: 0  probeCarrier: 0  stealth (detailsMod:  sigMulti:  attack:  /  / )  mimetic: (visibilityMulti:   attackMod:  hexesToDecay: )  zoomVision: (attackMod:  hexesToDecay:  attackCap:  maxRange: )  heatVision: (attackMod:  heatDivisor:   maxRange: )  nightVision: False  sharesVision: False  pingedByProbe: 0  narcEffect: (detailsMod:  sigMod:  attackMod: )  tagEffect: (detailsMod:  sigMod:  attackMod: )
15:54:11.266  -- Updating actor: Super Griffin_Pappystein_CDB452CE
15:54:11.266 Actor:Super Griffin_Pappystein_CDB452CE has raw EW Check: -2
15:54:11.266 Raw check: -2  tacticsMod: 4  visionRange: 856.8  sensorsRange: 791.9999  ecmShieldMod: 4  ecmJammedMod: 0  advSensors: 0  probeCarrier: 0  stealth (detailsMod:  sigMulti:  attack:  /  / )  mimetic: (visibilityMulti:   attackMod:  hexesToDecay: )  zoomVision: (attackMod:  hexesToDecay:  attackCap:  maxRange: )  heatVision: (attackMod:  heatDivisor:   maxRange: )  nightVision: False  sharesVision: True  pingedByProbe: 0  narcEffect: (detailsMod:  sigMod:  attackMod: )  tagEffect: (detailsMod:  sigMod:  attackMod: )
15:54:11.266  -- Updating actor: Cataphract_Scorch_F9FAE558
15:54:11.266 Actor:Cataphract_Scorch_F9FAE558 has raw EW Check: -1
15:54:11.266 Raw check: -1  tacticsMod: 2  visionRange: 840  sensorsRange: 690  ecmShieldMod: 0  ecmJammedMod: 0  advSensors: 0  probeCarrier: 0  stealth (detailsMod:  sigMulti:  attack:  /  / )  mimetic: (visibilityMulti:   attackMod:  hexesToDecay: )  zoomVision: (attackMod: -1 hexesToDecay: 27 attackCap: 0 maxRange: 810)  heatVision: (attackMod:  heatDivisor:   maxRange: )  nightVision: False  sharesVision: True  pingedByProbe: 0  narcEffect: (detailsMod:  sigMod:  attackMod: )  tagEffect: (detailsMod:  sigMod:  attackMod: )
15:54:11.266  -- Updating actor: Archer_Commando_9D156E66
15:54:11.266 Actor:Archer_Commando_9D156E66 has raw EW Check: 1
15:54:11.268 Raw check: 1  tacticsMod: 2  visionRange: 1106.8  sensorsRange: 762  ecmShieldMod: 0  ecmJammedMod: 0  advSensors: 0  probeCarrier: 0  stealth (detailsMod:  sigMulti:  attack:  /  / )  mimetic: (visibilityMulti:   attackMod:  hexesToDecay: )  zoomVision: (attackMod:  hexesToDecay:  attackCap:  maxRange: )  heatVision: (attackMod:  heatDivisor:   maxRange: )  nightVision: False  sharesVision: False  pingedByProbe: 0  narcEffect: (detailsMod:  sigMod:  attackMod: )  tagEffect: (detailsMod:  sigMod:  attackMod: )
15:54:11.268  -- Updating actor: Avatar_Oddball_E325BAAE
15:54:11.268 Actor:Avatar_Oddball_E325BAAE has raw EW Check: 3
15:54:11.268 Raw check: 3  tacticsMod: 3  visionRange: 840  sensorsRange: 870  ecmShieldMod: 1  ecmJammedMod: 0  advSensors: 1  probeCarrier: 0  stealth (detailsMod:  sigMulti:  attack:  /  / )  mimetic: (visibilityMulti:   attackMod:  hexesToDecay: )  zoomVision: (attackMod: -1 hexesToDecay: 21 attackCap: 0 maxRange: 630)  heatVision: (attackMod: -2 heatDivisor: 60  maxRange: 220)  nightVision: True  sharesVision: False  pingedByProbe: 0  narcEffect: (detailsMod:  sigMod:  attackMod: )  tagEffect: (detailsMod:  sigMod:  attackMod: )
15:54:11.268  -- Updating actor: Valkyrie II_Shade_655D02FD
15:54:11.268 Actor:Valkyrie II_Shade_655D02FD has raw EW Check: 2
15:54:11.268 Raw check: 2  tacticsMod: 3  visionRange: 1066  sensorsRange: 913.2  ecmShieldMod: 0  ecmJammedMod: 0  advSensors: 2  probeCarrier: 0  stealth (detailsMod:  sigMulti:  attack:  /  / )  mimetic: (visibilityMulti:   attackMod:  hexesToDecay: )  zoomVision: (attackMod:  hexesToDecay:  attackCap:  maxRange: )  heatVision: (attackMod:  heatDivisor:   maxRange: )  nightVision: False  sharesVision: False  pingedByProbe: 0  narcEffect: (detailsMod:  sigMod:  attackMod: )  tagEffect: (detailsMod:  sigMod:  attackMod: )
15:54:11.268  -- Updating actor: Toro_Virago_E5666DC7
15:54:11.268 Actor:Toro_Virago_E5666DC7 has raw EW Check: -7
15:54:11.268 Raw check: -7  tacticsMod: 4  visionRange: 956.8  sensorsRange: 641.9999  ecmShieldMod: 0  ecmJammedMod: 0  advSensors: 0  probeCarrier: 0  stealth (detailsMod:  sigMulti:  attack:  /  / )  mimetic: (visibilityMulti:   attackMod:  hexesToDecay: )  zoomVision: (attackMod:  hexesToDecay:  attackCap:  maxRange: )  heatVision: (attackMod:  heatDivisor:   maxRange: )  nightVision: False  sharesVision: False  pingedByProbe: 0  narcEffect: (detailsMod:  sigMod:  attackMod: )  tagEffect: (detailsMod:  sigMod:  attackMod: )
15:54:11.268  -- Updating actor: Flea_Fire Priestess_248ABC36
15:54:11.268 Actor:Flea_Fire Priestess_248ABC36 has raw EW Check: -2
15:54:11.268 Raw check: -2  tacticsMod: 5  visionRange: 1221  sensorsRange: 1005  ecmShieldMod: 4  ecmJammedMod: 0  advSensors: 0  probeCarrier: 0  stealth (detailsMod:  sigMulti:  attack:  /  / )  mimetic: (visibilityMulti:   attackMod:  hexesToDecay: )  zoomVision: (attackMod:  hexesToDecay:  attackCap:  maxRange: )  heatVision: (attackMod:  heatDivisor:   maxRange: )  nightVision: False  sharesVision: False  pingedByProbe: 0  narcEffect: (detailsMod:  sigMod:  attackMod: )  tagEffect: (detailsMod:  sigMod:  attackMod: )
15:54:11.268  -- Updating actor: Trooper_Announcer_221E0761
15:54:11.268 Actor:Trooper_Announcer_221E0761 has raw EW Check: 0
15:54:11.268 Raw check: 0  tacticsMod: 4  visionRange: 840  sensorsRange: 960  ecmShieldMod: 9  ecmJammedMod: 0  advSensors: 12  probeCarrier: 4  stealth (detailsMod:  sigMulti:  attack:  /  / )  mimetic: (visibilityMulti:   attackMod:  hexesToDecay: )  zoomVision: (attackMod: -1 hexesToDecay: 36 attackCap: 0 maxRange: 1080)  heatVision: (attackMod:  heatDivisor:   maxRange: )  nightVision: True  sharesVision: False  pingedByProbe: 0  narcEffect: (detailsMod:  sigMod:  attackMod: )  tagEffect: (detailsMod:  sigMod:  attackMod: )
15:54:11.268  -- Updating actor: Spector_Caveman_B8CF8F2F
15:54:11.268 Actor:Spector_Caveman_B8CF8F2F has raw EW Check: 1
15:54:11.268 Raw check: 1  tacticsMod: 2  visionRange: 1008  sensorsRange: 870  ecmShieldMod: 6  ecmJammedMod: 0  advSensors: 3  probeCarrier: 3  stealth (detailsMod:  sigMulti:  attack:  /  / )  mimetic: (visibilityMulti:   attackMod:  hexesToDecay: )  zoomVision: (attackMod:  hexesToDecay:  attackCap:  maxRange: )  heatVision: (attackMod:  heatDivisor:   maxRange: )  nightVision: True  sharesVision: False  pingedByProbe: 0  narcEffect: (detailsMod:  sigMod:  attackMod: )  tagEffect: (detailsMod:  sigMod:  attackMod: )
15:54:11.268  -- Updating actor: Drillson Hover Tank 3058_Phantom_B42EA726
15:54:11.268 Actor:Drillson Hover Tank 3058_Phantom_B42EA726 has raw EW Check: -2
15:54:11.268 Raw check: -2  tacticsMod: 2  visionRange: 772.8  sensorsRange: 405  ecmShieldMod: 0  ecmJammedMod: 0  advSensors: 2  probeCarrier: 0  stealth (detailsMod:  sigMulti:  attack:  /  / )  mimetic: (visibilityMulti:   attackMod:  hexesToDecay: )  zoomVision: (attackMod:  hexesToDecay:  attackCap:  maxRange: )  heatVision: (attackMod:  heatDivisor:   maxRange: )  nightVision: True  sharesVision: True  pingedByProbe: 0  narcEffect: (detailsMod:  sigMod:  attackMod: )  tagEffect: (detailsMod:  sigMod:  attackMod: )
15:54:11.268  -- Updating actor: Marsden III MBT_Blaze_8F76066D
15:54:11.268 Actor:Marsden III MBT_Blaze_8F76066D has raw EW Check: -1
15:54:11.268 Raw check: -1  tacticsMod: 3  visionRange: 772.8  sensorsRange: 472.5  ecmShieldMod: 0  ecmJammedMod: 0  advSensors: 2  probeCarrier: 0  stealth (detailsMod:  sigMulti:  attack:  /  / )  mimetic: (visibilityMulti:   attackMod:  hexesToDecay: )  zoomVision: (attackMod:  hexesToDecay:  attackCap:  maxRange: )  heatVision: (attackMod:  heatDivisor:   maxRange: )  nightVision: True  sharesVision: True  pingedByProbe: 0  narcEffect: (detailsMod:  sigMod:  attackMod: )  tagEffect: (detailsMod:  sigMod:  attackMod: )
15:54:11.268  -- Updating actor: Warrior H7 Fusion_Boomer_5E1110A2
15:54:11.268 Actor:Warrior H7 Fusion_Boomer_5E1110A2 has raw EW Check: 0
15:54:11.268 Raw check: 0  tacticsMod: 3  visionRange: 672  sensorsRange: 531  ecmShieldMod: 0  ecmJammedMod: 0  advSensors: 2  probeCarrier: 0  stealth (detailsMod:  sigMulti:  attack:  /  / )  mimetic: (visibilityMulti:   attackMod:  hexesToDecay: )  zoomVision: (attackMod:  hexesToDecay:  attackCap:  maxRange: )  heatVision: (attackMod:  heatDivisor:   maxRange: )  nightVision: True  sharesVision: True  pingedByProbe: 0  narcEffect: (detailsMod:  sigMod:  attackMod: )  tagEffect: (detailsMod:  sigMod:  attackMod: )
15:54:11.268  -- Updating actor: Hollander_Pilot_A3C9A6F1
15:54:11.268 Actor:Hollander_Pilot_A3C9A6F1 has raw EW Check: 2
15:54:11.268 Raw check: 2  tacticsMod: 1  visionRange: 856.8  sensorsRange: 732  ecmShieldMod: 0  ecmJammedMod: 0  advSensors: 0  probeCarrier: 0  stealth (detailsMod:  sigMulti:  attack:  /  / )  mimetic: (visibilityMulti:   attackMod:  hexesToDecay: )  zoomVision: (attackMod:  hexesToDecay:  attackCap:  maxRange: )  heatVision: (attackMod:  heatDivisor:   maxRange: )  nightVision: False  sharesVision: False  pingedByProbe: 0  narcEffect: (detailsMod:  sigMod:  attackMod: )  tagEffect: (detailsMod:  sigMod:  attackMod: )
15:54:11.268  -- Updating actor: Valkyrie_Gunner_BBF6A7B1
15:54:11.268 Actor:Valkyrie_Gunner_BBF6A7B1 has raw EW Check: 0
15:54:11.268 Raw check: 0  tacticsMod: 1  visionRange: 840  sensorsRange: 672  ecmShieldMod: 0  ecmJammedMod: 0  advSensors: 2  probeCarrier: 0  stealth (detailsMod:  sigMulti:  attack:  /  / )  mimetic: (visibilityMulti:   attackMod:  hexesToDecay: )  zoomVision: (attackMod:  hexesToDecay:  attackCap:  maxRange: )  heatVision: (attackMod:  heatDivisor:   maxRange: )  nightVision: False  sharesVision: False  pingedByProbe: 0  narcEffect: (detailsMod:  sigMod:  attackMod: )  tagEffect: (detailsMod:  sigMod:  attackMod: )
15:54:11.268  -- Updating actor: Commando_Gunner_D7EE0657
15:54:11.268 Actor:Commando_Gunner_D7EE0657 has raw EW Check: 0
15:54:11.268 Raw check: 0  tacticsMod: 1  visionRange: 856.8  sensorsRange: 672  ecmShieldMod: 0  ecmJammedMod: 0  advSensors: 0  probeCarrier: 0  stealth (detailsMod:  sigMulti:  attack:  /  / )  mimetic: (visibilityMulti:   attackMod:  hexesToDecay: )  zoomVision: (attackMod:  hexesToDecay:  attackCap:  maxRange: )  heatVision: (attackMod:  heatDivisor:   maxRange: )  nightVision: False  sharesVision: False  pingedByProbe: 0  narcEffect: (detailsMod:  sigMod:  attackMod: )  tagEffect: (detailsMod:  sigMod:  attackMod: )
15:54:11.268  -- Updating actor: Razorback_Defender_EF01A5C3
15:54:11.268 Actor:Razorback_Defender_EF01A5C3 has raw EW Check: 0
15:54:11.268 Raw check: 0  tacticsMod: 1  visionRange: 856.8  sensorsRange: 672  ecmShieldMod: 0  ecmJammedMod: 0  advSensors: 0  probeCarrier: 0  stealth (detailsMod:  sigMulti:  attack:  /  / )  mimetic: (visibilityMulti:   attackMod:  hexesToDecay: )  zoomVision: (attackMod:  hexesToDecay:  attackCap:  maxRange: )  heatVision: (attackMod:  heatDivisor:   maxRange: )  nightVision: False  sharesVision: False  pingedByProbe: 0  narcEffect: (detailsMod:  sigMod:  attackMod: )  tagEffect: (detailsMod:  sigMod:  attackMod: )
15:54:11.268  -- Updating actor: Vulcan_Gunner_EC1ABF44
15:54:11.268 Actor:Vulcan_Gunner_EC1ABF44 has raw EW Check: -4
15:54:11.268 Raw check: -4  tacticsMod: 1  visionRange: 856.8  sensorsRange: 552  ecmShieldMod: 0  ecmJammedMod: 0  advSensors: 0  probeCarrier: 0  stealth (detailsMod:  sigMulti:  attack:  /  / )  mimetic: (visibilityMulti:   attackMod:  hexesToDecay: )  zoomVision: (attackMod:  hexesToDecay:  attackCap:  maxRange: )  heatVision: (attackMod:  heatDivisor:   maxRange: )  nightVision: False  sharesVision: False  pingedByProbe: 0  narcEffect: (detailsMod:  sigMod:  attackMod: )  tagEffect: (detailsMod:  sigMod:  attackMod: )
15:54:11.268  -- Updating actor: Spider Venom_Tactician_2084CA97
15:54:11.268 Actor:Spider Venom_Tactician_2084CA97 has raw EW Check: 0
15:54:11.268 Raw check: 0  tacticsMod: 3  visionRange: 856.8  sensorsRange: 791.9999  ecmShieldMod: 0  ecmJammedMod: 0  advSensors: 0  probeCarrier: 0  stealth (detailsMod:  sigMulti:  attack:  /  / )  mimetic: (visibilityMulti:   attackMod:  hexesToDecay: )  zoomVision: (attackMod:  hexesToDecay:  attackCap:  maxRange: )  heatVision: (attackMod:  heatDivisor:   maxRange: )  nightVision: False  sharesVision: False  pingedByProbe: 0  narcEffect: (detailsMod:  sigMod:  attackMod: )  tagEffect: (detailsMod:  sigMod:  attackMod: )
15:54:11.268  -- Updating actor: Valkyrie_Gunner_B5380299
15:54:11.268 Actor:Valkyrie_Gunner_B5380299 has raw EW Check: -1
15:54:11.268 Raw check: -1  tacticsMod: 1  visionRange: 840  sensorsRange: 641.9999  ecmShieldMod: 0  ecmJammedMod: 0  advSensors: 2  probeCarrier: 0  stealth (detailsMod:  sigMulti:  attack:  /  / )  mimetic: (visibilityMulti:   attackMod:  hexesToDecay: )  zoomVision: (attackMod:  hexesToDecay:  attackCap:  maxRange: )  heatVision: (attackMod:  heatDivisor:   maxRange: )  nightVision: False  sharesVision: False  pingedByProbe: 0  narcEffect: (detailsMod:  sigMod:  attackMod: )  tagEffect: (detailsMod:  sigMod:  attackMod: )
15:54:11.268  -- Updating actor: Owens_Gunner_94E0FD34
15:54:11.268 Actor:Owens_Gunner_94E0FD34 has raw EW Check: 1
15:54:11.268 Raw check: 1  tacticsMod: 1  visionRange: 840  sensorsRange: 750  ecmShieldMod: 2  ecmJammedMod: 0  advSensors: 5  probeCarrier: 2  stealth (detailsMod:  sigMulti:  attack:  /  / )  mimetic: (visibilityMulti:   attackMod:  hexesToDecay: )  zoomVision: (attackMod: -1 hexesToDecay: 27 attackCap: 0 maxRange: 810)  heatVision: (attackMod: -2 heatDivisor: 60  maxRange: 220)  nightVision: True  sharesVision: True  pingedByProbe: 0  narcEffect: (detailsMod:  sigMod:  attackMod: )  tagEffect: (detailsMod:  sigMod:  attackMod: )
15:54:11.268  -- Updating actor: Archer_Gladiator_BE734610
15:54:11.268 Actor:Archer_Gladiator_BE734610 has raw EW Check: 0
15:54:11.268 Raw check: 0  tacticsMod: 2  visionRange: 856.8  sensorsRange: 732  ecmShieldMod: 0  ecmJammedMod: 0  advSensors: 0  probeCarrier: 0  stealth (detailsMod:  sigMulti:  attack:  /  / )  mimetic: (visibilityMulti:   attackMod:  hexesToDecay: )  zoomVision: (attackMod:  hexesToDecay:  attackCap:  maxRange: )  heatVision: (attackMod:  heatDivisor:   maxRange: )  nightVision: False  sharesVision: False  pingedByProbe: 0  narcEffect: (detailsMod:  sigMod:  attackMod: )  tagEffect: (detailsMod:  sigMod:  attackMod: )
15:54:11.268  -- Updating actor: Bandit G_Gunner_89BBB8C1
15:54:11.268 Actor:Bandit G_Gunner_89BBB8C1 has raw EW Check: 0
15:54:11.268 Raw check: 0  tacticsMod: 1  visionRange: 966  sensorsRange: 495  ecmShieldMod: 0  ecmJammedMod: 0  advSensors: 2  probeCarrier: 0  stealth (detailsMod:  sigMulti:  attack:  /  / )  mimetic: (visibilityMulti:   attackMod:  hexesToDecay: )  zoomVision: (attackMod:  hexesToDecay:  attackCap:  maxRange: )  heatVision: (attackMod:  heatDivisor:   maxRange: )  nightVision: True  sharesVision: False  pingedByProbe: 0  narcEffect: (detailsMod:  sigMod:  attackMod: )  tagEffect: (detailsMod:  sigMod:  attackMod: )
15:54:11.268  -- Updating actor: Commando_Defender_212B673A
15:54:11.268 Actor:Commando_Defender_212B673A has raw EW Check: 0
15:54:11.268 Raw check: 0  tacticsMod: 1  visionRange: 856.8  sensorsRange: 672  ecmShieldMod: 0  ecmJammedMod: 0  advSensors: 0  probeCarrier: 0  stealth (detailsMod:  sigMulti:  attack:  /  / )  mimetic: (visibilityMulti:   attackMod:  hexesToDecay: )  zoomVision: (attackMod:  hexesToDecay:  attackCap:  maxRange: )  heatVision: (attackMod:  heatDivisor:   maxRange: )  nightVision: False  sharesVision: False  pingedByProbe: 0  narcEffect: (detailsMod:  sigMod:  attackMod: )  tagEffect: (detailsMod:  sigMod:  attackMod: )
15:54:11.268  -- Updating actor: Bandit_Tactician_683BA11
15:54:11.268 Actor:Bandit_Tactician_683BA11 has raw EW Check: -2
15:54:11.268 Raw check: -2  tacticsMod: 3  visionRange: 840  sensorsRange: 540  ecmShieldMod: 0  ecmJammedMod: 0  advSensors: 2  probeCarrier: 0  stealth (detailsMod:  sigMulti:  attack:  /  / )  mimetic: (visibilityMulti:   attackMod:  hexesToDecay: )  zoomVision: (attackMod:  hexesToDecay:  attackCap:  maxRange: )  heatVision: (attackMod:  heatDivisor:   maxRange: )  nightVision: True  sharesVision: False  pingedByProbe: 0  narcEffect: (detailsMod:  sigMod:  attackMod: )  tagEffect: (detailsMod:  sigMod:  attackMod: )
15:54:11.268  -- Updating actor: Javelin_Pilot_B728E8F2
15:54:11.268 Actor:Javelin_Pilot_B728E8F2 has raw EW Check: -1
15:54:11.268 Raw check: -1  tacticsMod: 1  visionRange: 210  sensorsRange: 641.9999  ecmShieldMod: 0  ecmJammedMod: 0  advSensors: 0  probeCarrier: 0  stealth (detailsMod:  sigMulti:  attack:  /  / )  mimetic: (visibilityMulti:   attackMod:  hexesToDecay: )  zoomVision: (attackMod:  hexesToDecay:  attackCap:  maxRange: )  heatVision: (attackMod:  heatDivisor:   maxRange: )  nightVision: False  sharesVision: False  pingedByProbe: 0  narcEffect: (detailsMod:  sigMod:  attackMod: )  tagEffect: (detailsMod:  sigMod:  attackMod: )
15:54:11.268  -- Updating actor: Bandit E_Defender_BB832816
15:54:11.268 Actor:Bandit E_Defender_BB832816 has raw EW Check: -2
15:54:11.268 Raw check: -2  tacticsMod: 1  visionRange: 966  sensorsRange: 450  ecmShieldMod: 0  ecmJammedMod: 0  advSensors: 2  probeCarrier: 0  stealth (detailsMod:  sigMulti:  attack:  /  / )  mimetic: (visibilityMulti:   attackMod:  hexesToDecay: )  zoomVision: (attackMod:  hexesToDecay:  attackCap:  maxRange: )  heatVision: (attackMod:  heatDivisor:   maxRange: )  nightVision: True  sharesVision: False  pingedByProbe: 0  narcEffect: (detailsMod:  sigMod:  attackMod: )  tagEffect: (detailsMod:  sigMod:  attackMod: )
15:54:11.268  -- Updating actor: LTV-4 Hover Tank_Defender_2638AC1
15:54:11.268 Actor:LTV-4 Hover Tank_Defender_2638AC1 has raw EW Check: 0
15:54:11.268 Raw check: 0  tacticsMod: 1  visionRange: 772.8  sensorsRange: 405  ecmShieldMod: 0  ecmJammedMod: 0  advSensors: 2  probeCarrier: 0  stealth (detailsMod:  sigMulti:  attack:  /  / )  mimetic: (visibilityMulti:   attackMod:  hexesToDecay: )  zoomVision: (attackMod:  hexesToDecay:  attackCap:  maxRange: )  heatVision: (attackMod:  heatDivisor:   maxRange: )  nightVision: True  sharesVision: False  pingedByProbe: 0  narcEffect: (detailsMod:  sigMod:  attackMod: )  tagEffect: (detailsMod:  sigMod:  attackMod: )
15:54:11.268  -- Updating actor: Striker Mk.1_Tactician_94384882
15:54:11.268 Actor:Striker Mk.1_Tactician_94384882 has raw EW Check: -5
15:54:11.268 Raw check: -5  tacticsMod: 3  visionRange: 966  sensorsRange: 472.5  ecmShieldMod: 0  ecmJammedMod: 0  advSensors: 2  probeCarrier: 0  stealth (detailsMod:  sigMulti:  attack:  /  / )  mimetic: (visibilityMulti:   attackMod:  hexesToDecay: )  zoomVision: (attackMod:  hexesToDecay:  attackCap:  maxRange: )  heatVision: (attackMod:  heatDivisor:   maxRange: )  nightVision: True  sharesVision: False  pingedByProbe: 0  narcEffect: (detailsMod:  sigMod:  attackMod: )  tagEffect: (detailsMod:  sigMod:  attackMod: )
15:54:11.268  -- Updating actor: Scorpion Medium Tank_Pilot_73DC54B5
15:54:11.268 Actor:Scorpion Medium Tank_Pilot_73DC54B5 has raw EW Check: -1
15:54:11.268 Raw check: -1  tacticsMod: 1  visionRange: 966  sensorsRange: 472.5  ecmShieldMod: 0  ecmJammedMod: 0  advSensors: 2  probeCarrier: 0  stealth (detailsMod:  sigMulti:  attack:  /  / )  mimetic: (visibilityMulti:   attackMod:  hexesToDecay: )  zoomVision: (attackMod:  hexesToDecay:  attackCap:  maxRange: )  heatVision: (attackMod:  heatDivisor:   maxRange: )  nightVision: True  sharesVision: False  pingedByProbe: 0  narcEffect: (detailsMod:  sigMod:  attackMod: )  tagEffect: (detailsMod:  sigMod:  attackMod: )
15:54:11.268  -- Updating actor: Bushwacker_Tactician_50111D76
15:54:11.268 Actor:Bushwacker_Tactician_50111D76 has raw EW Check: -1
15:54:11.268 Raw check: -1  tacticsMod: 4  visionRange: 856.8  sensorsRange: 822  ecmShieldMod: 0  ecmJammedMod: 0  advSensors: 0  probeCarrier: 0  stealth (detailsMod:  sigMulti:  attack:  /  / )  mimetic: (visibilityMulti:   attackMod:  hexesToDecay: )  zoomVision: (attackMod:  hexesToDecay:  attackCap:  maxRange: )  heatVision: (attackMod:  heatDivisor:   maxRange: )  nightVision: False  sharesVision: False  pingedByProbe: 0  narcEffect: (detailsMod:  sigMod:  attackMod: )  tagEffect: (detailsMod:  sigMod:  attackMod: )
15:54:11.268  -- Updating actor: Uziel_Pilot_702475B7
15:54:11.268 Actor:Uziel_Pilot_702475B7 has raw EW Check: 1
15:54:11.268 Raw check: 1  tacticsMod: 1  visionRange: 856.8  sensorsRange: 702  ecmShieldMod: 0  ecmJammedMod: 0  advSensors: 0  probeCarrier: 0  stealth (detailsMod:  sigMulti:  attack:  /  / )  mimetic: (visibilityMulti:   attackMod:  hexesToDecay: )  zoomVision: (attackMod:  hexesToDecay:  attackCap:  maxRange: )  heatVision: (attackMod:  heatDivisor:   maxRange: )  nightVision: False  sharesVision: False  pingedByProbe: 0  narcEffect: (detailsMod:  sigMod:  attackMod: )  tagEffect: (detailsMod:  sigMod:  attackMod: )
15:54:11.268  -- Updating actor: Whitworth_Defender_55C289E9
15:54:11.268 Actor:Whitworth_Defender_55C289E9 has raw EW Check: -1
15:54:11.268 Raw check: -1  tacticsMod: 1  visionRange: 856.8  sensorsRange: 641.9999  ecmShieldMod: 0  ecmJammedMod: 0  advSensors: 0  probeCarrier: 0  stealth (detailsMod:  sigMulti:  attack:  /  / )  mimetic: (visibilityMulti:   attackMod:  hexesToDecay: )  zoomVision: (attackMod:  hexesToDecay:  attackCap:  maxRange: )  heatVision: (attackMod:  heatDivisor:   maxRange: )  nightVision: False  sharesVision: False  pingedByProbe: 0  narcEffect: (detailsMod:  sigMod:  attackMod: )  tagEffect: (detailsMod:  sigMod:  attackMod: )
15:54:11.268  -- Updating actor: Blackjack_Defender_24AEAAFA
15:54:11.268 Actor:Blackjack_Defender_24AEAAFA has raw EW Check: -3
15:54:11.268 Raw check: -3  tacticsMod: 1  visionRange: 840  sensorsRange: 582  ecmShieldMod: 0  ecmJammedMod: 0  advSensors: 0  probeCarrier: 0  stealth (detailsMod:  sigMulti:  attack:  /  / )  mimetic: (visibilityMulti:   attackMod:  hexesToDecay: )  zoomVision: (attackMod:  hexesToDecay:  attackCap:  maxRange: )  heatVision: (attackMod:  heatDivisor:   maxRange: )  nightVision: False  sharesVision: False  pingedByProbe: 0  narcEffect: (detailsMod:  sigMod:  attackMod: )  tagEffect: (detailsMod:  sigMod:  attackMod: )
