15:18:20.034 INFO: No errors reading settings file.
15:18:20.039 Assembly version: 2.0.0
15:18:20.047 === MOD CONFIG BEGIN ===
15:18:20.047   DEBUG:False Trace:False
15:18:20.047   == Probability ==
15:18:20.047 ProbabilitySigma:3, ProbabilityMu:-1
15:18:20.047   == Sensors ==
15:18:20.047 Type Ranges - Mech: 600 Trooper: 120 Vehicle: 450 Turret: 710 UnknownType: 390
15:18:20.047 MinimumRange: 350  FirstTurnForceFailedChecks: False  MaxECMDetailsPenalty: -11
15:18:20.047   == Vision ==
15:18:20.047 Vision Ranges - Bright: 1200 Dim:600 Dark:300
15:18:20.047 Range Multis - Rain/Snow: x0.8 Light Fog: x0.8 HeavyFog: x0.7
15:18:20.047 Minimum range: 150 ScanRange: 400
15:18:20.047   == FogOfWar ==
15:18:20.047 RedrawFogOfWarOnActivation: False  ShowTerrainThroughFogOfWar: True
15:18:20.047   == Attacking ==
15:18:20.047   == Integrations ==
15:18:20.047   -- IRTweaks --
15:18:20.047 CombatLogNames: 0 
15:18:20.047 EnableLogging: False 
15:18:20.047 === MOD CONFIG END ===
15:30:02.460 LOADING EFFECT ICONS...
15:30:02.460   ICON LOADING COMPLETE!
15:32:42.605  -- PARSING CURRENT MAP
15:32:42.605    currentMood: Foggy Day
15:32:42.606   Calculating vision range as Math.Ceil(baseVision:1200 * visionMulti:0.7) = visRange:840.
15:32:42.606 Map vision range = visual:840 / visualScan:400
15:41:48.943 Initializing a new random buffer of size:16384
15:41:48.950  -- PARSING CURRENT MAP
15:41:48.950    currentMood: EDM Verdant Day Rainy
15:41:48.950   Calculating vision range as Math.Ceil(baseVision:1200 * visionMulti:0.7) = visRange:840.
15:41:48.950 Map vision range = visual:840 / visualScan:400
15:41:48.963  == shockwaveBlack_alpha loaded? True
15:41:48.967  == vfxMatPrtl_ECMdistortionStrong loaded? True
15:42:01.146 === Turn Director is starting first round!
15:42:01.177  -- CHECKING MOOD SETTINGS
15:42:01.177    currentMood: EDM Verdant Day Rainy
15:42:01.177    moodTags: biomeVerdantHighlands,biomeVerdantLowlands,mood_fogHeavy,mood_mapTypeArena,mood_mapTypeCampaign,mood_mapTypeGeneral,mood_timeDay,mood_weatherRain
15:42:08.105   -- effects tooltip text is: <size=90%><b>ECM SHIELD</b>: <color=#00FF00>+4</color> to detect or attack.

15:42:08.175 Updating last activated actor to: (DEPLOY_ROT IN HELL_F4A57408)
15:42:53.542   -- effects tooltip text is: <size=90%><b>ECM SHIELD</b>: <color=#00FF00>+4</color> to detect or attack.

15:42:54.262   -- effects tooltip text is: <size=90%><b>ECM SHIELD</b>: <color=#00FF00>+4</color> to detect or attack.

15:42:54.266   -- effects tooltip text is: <size=90%><b>ECM SHIELD</b>: <color=#00FF00>+4</color> to detect or attack.

15:42:54.823   -- effects tooltip text is: <size=90%><b>ECM SHIELD</b>: <color=#00FF00>+4</color> to detect or attack.

15:42:55.816  -- CHECKING MOOD SETTINGS
15:42:55.816    currentMood: EDM Verdant Day Rainy
15:42:55.816    moodTags: biomeVerdantHighlands,biomeVerdantLowlands,mood_fogHeavy,mood_mapTypeArena,mood_mapTypeCampaign,mood_mapTypeGeneral,mood_timeDay,mood_weatherRain
15:47:46.756   -- effects tooltip text is: <size=90%><b>ECM SHIELD</b>: <color=#00FF00>+4</color> to detect or attack.

15:47:46.786 Updating last activated actor to: (Valkyrie II_Shade_655D02FD)
15:47:48.799   -- effects tooltip text is: <size=90%><b>ECM SHIELD</b>: <color=#00FF00>+6</color> to detect or attack.
<size=90%><b>ACTIVE PROBE</b>: <color=#00FF00>-3</color> to enemy ECM, Stealth, Mimetic

15:47:48.823 Updating last activated actor to: (Spector_Caveman_B8CF8F2F)
15:48:05.728 == Mech: Spector_Caveman_B8CF8F2F updated to position: (-504.0, 243.2, -97.0) rot: (0.0, 0.8, 0.0, 0.6) from position: (-504.0, 243.2, -97.0) rot: (0.0, 0.0, 0.0, 0.0)
15:48:05.804 == Mech: Spector_Caveman_B8CF8F2F updated to position: (-504.0, 243.2, -97.0) rot: (0.0, 0.8, 0.0, 0.6) from position: (-504.0, 243.2, -97.0) rot: (0.0, 0.0, 0.0, 0.0)
15:48:05.856 == Mech: Spector_Caveman_B8CF8F2F updated to position: (-672.0, 215.4, 48.5) rot: (0.0, -0.4, 0.0, 0.9) from position: (-504.0, 243.2, -97.0) rot: (0.0, 0.0, 0.0, 0.0)
15:48:05.881 == Mech: Spector_Caveman_B8CF8F2F updated to position: (-672.0, 215.4, 48.5) rot: (0.0, -0.4, 0.0, 0.9) from position: (-504.0, 243.2, -97.0) rot: (0.0, 0.0, 0.0, 0.0)
15:48:05.899 == Mech: Spector_Caveman_B8CF8F2F updated to position: (-672.0, 215.4, 48.5) rot: (0.0, -0.4, 0.0, 0.9) from position: (-504.0, 243.2, -97.0) rot: (0.0, 0.0, 0.0, 0.0)
15:48:05.907   -- effects tooltip text is: <size=90%><b>ECM SHIELD</b>: <color=#00FF00>+6</color> to detect or attack.
<size=90%><b>ACTIVE PROBE</b>: <color=#00FF00>-3</color> to enemy ECM, Stealth, Mimetic

15:48:05.911   -- effects tooltip text is: <size=90%><b>ECM SHIELD</b>: <color=#00FF00>+6</color> to detect or attack.
<size=90%><b>ACTIVE PROBE</b>: <color=#00FF00>-3</color> to enemy ECM, Stealth, Mimetic

15:48:11.318   -- effects tooltip text is: <size=90%><b>ECM SHIELD</b>: <color=#00FF00>+5</color> to detect or attack.
<size=90%><b>ACTIVE PROBE</b>: <color=#00FF00>-4</color> to enemy ECM, Stealth, Mimetic

15:48:11.329 Updating last activated actor to: (Trooper_Announcer_221E0761)
15:48:17.098 == Mech: Trooper_Announcer_221E0761 updated to position: (-476.0, 248.8, -145.5) rot: (0.0, 0.1, 0.0, 1.0) from position: (-476.0, 248.8, -145.5) rot: (0.0, 0.0, 0.0, 0.0)
15:48:17.150 == Mech: Trooper_Announcer_221E0761 updated to position: (-562.1, 220.6, 25.2) rot: (0.0, 0.1, 0.0, 1.0) from position: (-476.0, 248.8, -145.5) rot: (0.0, 0.0, 0.0, 0.0)
15:48:17.213 == Mech: Trooper_Announcer_221E0761 updated to position: (-633.1, 217.6, 38.4) rot: (0.0, -0.6, 0.0, 0.8) from position: (-476.0, 248.8, -145.5) rot: (0.0, 0.0, 0.0, 0.0)
15:48:17.276 == Mech: Trooper_Announcer_221E0761 updated to position: (-650.0, 216.3, 50.9) rot: (0.0, -0.5, 0.0, 0.9) from position: (-476.0, 248.8, -145.5) rot: (0.0, 0.0, 0.0, 0.0)
15:48:17.338 == Mech: Trooper_Announcer_221E0761 updated to position: (-665.0, 215.0, 63.7) rot: (0.0, -0.4, 0.0, 0.9) from position: (-476.0, 248.8, -145.5) rot: (0.0, 0.0, 0.0, 0.0)
15:48:17.398 == Mech: Trooper_Announcer_221E0761 updated to position: (-674.0, 212.4, 72.0) rot: (0.0, -0.4, 0.0, 0.9) from position: (-476.0, 248.8, -145.5) rot: (0.0, 0.0, 0.0, 0.0)
15:48:17.449 == Mech: Trooper_Announcer_221E0761 updated to position: (-679.3, 211.0, 77.1) rot: (0.0, -0.4, 0.0, 0.9) from position: (-476.0, 248.8, -145.5) rot: (0.0, 0.0, 0.0, 0.0)
15:48:17.495 == Mech: Trooper_Announcer_221E0761 updated to position: (-683.1, 212.8, 80.8) rot: (0.0, -0.4, 0.0, 0.9) from position: (-476.0, 248.8, -145.5) rot: (0.0, 0.0, 0.0, 0.0)
15:48:17.551 == Mech: Trooper_Announcer_221E0761 updated to position: (-685.9, 215.0, 83.6) rot: (0.0, -0.4, 0.0, 0.9) from position: (-476.0, 248.8, -145.5) rot: (0.0, 0.0, 0.0, 0.0)
15:48:17.605 == Mech: Trooper_Announcer_221E0761 updated to position: (-688.7, 216.9, 86.4) rot: (0.0, -0.4, 0.0, 0.9) from position: (-476.0, 248.8, -145.5) rot: (0.0, 0.0, 0.0, 0.0)
15:48:17.660 == Mech: Trooper_Announcer_221E0761 updated to position: (-690.6, 217.9, 88.2) rot: (0.0, -0.4, 0.0, 0.9) from position: (-476.0, 248.8, -145.5) rot: (0.0, 0.0, 0.0, 0.0)
15:48:17.710 == Mech: Trooper_Announcer_221E0761 updated to position: (-692.6, 218.6, 90.1) rot: (0.0, -0.4, 0.0, 0.9) from position: (-476.0, 248.8, -145.5) rot: (0.0, 0.0, 0.0, 0.0)
15:48:17.758 == Mech: Trooper_Announcer_221E0761 updated to position: (-694.0, 219.1, 91.5) rot: (0.0, -0.4, 0.0, 0.9) from position: (-476.0, 248.8, -145.5) rot: (0.0, 0.0, 0.0, 0.0)
15:48:17.806 == Mech: Trooper_Announcer_221E0761 updated to position: (-695.3, 219.7, 92.8) rot: (0.0, -0.4, 0.0, 0.9) from position: (-476.0, 248.8, -145.5) rot: (0.0, 0.0, 0.0, 0.0)
15:48:17.855 == Mech: Trooper_Announcer_221E0761 updated to position: (-696.6, 220.3, 94.0) rot: (0.0, -0.4, 0.0, 0.9) from position: (-476.0, 248.8, -145.5) rot: (0.0, 0.0, 0.0, 0.0)
15:48:17.905 == Mech: Trooper_Announcer_221E0761 updated to position: (-697.8, 221.0, 95.1) rot: (0.0, -0.4, 0.0, 0.9) from position: (-476.0, 248.8, -145.5) rot: (0.0, 0.0, 0.0, 0.0)
15:48:17.952 == Mech: Trooper_Announcer_221E0761 updated to position: (-698.9, 221.8, 96.1) rot: (0.0, -0.4, 0.0, 0.9) from position: (-476.0, 248.8, -145.5) rot: (0.0, 0.0, 0.0, 0.0)
15:48:18.006 == Mech: Trooper_Announcer_221E0761 updated to position: (-698.9, 221.8, 96.1) rot: (0.0, -0.4, 0.0, 0.9) from position: (-476.0, 248.8, -145.5) rot: (0.0, 0.0, 0.0, 0.0)
15:48:18.056 == Mech: Trooper_Announcer_221E0761 updated to position: (-700.0, 222.7, 97.0) rot: (0.0, -0.4, 0.0, 0.9) from position: (-476.0, 248.8, -145.5) rot: (0.0, 0.0, 0.0, 0.0)
15:48:18.062 == Mech: Trooper_Announcer_221E0761 updated to position: (-700.0, 222.7, 97.0) rot: (0.0, -0.4, 0.0, 0.9) from position: (-476.0, 248.8, -145.5) rot: (0.0, 0.0, 0.0, 0.0)
15:48:18.078 == Mech: Trooper_Announcer_221E0761 updated to position: (-700.0, 222.7, 97.0) rot: (0.0, -0.4, 0.0, 0.9) from position: (-476.0, 248.8, -145.5) rot: (0.0, 0.0, 0.0, 0.0)
15:48:18.085   -- effects tooltip text is: <size=90%><b>ECM SHIELD</b>: <color=#00FF00>+9</color> to detect or attack.
<size=90%><b>ACTIVE PROBE</b>: <color=#00FF00>-4</color> to enemy ECM, Stealth, Mimetic

15:48:18.089   -- effects tooltip text is: <size=90%><b>ECM SHIELD</b>: <color=#00FF00>+9</color> to detect or attack.
<size=90%><b>ACTIVE PROBE</b>: <color=#00FF00>-4</color> to enemy ECM, Stealth, Mimetic

15:48:21.202 Updating last activated actor to: (Toro_Virago_E5666DC7)
15:48:25.259 == Mech: Toro_Virago_E5666DC7 updated to position: (-532.0, 243.2, -145.5) rot: (0.0, 0.5, 0.0, 0.9) from position: (-532.0, 243.2, -145.5) rot: (0.0, 0.0, 0.0, 0.0)
15:48:25.306 == Mech: Toro_Virago_E5666DC7 updated to position: (-540.8, 222.3, -3.0) rot: (0.0, 0.5, 0.0, 0.9) from position: (-532.0, 243.2, -145.5) rot: (0.0, 0.0, 0.0, 0.0)
15:48:25.372 == Mech: Toro_Virago_E5666DC7 updated to position: (-551.8, 222.3, -0.3) rot: (0.0, -0.4, 0.0, 0.9) from position: (-532.0, 243.2, -145.5) rot: (0.0, 0.0, 0.0, 0.0)
15:48:25.429 == Mech: Toro_Virago_E5666DC7 updated to position: (-551.8, 222.3, -0.3) rot: (0.0, -0.8, 0.0, 0.6) from position: (-532.0, 243.2, -145.5) rot: (0.0, 0.0, 0.0, 0.0)
15:48:25.476 == Mech: Toro_Virago_E5666DC7 updated to position: (-551.8, 222.3, -0.3) rot: (0.0, -0.7, 0.0, 0.7) from position: (-532.0, 243.2, -145.5) rot: (0.0, 0.0, 0.0, 0.0)
15:48:25.523 == Mech: Toro_Virago_E5666DC7 updated to position: (-551.8, 222.3, -0.3) rot: (0.0, -0.5, 0.0, 0.8) from position: (-532.0, 243.2, -145.5) rot: (0.0, 0.0, 0.0, 0.0)
15:48:25.570 == Mech: Toro_Virago_E5666DC7 updated to position: (-560.0, 221.9, 0.0) rot: (0.0, -0.5, 0.0, 0.9) from position: (-532.0, 243.2, -145.5) rot: (0.0, 0.0, 0.0, 0.0)
15:48:25.574 == Mech: Toro_Virago_E5666DC7 updated to position: (-560.0, 221.9, 0.0) rot: (0.0, -0.5, 0.0, 0.9) from position: (-532.0, 243.2, -145.5) rot: (0.0, 0.0, 0.0, 0.0)
15:48:25.592 == Mech: Toro_Virago_E5666DC7 updated to position: (-560.0, 221.9, 0.0) rot: (0.0, -0.5, 0.0, 0.9) from position: (-532.0, 243.2, -145.5) rot: (0.0, 0.0, 0.0, 0.0)
15:48:46.896 == Mech: Commando_Gunner_D7EE0657 updated to position: (-784.0, 259.6, 145.5) rot: (0.0, 0.8, 0.0, 0.6) from position: (-912.0, 296.9, 166.3) rot: (0.0, 0.0, 0.0, 0.0)
15:48:46.920 == Mech: Commando_Gunner_D7EE0657 updated to position: (-784.0, 259.6, 145.5) rot: (0.0, 0.8, 0.0, 0.6) from position: (-912.0, 296.9, 166.3) rot: (0.0, 0.0, 0.0, 0.0)
15:48:49.104 Updating last activated actor to: (Flea_Fire Priestess_248ABC36)
15:48:52.815 == Mech: Flea_Fire Priestess_248ABC36 updated to position: (-504.0, 243.2, -145.5) rot: (0.0, 0.2, 0.0, 1.0) from position: (-504.0, 243.2, -145.5) rot: (0.0, 0.0, 0.0, 0.0)
15:48:52.866 == Mech: Flea_Fire Priestess_248ABC36 updated to position: (-555.5, 221.1, 20.3) rot: (0.0, 0.2, 0.0, 1.0) from position: (-504.0, 243.2, -145.5) rot: (0.0, 0.0, 0.0, 0.0)
15:48:52.937 == Mech: Flea_Fire Priestess_248ABC36 updated to position: (-607.3, 219.0, 25.5) rot: (0.0, -0.3, 0.0, 0.9) from position: (-504.0, 243.2, -145.5) rot: (0.0, 0.0, 0.0, 0.0)
15:48:52.996 == Mech: Flea_Fire Priestess_248ABC36 updated to position: (-622.8, 218.1, 32.1) rot: (0.0, -0.6, 0.0, 0.8) from position: (-504.0, 243.2, -145.5) rot: (0.0, 0.0, 0.0, 0.0)
15:48:53.054 == Mech: Flea_Fire Priestess_248ABC36 updated to position: (-629.6, 217.7, 36.1) rot: (0.0, -0.5, 0.0, 0.9) from position: (-504.0, 243.2, -145.5) rot: (0.0, 0.0, 0.0, 0.0)
15:48:53.119 == Mech: Flea_Fire Priestess_248ABC36 updated to position: (-634.5, 217.5, 40.2) rot: (0.0, -0.5, 0.0, 0.9) from position: (-504.0, 243.2, -145.5) rot: (0.0, 0.0, 0.0, 0.0)
15:48:53.171 == Mech: Flea_Fire Priestess_248ABC36 updated to position: (-637.6, 217.2, 43.6) rot: (0.0, -0.4, 0.0, 0.9) from position: (-504.0, 243.2, -145.5) rot: (0.0, 0.0, 0.0, 0.0)
15:48:53.220 == Mech: Flea_Fire Priestess_248ABC36 updated to position: (-639.6, 217.0, 45.5) rot: (0.0, -0.4, 0.0, 0.9) from position: (-504.0, 243.2, -145.5) rot: (0.0, 0.0, 0.0, 0.0)
15:48:53.271 == Mech: Flea_Fire Priestess_248ABC36 updated to position: (-641.4, 216.8, 46.9) rot: (0.0, -0.4, 0.0, 0.9) from position: (-504.0, 243.2, -145.5) rot: (0.0, 0.0, 0.0, 0.0)
15:48:53.335 == Mech: Flea_Fire Priestess_248ABC36 updated to position: (-643.2, 216.7, 48.0) rot: (0.0, -0.5, 0.0, 0.9) from position: (-504.0, 243.2, -145.5) rot: (0.0, 0.0, 0.0, 0.0)
15:48:53.403 == Mech: Flea_Fire Priestess_248ABC36 updated to position: (-644.0, 216.7, 48.5) rot: (0.0, -0.5, 0.0, 0.9) from position: (-504.0, 243.2, -145.5) rot: (0.0, 0.0, 0.0, 0.0)
15:48:53.410 == Mech: Flea_Fire Priestess_248ABC36 updated to position: (-644.0, 216.7, 48.5) rot: (0.0, -0.5, 0.0, 0.9) from position: (-504.0, 243.2, -145.5) rot: (0.0, 0.0, 0.0, 0.0)
15:48:53.427 == Mech: Flea_Fire Priestess_248ABC36 updated to position: (-644.0, 216.7, 48.5) rot: (0.0, -0.5, 0.0, 0.9) from position: (-504.0, 243.2, -145.5) rot: (0.0, 0.0, 0.0, 0.0)
15:48:53.436   -- effects tooltip text is: <size=90%><b>ECM SHIELD</b>: <color=#00FF00>+4</color> to detect or attack.

15:48:53.439   -- effects tooltip text is: <size=90%><b>ECM SHIELD</b>: <color=#00FF00>+4</color> to detect or attack.

15:48:57.970 == Mech: Commando_Defender_212B673A updated to position: (-518.0, 193.7, 460.7) rot: (0.0, 1.0, 0.0, -0.1) from position: (-480.0, 168.8, 623.5) rot: (0.0, 0.0, 0.0, 0.0)
15:48:57.995 == Mech: Commando_Defender_212B673A updated to position: (-518.0, 193.6, 460.7) rot: (0.0, 1.0, 0.0, -0.1) from position: (-480.0, 168.8, 623.5) rot: (0.0, 0.0, 0.0, 0.0)
15:49:02.801   -- effects tooltip text is: <size=90%><b>ECM SHIELD</b>: <color=#00FF00>+4</color> to detect or attack.

15:49:02.815 Updating last activated actor to: (Warrior H7 Fusion_Boomer_5E1110A2)
15:49:11.926 == Mech: Warrior H7 Fusion_Boomer_5E1110A2 updated to position: (-574.0, 243.2, -169.7) rot: (0.0, 0.3, 0.0, 0.9) from position: (-574.0, 243.2, -169.7) rot: (0.0, 0.0, 0.0, 0.0)
15:49:11.967 == Mech: Warrior H7 Fusion_Boomer_5E1110A2 updated to position: (-574.0, 243.2, -169.7) rot: (0.0, 0.3, 0.0, 0.9) from position: (-574.0, 243.2, -169.7) rot: (0.0, 0.0, 0.0, 0.0)
15:49:12.010 == Mech: Warrior H7 Fusion_Boomer_5E1110A2 updated to position: (-546.0, 221.1, 24.2) rot: (0.0, -0.2, 0.0, 1.0) from position: (-574.0, 243.2, -169.7) rot: (0.0, 0.0, 0.0, 0.0)
15:49:12.012 == Mech: Warrior H7 Fusion_Boomer_5E1110A2 updated to position: (-546.0, 221.1, 24.2) rot: (0.0, -0.2, 0.0, 1.0) from position: (-574.0, 243.2, -169.7) rot: (0.0, 0.0, 0.0, 0.0)
15:49:12.028 == Mech: Warrior H7 Fusion_Boomer_5E1110A2 updated to position: (-546.0, 221.1, 24.2) rot: (0.0, -0.2, 0.0, 1.0) from position: (-574.0, 243.2, -169.7) rot: (0.0, 0.0, 0.0, 0.0)
15:49:12.034   -- effects tooltip text is: <size=90%><b>ECM SHIELD</b>: <color=#00FF00>+4</color> to detect or attack.

15:49:12.036   -- effects tooltip text is: <size=90%><b>ECM SHIELD</b>: <color=#00FF00>+4</color> to detect or attack.

15:49:23.728 == Mech: Scorpion Medium Tank_Pilot_73DC54B5 updated to position: (-420.0, 170.6, 644.3) rot: (0.0, 1.0, 0.0, 0.0) from position: (-420.0, 170.6, 644.3) rot: (0.0, 0.0, 0.0, 0.0)
15:49:23.765 == Mech: Scorpion Medium Tank_Pilot_73DC54B5 updated to position: (-462.0, 163.7, 557.7) rot: (0.0, 1.0, 0.0, -0.2) from position: (-420.0, 170.6, 644.3) rot: (0.0, 0.0, 0.0, 0.0)
15:49:23.788 == Mech: Scorpion Medium Tank_Pilot_73DC54B5 updated to position: (-462.0, 163.7, 557.7) rot: (0.0, 1.0, 0.0, -0.2) from position: (-420.0, 170.6, 644.3) rot: (0.0, 0.0, 0.0, 0.0)
15:49:26.288   -- effects tooltip text is: <size=90%><b>ECM SHIELD</b>: <color=#00FF00>+4</color> to detect or attack.

15:49:26.299 Updating last activated actor to: (Valkyrie II_Shade_655D02FD)
15:49:32.647 == Mech: Valkyrie II_Shade_655D02FD updated to position: (-546.0, 243.2, -169.7) rot: (0.0, 0.5, 0.0, 0.9) from position: (-546.0, 243.2, -169.7) rot: (0.0, 0.0, 0.0, 0.0)
15:49:32.696 == Mech: Valkyrie II_Shade_655D02FD updated to position: (-460.4, 222.1, -2.1) rot: (0.0, 0.5, 0.0, 0.9) from position: (-546.0, 243.2, -169.7) rot: (0.0, 0.0, 0.0, 0.0)
15:49:32.781 == Mech: Valkyrie II_Shade_655D02FD updated to position: (-456.4, 220.2, 15.4) rot: (0.0, 0.1, 0.0, 1.0) from position: (-546.0, 243.2, -169.7) rot: (0.0, 0.0, 0.0, 0.0)
15:49:32.856 == Mech: Valkyrie II_Shade_655D02FD updated to position: (-453.8, 219.2, 24.6) rot: (0.0, 0.1, 0.0, 1.0) from position: (-546.0, 243.2, -169.7) rot: (0.0, 0.0, 0.0, 0.0)
15:49:32.924 == Mech: Valkyrie II_Shade_655D02FD updated to position: (-452.5, 218.8, 29.1) rot: (0.0, 0.1, 0.0, 1.0) from position: (-546.0, 243.2, -169.7) rot: (0.0, 0.0, 0.0, 0.0)
15:49:32.977 == Mech: Valkyrie II_Shade_655D02FD updated to position: (-451.7, 218.6, 32.1) rot: (0.0, 0.1, 0.0, 1.0) from position: (-546.0, 243.2, -169.7) rot: (0.0, 0.0, 0.0, 0.0)
15:49:33.041 == Mech: Valkyrie II_Shade_655D02FD updated to position: (-451.1, 218.4, 34.1) rot: (0.0, 0.1, 0.0, 1.0) from position: (-546.0, 243.2, -169.7) rot: (0.0, 0.0, 0.0, 0.0)
15:49:33.093 == Mech: Valkyrie II_Shade_655D02FD updated to position: (-450.4, 218.2, 36.5) rot: (0.0, 0.1, 0.0, 1.0) from position: (-546.0, 243.2, -169.7) rot: (0.0, 0.0, 0.0, 0.0)
15:49:33.144 == Mech: Valkyrie II_Shade_655D02FD updated to position: (-450.0, 218.0, 38.4) rot: (0.0, 0.1, 0.0, 1.0) from position: (-546.0, 243.2, -169.7) rot: (0.0, 0.0, 0.0, 0.0)
15:49:33.196 == Mech: Valkyrie II_Shade_655D02FD updated to position: (-449.5, 217.9, 40.2) rot: (0.0, 0.1, 0.0, 1.0) from position: (-546.0, 243.2, -169.7) rot: (0.0, 0.0, 0.0, 0.0)
15:49:33.248 == Mech: Valkyrie II_Shade_655D02FD updated to position: (-449.1, 217.7, 42.0) rot: (0.0, 0.1, 0.0, 1.0) from position: (-546.0, 243.2, -169.7) rot: (0.0, 0.0, 0.0, 0.0)
15:49:33.296 == Mech: Valkyrie II_Shade_655D02FD updated to position: (-448.7, 217.6, 43.6) rot: (0.0, 0.1, 0.0, 1.0) from position: (-546.0, 243.2, -169.7) rot: (0.0, 0.0, 0.0, 0.0)
15:49:33.346 == Mech: Valkyrie II_Shade_655D02FD updated to position: (-448.4, 217.5, 45.3) rot: (0.0, 0.1, 0.0, 1.0) from position: (-546.0, 243.2, -169.7) rot: (0.0, 0.0, 0.0, 0.0)
15:49:33.399 == Mech: Valkyrie II_Shade_655D02FD updated to position: (-448.1, 217.3, 46.9) rot: (0.0, 0.1, 0.0, 1.0) from position: (-546.0, 243.2, -169.7) rot: (0.0, 0.0, 0.0, 0.0)
15:49:33.448 == Mech: Valkyrie II_Shade_655D02FD updated to position: (-448.0, 217.2, 48.4) rot: (0.0, 0.1, 0.0, 1.0) from position: (-546.0, 243.2, -169.7) rot: (0.0, 0.0, 0.0, 0.0)
15:49:33.512 == Mech: Valkyrie II_Shade_655D02FD updated to position: (-448.0, 217.2, 48.5) rot: (0.0, 0.0, 0.0, 1.0) from position: (-546.0, 243.2, -169.7) rot: (0.0, 0.0, 0.0, 0.0)
15:49:33.518 == Mech: Valkyrie II_Shade_655D02FD updated to position: (-448.0, 217.2, 48.5) rot: (0.0, 0.0, 0.0, 1.0) from position: (-546.0, 243.2, -169.7) rot: (0.0, 0.0, 0.0, 0.0)
15:49:33.538 == Mech: Valkyrie II_Shade_655D02FD updated to position: (-448.0, 217.2, 48.5) rot: (0.0, 0.0, 0.0, 1.0) from position: (-546.0, 243.2, -169.7) rot: (0.0, 0.0, 0.0, 0.0)
15:49:38.430 Updating last activated actor to: (Archer_Commando_9D156E66)
15:49:46.245 == Mech: Archer_Commando_9D156E66 updated to position: (-490.0, 249.8, -169.7) rot: (0.0, -0.1, 0.0, 1.0) from position: (-490.0, 249.8, -169.7) rot: (0.0, 0.0, 0.0, 0.0)
15:49:46.303 == Mech: Archer_Commando_9D156E66 updated to position: (-462.0, 224.5, -24.2) rot: (0.0, -0.1, 0.0, 1.0) from position: (-490.0, 249.8, -169.7) rot: (0.0, 0.0, 0.0, 0.0)
15:49:46.308 == Mech: Archer_Commando_9D156E66 updated to position: (-462.0, 224.5, -24.2) rot: (0.0, -0.1, 0.0, 1.0) from position: (-490.0, 249.8, -169.7) rot: (0.0, 0.0, 0.0, 0.0)
15:49:46.327 == Mech: Archer_Commando_9D156E66 updated to position: (-462.0, 224.5, -24.2) rot: (0.0, -0.1, 0.0, 1.0) from position: (-490.0, 249.8, -169.7) rot: (0.0, 0.0, 0.0, 0.0)
15:49:56.677 == Mech: Vulcan_Gunner_EC1ABF44 updated to position: (-120.0, 212.8, -748.2) rot: (0.0, -0.1, 0.0, 1.0) from position: (-120.0, 212.8, -748.2) rot: (0.0, 0.0, 0.0, 0.0)
15:49:56.721 == Mech: Vulcan_Gunner_EC1ABF44 updated to position: (-120.7, 212.4, -743.4) rot: (0.0, -0.1, 0.0, 1.0) from position: (-120.0, 212.8, -748.2) rot: (0.0, 0.0, 0.0, 0.0)
15:49:56.758 == Mech: Vulcan_Gunner_EC1ABF44 updated to position: (-121.3, 212.1, -739.3) rot: (0.0, -0.1, 0.0, 1.0) from position: (-120.0, 212.8, -748.2) rot: (0.0, 0.0, 0.0, 0.0)
15:49:56.795 == Mech: Vulcan_Gunner_EC1ABF44 updated to position: (-122.0, 211.8, -734.1) rot: (0.0, -0.1, 0.0, 1.0) from position: (-120.0, 212.8, -748.2) rot: (0.0, 0.0, 0.0, 0.0)
15:49:56.840 == Mech: Vulcan_Gunner_EC1ABF44 updated to position: (-123.1, 211.4, -725.7) rot: (0.0, -0.1, 0.0, 1.0) from position: (-120.0, 212.8, -748.2) rot: (0.0, 0.0, 0.0, 0.0)
15:49:56.877 == Mech: Vulcan_Gunner_EC1ABF44 updated to position: (-124.0, 211.1, -717.6) rot: (0.0, -0.1, 0.0, 1.0) from position: (-120.0, 212.8, -748.2) rot: (0.0, 0.0, 0.0, 0.0)
15:49:56.912 == Mech: Vulcan_Gunner_EC1ABF44 updated to position: (-124.9, 210.8, -709.4) rot: (0.0, -0.1, 0.0, 1.0) from position: (-120.0, 212.8, -748.2) rot: (0.0, 0.0, 0.0, 0.0)
15:49:56.950 == Mech: Vulcan_Gunner_EC1ABF44 updated to position: (-125.6, 210.5, -701.1) rot: (0.0, 0.0, 0.0, 1.0) from position: (-120.0, 212.8, -748.2) rot: (0.0, 0.0, 0.0, 0.0)
15:49:56.986 == Mech: Vulcan_Gunner_EC1ABF44 updated to position: (-126.2, 210.3, -693.0) rot: (0.0, 0.0, 0.0, 1.0) from position: (-120.0, 212.8, -748.2) rot: (0.0, 0.0, 0.0, 0.0)
15:49:57.022 == Mech: Vulcan_Gunner_EC1ABF44 updated to position: (-126.7, 209.9, -684.9) rot: (0.0, 0.0, 0.0, 1.0) from position: (-120.0, 212.8, -748.2) rot: (0.0, 0.0, 0.0, 0.0)
15:49:57.058 == Mech: Vulcan_Gunner_EC1ABF44 updated to position: (-127.0, 209.7, -676.9) rot: (0.0, 0.0, 0.0, 1.0) from position: (-120.0, 212.8, -748.2) rot: (0.0, 0.0, 0.0, 0.0)
15:49:57.094 == Mech: Vulcan_Gunner_EC1ABF44 updated to position: (-127.1, 209.6, -668.9) rot: (0.0, 0.0, 0.0, 1.0) from position: (-120.0, 212.8, -748.2) rot: (0.0, 0.0, 0.0, 0.0)
15:49:57.129 == Mech: Vulcan_Gunner_EC1ABF44 updated to position: (-127.1, 209.6, -660.6) rot: (0.0, 0.0, 0.0, 1.0) from position: (-120.0, 212.8, -748.2) rot: (0.0, 0.0, 0.0, 0.0)
15:49:57.165 == Mech: Vulcan_Gunner_EC1ABF44 updated to position: (-126.8, 209.8, -652.7) rot: (0.0, 0.0, 0.0, 1.0) from position: (-120.0, 212.8, -748.2) rot: (0.0, 0.0, 0.0, 0.0)
15:49:57.204 == Mech: Vulcan_Gunner_EC1ABF44 updated to position: (-126.2, 210.9, -644.0) rot: (0.0, 0.0, 0.0, 1.0) from position: (-120.0, 212.8, -748.2) rot: (0.0, 0.0, 0.0, 0.0)
15:49:57.239 == Mech: Vulcan_Gunner_EC1ABF44 updated to position: (-125.4, 214.4, -636.1) rot: (0.0, 0.1, 0.0, 1.0) from position: (-120.0, 212.8, -748.2) rot: (0.0, 0.0, 0.0, 0.0)
15:49:57.275 == Mech: Vulcan_Gunner_EC1ABF44 updated to position: (-124.6, 217.4, -628.1) rot: (0.0, 0.0, 0.0, 1.0) from position: (-120.0, 212.8, -748.2) rot: (0.0, 0.0, 0.0, 0.0)
15:49:57.310 == Mech: Vulcan_Gunner_EC1ABF44 updated to position: (-123.7, 216.0, -620.4) rot: (0.0, 0.0, 0.0, 1.0) from position: (-120.0, 212.8, -748.2) rot: (0.0, 0.0, 0.0, 0.0)
15:49:57.346 == Mech: Vulcan_Gunner_EC1ABF44 updated to position: (-122.1, 210.3, -612.5) rot: (0.0, 0.1, 0.0, 1.0) from position: (-120.0, 212.8, -748.2) rot: (0.0, 0.0, 0.0, 0.0)
15:49:57.383 == Mech: Vulcan_Gunner_EC1ABF44 updated to position: (-119.4, 208.0, -605.2) rot: (0.0, 0.1, 0.0, 1.0) from position: (-120.0, 212.8, -748.2) rot: (0.0, 0.0, 0.0, 0.0)
15:49:57.419 == Mech: Vulcan_Gunner_EC1ABF44 updated to position: (-115.4, 206.8, -598.3) rot: (0.0, 0.2, 0.0, 1.0) from position: (-120.0, 212.8, -748.2) rot: (0.0, 0.0, 0.0, 0.0)
15:49:57.454 == Mech: Vulcan_Gunner_EC1ABF44 updated to position: (-110.8, 206.4, -592.9) rot: (0.0, 0.3, 0.0, 1.0) from position: (-120.0, 212.8, -748.2) rot: (0.0, 0.0, 0.0, 0.0)
15:49:57.490 == Mech: Vulcan_Gunner_EC1ABF44 updated to position: (-104.7, 205.9, -589.5) rot: (0.0, 0.4, 0.0, 0.9) from position: (-120.0, 212.8, -748.2) rot: (0.0, 0.0, 0.0, 0.0)
15:49:57.528 == Mech: Vulcan_Gunner_EC1ABF44 updated to position: (-98.8, 205.4, -588.1) rot: (0.0, 0.6, 0.0, 0.8) from position: (-120.0, 212.8, -748.2) rot: (0.0, 0.0, 0.0, 0.0)
15:49:57.564 == Mech: Vulcan_Gunner_EC1ABF44 updated to position: (-94.0, 205.0, -587.2) rot: (0.0, 0.6, 0.0, 0.8) from position: (-120.0, 212.8, -748.2) rot: (0.0, 0.0, 0.0, 0.0)
15:49:57.598 == Mech: Vulcan_Gunner_EC1ABF44 updated to position: (-90.1, 204.8, -586.3) rot: (0.0, 0.6, 0.0, 0.8) from position: (-120.0, 212.8, -748.2) rot: (0.0, 0.0, 0.0, 0.0)
15:49:57.637 == Mech: Vulcan_Gunner_EC1ABF44 updated to position: (-86.7, 204.5, -584.7) rot: (0.0, 0.6, 0.0, 0.8) from position: (-120.0, 212.8, -748.2) rot: (0.0, 0.0, 0.0, 0.0)
15:49:57.674 == Mech: Vulcan_Gunner_EC1ABF44 updated to position: (-84.4, 204.4, -582.5) rot: (0.0, 0.5, 0.0, 0.9) from position: (-120.0, 212.8, -748.2) rot: (0.0, 0.0, 0.0, 0.0)
15:49:57.720 == Mech: Vulcan_Gunner_EC1ABF44 updated to position: (-84.4, 204.4, -582.5) rot: (0.0, 0.3, 0.0, 0.9) from position: (-120.0, 212.8, -748.2) rot: (0.0, 0.0, 0.0, 0.0)
15:49:57.758 == Mech: Vulcan_Gunner_EC1ABF44 updated to position: (-84.0, 204.3, -582.0) rot: (0.0, 0.3, 0.0, 1.0) from position: (-120.0, 212.8, -748.2) rot: (0.0, 0.0, 0.0, 0.0)
15:49:57.761 == Mech: Vulcan_Gunner_EC1ABF44 updated to position: (-84.0, 204.3, -582.0) rot: (0.0, 0.3, 0.0, 1.0) from position: (-120.0, 212.8, -748.2) rot: (0.0, 0.0, 0.0, 0.0)
15:49:57.784 == Mech: Vulcan_Gunner_EC1ABF44 updated to position: (-84.0, 204.3, -582.0) rot: (0.0, 0.3, 0.0, 1.0) from position: (-120.0, 212.8, -748.2) rot: (0.0, 0.0, 0.0, 0.0)
15:50:27.654 Updating last activated actor to: (Drillson Hover Tank 3058_Phantom_B42EA726)
15:50:38.828 == Mech: Drillson Hover Tank 3058_Phantom_B42EA726 updated to position: (-518.0, 243.1, -121.2) rot: (0.0, 0.5, 0.0, 0.9) from position: (-518.0, 243.1, -121.2) rot: (0.0, 0.0, 0.0, 0.0)
15:50:38.879 == Mech: Drillson Hover Tank 3058_Phantom_B42EA726 updated to position: (-305.7, 276.5, -251.6) rot: (0.0, 0.9, 0.0, 0.5) from position: (-518.0, 243.1, -121.2) rot: (0.0, 0.0, 0.0, 0.0)
15:50:38.931 == Mech: Drillson Hover Tank 3058_Phantom_B42EA726 updated to position: (-227.5, 253.4, -336.6) rot: (0.0, 0.7, 0.0, 0.7) from position: (-518.0, 243.1, -121.2) rot: (0.0, 0.0, 0.0, 0.0)
15:50:38.997 == Mech: Drillson Hover Tank 3058_Phantom_B42EA726 updated to position: (-195.3, 249.1, -401.6) rot: (0.0, 0.9, 0.0, 0.4) from position: (-518.0, 243.1, -121.2) rot: (0.0, 0.0, 0.0, 0.0)
15:50:39.058 == Mech: Drillson Hover Tank 3058_Phantom_B42EA726 updated to position: (-183.1, 245.8, -414.1) rot: (0.0, 1.0, 0.0, 0.2) from position: (-518.0, 243.1, -121.2) rot: (0.0, 0.0, 0.0, 0.0)
15:50:39.134 == Mech: Drillson Hover Tank 3058_Phantom_B42EA726 updated to position: (-174.0, 244.4, -419.8) rot: (0.0, 0.9, 0.0, 0.5) from position: (-518.0, 243.1, -121.2) rot: (0.0, 0.0, 0.0, 0.0)
15:50:39.188 == Mech: Drillson Hover Tank 3058_Phantom_B42EA726 updated to position: (-168.5, 244.1, -423.9) rot: (0.0, 0.9, 0.0, 0.5) from position: (-518.0, 243.1, -121.2) rot: (0.0, 0.0, 0.0, 0.0)
15:50:39.232 == Mech: Drillson Hover Tank 3058_Phantom_B42EA726 updated to position: (-165.5, 244.1, -426.7) rot: (0.0, 0.9, 0.0, 0.4) from position: (-518.0, 243.1, -121.2) rot: (0.0, 0.0, 0.0, 0.0)
15:50:39.277 == Mech: Drillson Hover Tank 3058_Phantom_B42EA726 updated to position: (-163.6, 244.0, -428.9) rot: (0.0, 0.9, 0.0, 0.4) from position: (-518.0, 243.1, -121.2) rot: (0.0, 0.0, 0.0, 0.0)
15:50:39.323 == Mech: Drillson Hover Tank 3058_Phantom_B42EA726 updated to position: (-162.0, 243.9, -430.6) rot: (0.0, 0.9, 0.0, 0.4) from position: (-518.0, 243.1, -121.2) rot: (0.0, 0.0, 0.0, 0.0)
15:50:39.370 == Mech: Drillson Hover Tank 3058_Phantom_B42EA726 updated to position: (-160.7, 243.7, -432.1) rot: (0.0, 0.9, 0.0, 0.4) from position: (-518.0, 243.1, -121.2) rot: (0.0, 0.0, 0.0, 0.0)
15:50:39.426 == Mech: Drillson Hover Tank 3058_Phantom_B42EA726 updated to position: (-159.2, 243.5, -433.4) rot: (0.0, 0.9, 0.0, 0.4) from position: (-518.0, 243.1, -121.2) rot: (0.0, 0.0, 0.0, 0.0)
15:50:39.483 == Mech: Drillson Hover Tank 3058_Phantom_B42EA726 updated to position: (-157.7, 243.3, -434.6) rot: (0.0, 0.9, 0.0, 0.4) from position: (-518.0, 243.1, -121.2) rot: (0.0, 0.0, 0.0, 0.0)
15:50:39.531 == Mech: Drillson Hover Tank 3058_Phantom_B42EA726 updated to position: (-155.9, 242.9, -435.7) rot: (0.0, 0.9, 0.0, 0.5) from position: (-518.0, 243.1, -121.2) rot: (0.0, 0.0, 0.0, 0.0)
15:50:39.577 == Mech: Drillson Hover Tank 3058_Phantom_B42EA726 updated to position: (-154.4, 242.4, -436.3) rot: (0.0, 0.8, 0.0, 0.5) from position: (-518.0, 243.1, -121.2) rot: (0.0, 0.0, 0.0, 0.0)
15:50:39.623 == Mech: Drillson Hover Tank 3058_Phantom_B42EA726 updated to position: (-152.9, 242.0, -436.8) rot: (0.0, 0.8, 0.0, 0.6) from position: (-518.0, 243.1, -121.2) rot: (0.0, 0.0, 0.0, 0.0)
15:50:39.668 == Mech: Drillson Hover Tank 3058_Phantom_B42EA726 updated to position: (-151.3, 241.5, -436.9) rot: (0.0, 0.8, 0.0, 0.7) from position: (-518.0, 243.1, -121.2) rot: (0.0, 0.0, 0.0, 0.0)
15:50:39.714 == Mech: Drillson Hover Tank 3058_Phantom_B42EA726 updated to position: (-149.9, 241.2, -436.6) rot: (0.0, 0.7, 0.0, 0.7) from position: (-518.0, 243.1, -121.2) rot: (0.0, 0.0, 0.0, 0.0)
15:50:39.761 == Mech: Drillson Hover Tank 3058_Phantom_B42EA726 updated to position: (-148.5, 240.8, -436.1) rot: (0.0, 0.6, 0.0, 0.8) from position: (-518.0, 243.1, -121.2) rot: (0.0, 0.0, 0.0, 0.0)
15:50:39.806 == Mech: Drillson Hover Tank 3058_Phantom_B42EA726 updated to position: (-147.1, 240.5, -435.6) rot: (0.0, 0.6, 0.0, 0.8) from position: (-518.0, 243.1, -121.2) rot: (0.0, 0.0, 0.0, 0.0)
15:50:39.852 == Mech: Drillson Hover Tank 3058_Phantom_B42EA726 updated to position: (-140.0, 239.0, -436.5) rot: (0.0, 0.9, 0.0, 0.5) from position: (-518.0, 243.1, -121.2) rot: (0.0, 0.0, 0.0, 0.0)
15:50:39.867 == Mech: Drillson Hover Tank 3058_Phantom_B42EA726 updated to position: (-140.0, 238.9, -436.5) rot: (0.0, 0.9, 0.0, 0.5) from position: (-518.0, 243.1, -121.2) rot: (0.0, 0.0, 0.0, 0.0)
15:50:41.188   -- effects tooltip text is: <size=90%><b>ECM SHIELD</b>: <color=#00FF00>+2</color> to detect or attack.
<size=90%><b>ACTIVE PROBE</b>: <color=#00FF00>-2</color> to enemy ECM, Stealth, Mimetic

15:50:41.577   -- effects tooltip text is: <size=90%><b>ECM SHIELD</b>: <color=#00FF00>+2</color> to detect or attack.
<size=90%><b>ACTIVE PROBE</b>: <color=#00FF00>-2</color> to enemy ECM, Stealth, Mimetic

15:50:42.030   -- effects tooltip text is: <size=90%><b>ECM SHIELD</b>: <color=#00FF00>+2</color> to detect or attack.
<size=90%><b>ACTIVE PROBE</b>: <color=#00FF00>-2</color> to enemy ECM, Stealth, Mimetic

15:50:42.036   -- effects tooltip text is: <size=90%><b>ECM SHIELD</b>: <color=#00FF00>+2</color> to detect or attack.
<size=90%><b>ACTIVE PROBE</b>: <color=#00FF00>-2</color> to enemy ECM, Stealth, Mimetic

15:50:54.427 == Mech: Spider Venom_Tactician_2084CA97 updated to position: (-56.0, 208.1, -630.5) rot: (0.0, 0.2, 0.0, 1.0) from position: (-132.0, 214.5, -769.0) rot: (0.0, 0.0, 0.0, 0.0)
15:50:54.454 == Mech: Spider Venom_Tactician_2084CA97 updated to position: (-56.0, 208.1, -630.5) rot: (0.0, 0.2, 0.0, 1.0) from position: (-132.0, 214.5, -769.0) rot: (0.0, 0.0, 0.0, 0.0)
15:50:56.649 Updating last activated actor to: (Marsden III MBT_Blaze_8F76066D)
15:51:05.363 == Mech: Marsden III MBT_Blaze_8F76066D updated to position: (-490.0, 243.1, -121.2) rot: (0.0, 0.4, 0.0, 0.9) from position: (-490.0, 243.1, -121.2) rot: (0.0, 0.0, 0.0, 0.0)
15:51:05.411 == Mech: Marsden III MBT_Blaze_8F76066D updated to position: (-310.8, 276.4, -251.2) rot: (0.0, 1.0, 0.0, -0.1) from position: (-490.0, 243.1, -121.2) rot: (0.0, 0.0, 0.0, 0.0)
15:51:05.458 == Mech: Marsden III MBT_Blaze_8F76066D updated to position: (-295.1, 276.4, -254.4) rot: (0.0, 0.8, 0.0, 0.6) from position: (-490.0, 243.1, -121.2) rot: (0.0, 0.0, 0.0, 0.0)
15:51:05.514 == Mech: Marsden III MBT_Blaze_8F76066D updated to position: (-270.1, 276.3, -258.3) rot: (0.0, 0.8, 0.0, 0.6) from position: (-490.0, 243.1, -121.2) rot: (0.0, 0.0, 0.0, 0.0)
15:51:05.570 == Mech: Marsden III MBT_Blaze_8F76066D updated to position: (-256.2, 276.4, -260.5) rot: (0.0, 0.8, 0.0, 0.7) from position: (-490.0, 243.1, -121.2) rot: (0.0, 0.0, 0.0, 0.0)
15:51:05.616 == Mech: Marsden III MBT_Blaze_8F76066D updated to position: (-247.8, 276.7, -262.3) rot: (0.0, 0.8, 0.0, 0.6) from position: (-490.0, 243.1, -121.2) rot: (0.0, 0.0, 0.0, 0.0)
15:51:05.667 == Mech: Marsden III MBT_Blaze_8F76066D updated to position: (-242.8, 276.8, -263.9) rot: (0.0, 0.8, 0.0, 0.6) from position: (-490.0, 243.1, -121.2) rot: (0.0, 0.0, 0.0, 0.0)
15:51:05.712 == Mech: Marsden III MBT_Blaze_8F76066D updated to position: (-238.9, 276.8, -266.0) rot: (0.0, 0.8, 0.0, 0.6) from position: (-490.0, 243.1, -121.2) rot: (0.0, 0.0, 0.0, 0.0)
15:51:05.759 == Mech: Marsden III MBT_Blaze_8F76066D updated to position: (-238.9, 276.8, -266.0) rot: (0.0, 0.9, 0.0, 0.4) from position: (-490.0, 243.1, -121.2) rot: (0.0, 0.0, 0.0, 0.0)
15:51:05.801 == Mech: Marsden III MBT_Blaze_8F76066D updated to position: (-238.9, 276.8, -266.0) rot: (0.0, 0.9, 0.0, 0.4) from position: (-490.0, 243.1, -121.2) rot: (0.0, 0.0, 0.0, 0.0)
15:51:05.844 == Mech: Marsden III MBT_Blaze_8F76066D updated to position: (-238.0, 276.7, -266.7) rot: (0.0, 0.9, 0.0, 0.4) from position: (-490.0, 243.1, -121.2) rot: (0.0, 0.0, 0.0, 0.0)
15:51:05.849 == Mech: Marsden III MBT_Blaze_8F76066D updated to position: (-238.0, 276.7, -266.7) rot: (0.0, 0.9, 0.0, 0.4) from position: (-490.0, 243.1, -121.2) rot: (0.0, 0.0, 0.0, 0.0)
15:51:05.862 == Mech: Marsden III MBT_Blaze_8F76066D updated to position: (-238.0, 276.7, -266.7) rot: (0.0, 0.9, 0.0, 0.4) from position: (-490.0, 243.1, -121.2) rot: (0.0, 0.0, 0.0, 0.0)
15:51:09.107 == Mech: Valkyrie_Gunner_B5380299 updated to position: (-112.0, 209.0, -679.0) rot: (0.0, 0.1, 0.0, 1.0) from position: (-132.0, 219.1, -810.6) rot: (0.0, 0.0, 0.0, 0.0)
15:51:09.131 == Mech: Valkyrie_Gunner_B5380299 updated to position: (-112.0, 209.0, -679.0) rot: (0.0, 0.1, 0.0, 1.0) from position: (-132.0, 219.1, -810.6) rot: (0.0, 0.0, 0.0, 0.0)
15:51:11.972   -- effects tooltip text is: <size=90%><b>ECM SHIELD</b>: <color=#00FF00>+4</color> to detect or attack.

15:51:11.983 Updating last activated actor to: (Super Griffin_Pappystein_CDB452CE)
15:51:17.415 == Mech: Super Griffin_Pappystein_CDB452CE updated to position: (-381.4, 363.5, -408.3) rot: (0.0, 0.9, 0.0, 0.5) from position: (-546.0, 267.2, -218.2) rot: (0.0, 0.0, 0.0, 0.0)
15:51:17.473 == Mech: Super Griffin_Pappystein_CDB452CE updated to position: (-381.4, 363.5, -408.3) rot: (0.0, 0.9, 0.0, 0.5) from position: (-546.0, 267.2, -218.2) rot: (0.0, 0.0, 0.0, 0.0)
15:51:17.480 == Mech: Super Griffin_Pappystein_CDB452CE updated to position: (-378.0, 360.9, -412.2) rot: (0.0, 0.9, 0.0, 0.5) from position: (-546.0, 267.2, -218.2) rot: (0.0, 0.0, 0.0, 0.0)
15:51:17.535 == Mech: Super Griffin_Pappystein_CDB452CE updated to position: (-378.0, 360.9, -412.2) rot: (0.0, 0.9, 0.0, 0.5) from position: (-546.0, 267.2, -218.2) rot: (0.0, 0.0, 0.0, 0.0)
15:51:17.542   -- effects tooltip text is: <size=90%><b>ECM SHIELD</b>: <color=#00FF00>+4</color> to detect or attack.

15:51:17.545   -- effects tooltip text is: <size=90%><b>ECM SHIELD</b>: <color=#00FF00>+4</color> to detect or attack.

15:51:21.688 == Mech: Owens_Gunner_94E0FD34 updated to position: (-98.0, 210.4, -703.2) rot: (0.0, 0.2, 0.0, 1.0) from position: (-156.0, 231.3, -852.2) rot: (0.0, 0.0, 0.0, 0.0)
15:51:21.714 == Mech: Owens_Gunner_94E0FD34 updated to position: (-98.0, 210.4, -703.2) rot: (0.0, 0.2, 0.0, 1.0) from position: (-156.0, 231.3, -852.2) rot: (0.0, 0.0, 0.0, 0.0)
15:51:23.910 == Mech: Hollander_Pilot_A3C9A6F1 updated to position: (-864.0, 288.5, 207.8) rot: (0.0, 0.9, 0.0, 0.5) from position: (-864.0, 288.5, 207.8) rot: (0.0, 0.0, 0.0, 0.0)
15:51:23.952 == Mech: Hollander_Pilot_A3C9A6F1 updated to position: (-774.8, 256.8, 148.1) rot: (0.0, 0.9, 0.0, 0.5) from position: (-864.0, 288.5, 207.8) rot: (0.0, 0.0, 0.0, 0.0)
15:51:23.996 == Mech: Hollander_Pilot_A3C9A6F1 updated to position: (-774.8, 256.8, 148.1) rot: (0.0, 0.9, 0.0, 0.4) from position: (-864.0, 288.5, 207.8) rot: (0.0, 0.0, 0.0, 0.0)
15:51:24.037 == Mech: Hollander_Pilot_A3C9A6F1 updated to position: (-774.8, 256.8, 148.1) rot: (0.0, 0.9, 0.0, 0.4) from position: (-864.0, 288.5, 207.8) rot: (0.0, 0.0, 0.0, 0.0)
15:51:24.079 == Mech: Hollander_Pilot_A3C9A6F1 updated to position: (-756.0, 247.7, 145.5) rot: (0.0, 0.9, 0.0, 0.4) from position: (-864.0, 288.5, 207.8) rot: (0.0, 0.0, 0.0, 0.0)
15:51:24.081 == Mech: Hollander_Pilot_A3C9A6F1 updated to position: (-756.0, 247.7, 145.5) rot: (0.0, 0.9, 0.0, 0.4) from position: (-864.0, 288.5, 207.8) rot: (0.0, 0.0, 0.0, 0.0)
15:51:24.106 == Mech: Hollander_Pilot_A3C9A6F1 updated to position: (-756.0, 247.7, 145.5) rot: (0.0, 0.9, 0.0, 0.4) from position: (-864.0, 288.5, 207.8) rot: (0.0, 0.0, 0.0, 0.0)
15:51:25.200 == Mech: Valkyrie_Gunner_BBF6A7B1 updated to position: (-840.0, 257.0, 97.0) rot: (0.0, 1.0, 0.0, 0.3) from position: (-888.0, 292.9, 166.3) rot: (0.0, 0.0, 0.0, 0.0)
15:51:25.225 == Mech: Valkyrie_Gunner_BBF6A7B1 updated to position: (-840.0, 257.0, 97.0) rot: (0.0, 1.0, 0.0, 0.3) from position: (-888.0, 292.9, 166.3) rot: (0.0, 0.0, 0.0, 0.0)
15:51:26.281 == Mech: Razorback_Defender_EF01A5C3 updated to position: (-798.0, 272.2, 169.7) rot: (0.0, 0.8, 0.0, 0.6) from position: (-912.0, 297.7, 207.8) rot: (0.0, 0.0, 0.0, 0.0)
15:51:26.306 == Mech: Razorback_Defender_EF01A5C3 updated to position: (-798.0, 272.1, 169.7) rot: (0.0, 0.8, 0.0, 0.6) from position: (-912.0, 297.7, 207.8) rot: (0.0, 0.0, 0.0, 0.0)
15:51:28.427 == Mech: Bandit G_Gunner_89BBB8C1 updated to position: (-602.0, 196.9, 606.2) rot: (0.0, 1.0, 0.0, 0.2) from position: (-768.0, 165.7, 914.5) rot: (0.0, 0.0, 0.0, 0.0)
15:51:28.455 == Mech: Bandit G_Gunner_89BBB8C1 updated to position: (-602.0, 196.9, 606.2) rot: (0.0, 1.0, 0.0, 0.2) from position: (-768.0, 165.7, 914.5) rot: (0.0, 0.0, 0.0, 0.0)
15:51:30.393 == Mech: Bandit_Tactician_683BA11 updated to position: (-616.0, 192.3, 630.5) rot: (0.0, 1.0, 0.0, 0.2) from position: (-792.0, 163.3, 956.1) rot: (0.0, 0.0, 0.0, 0.0)
15:51:30.413 == Mech: Bandit_Tactician_683BA11 updated to position: (-616.0, 192.3, 630.5) rot: (0.0, 1.0, 0.0, 0.2) from position: (-792.0, 163.3, 956.1) rot: (0.0, 0.0, 0.0, 0.0)
15:51:31.692 == Mech: Javelin_Pilot_B728E8F2 updated to position: (-154.0, 134.7, 557.7) rot: (0.0, 1.0, 0.0, 0.1) from position: (-180.0, 141.7, 769.0) rot: (0.0, 0.0, 0.0, 0.0)
15:51:31.719 == Mech: Javelin_Pilot_B728E8F2 updated to position: (-154.0, 134.6, 557.7) rot: (0.0, 1.0, 0.0, 0.1) from position: (-180.0, 141.7, 769.0) rot: (0.0, 0.0, 0.0, 0.0)
15:51:38.526 == Mech: Bandit E_Defender_BB832816 updated to position: (-644.0, 176.4, 776.0) rot: (0.0, 1.0, 0.0, -0.2) from position: (-420.0, 191.7, 769.0) rot: (0.0, 0.0, 0.0, 0.0)
15:51:38.547 == Mech: Bandit E_Defender_BB832816 updated to position: (-644.0, 176.4, 776.0) rot: (0.0, 1.0, 0.0, -0.2) from position: (-420.0, 191.7, 769.0) rot: (0.0, 0.0, 0.0, 0.0)
15:51:40.110 == Mech: LTV-4 Hover Tank_Defender_2638AC1 updated to position: (-72.0, 110.6, 831.4) rot: (0.0, -0.9, 0.0, 0.5) from position: (-72.0, 110.6, 831.4) rot: (0.0, 0.0, 0.0, 0.0)
15:51:40.130 == Mech: LTV-4 Hover Tank_Defender_2638AC1 updated to position: (-72.0, 110.6, 831.4) rot: (0.0, -0.9, 0.0, 0.5) from position: (-72.0, 110.6, 831.4) rot: (0.0, 0.0, 0.0, 0.0)
15:51:40.710 == Mech: Striker Mk.1_Tactician_94384882 updated to position: (-204.0, 137.7, 685.9) rot: (0.0, 1.0, 0.0, -0.1) from position: (-204.0, 137.7, 685.9) rot: (0.0, 0.0, 0.0, 0.0)
15:51:40.712 == Mech: Striker Mk.1_Tactician_94384882 updated to position: (-204.0, 137.7, 685.9) rot: (0.0, 1.0, 0.0, -0.1) from position: (-204.0, 137.7, 685.9) rot: (0.0, 0.0, 0.0, 0.0)
15:51:40.737 == Mech: Striker Mk.1_Tactician_94384882 updated to position: (-204.0, 137.7, 685.9) rot: (0.0, 1.0, 0.0, -0.1) from position: (-204.0, 137.7, 685.9) rot: (0.0, 0.0, 0.0, 0.0)
15:51:42.067 == Mech: Bushwacker_Tactician_50111D76 updated to position: (-154.0, 107.8, 848.7) rot: (0.0, 1.0, 0.0, 0.3) from position: (-216.0, 106.2, 956.1) rot: (0.0, 0.0, 0.0, 0.0)
15:51:42.088 == Mech: Bushwacker_Tactician_50111D76 updated to position: (-154.0, 107.8, 848.7) rot: (0.0, 1.0, 0.0, 0.3) from position: (-216.0, 106.2, 956.1) rot: (0.0, 0.0, 0.0, 0.0)
15:51:43.609 == Mech: Uziel_Pilot_702475B7 updated to position: (-686.0, 179.0, 751.7) rot: (0.0, 1.0, 0.0, -0.1) from position: (-636.0, 165.9, 935.3) rot: (0.0, 0.0, 0.0, 0.0)
15:51:43.636 == Mech: Uziel_Pilot_702475B7 updated to position: (-686.0, 178.9, 751.7) rot: (0.0, 1.0, 0.0, -0.1) from position: (-636.0, 165.9, 935.3) rot: (0.0, 0.0, 0.0, 0.0)
15:51:44.275 == Mech: Whitworth_Defender_55C289E9 updated to position: (-36.0, 155.2, 976.9) rot: (0.0, 0.9, 0.0, 0.4) from position: (-36.0, 155.2, 976.9) rot: (0.0, 0.0, 0.0, 0.0)
15:51:44.311 == Mech: Whitworth_Defender_55C289E9 updated to position: (-36.0, 155.2, 976.9) rot: (0.0, 0.9, 0.0, 0.4) from position: (-36.0, 155.2, 976.9) rot: (0.0, 0.0, 0.0, 0.0)
15:51:44.350 == Mech: Whitworth_Defender_55C289E9 updated to position: (-14.0, 153.8, 945.7) rot: (0.0, 1.0, 0.0, 0.0) from position: (-36.0, 155.2, 976.9) rot: (0.0, 0.0, 0.0, 0.0)
15:51:44.351 == Mech: Whitworth_Defender_55C289E9 updated to position: (-14.0, 153.8, 945.7) rot: (0.0, 1.0, 0.0, 0.0) from position: (-36.0, 155.2, 976.9) rot: (0.0, 0.0, 0.0, 0.0)
15:51:44.375 == Mech: Whitworth_Defender_55C289E9 updated to position: (-14.0, 153.8, 945.7) rot: (0.0, 1.0, 0.0, 0.0) from position: (-36.0, 155.2, 976.9) rot: (0.0, 0.0, 0.0, 0.0)
15:51:45.682 == Mech: Blackjack_Defender_24AEAAFA updated to position: (-140.0, 123.8, 679.0) rot: (0.0, 1.0, 0.0, -0.2) from position: (-96.0, 108.2, 789.8) rot: (0.0, 0.0, 0.0, 0.0)
15:51:45.709 == Mech: Blackjack_Defender_24AEAAFA updated to position: (-140.0, 123.8, 679.0) rot: (0.0, 1.0, 0.0, -0.2) from position: (-96.0, 108.2, 789.8) rot: (0.0, 0.0, 0.0, 0.0)
15:53:31.211 Updating last activated actor to: (Cataphract_Scorch_F9FAE558)
15:53:40.832 == Mech: Cataphract_Scorch_F9FAE558 updated to position: (-504.0, 253.8, -194.0) rot: (0.0, -0.1, 0.0, 1.0) from position: (-504.0, 253.8, -194.0) rot: (0.0, 0.0, 0.0, 0.0)
15:53:40.886 == Mech: Cataphract_Scorch_F9FAE558 updated to position: (-464.0, 224.6, -24.8) rot: (0.0, -0.1, 0.0, 1.0) from position: (-504.0, 253.8, -194.0) rot: (0.0, 0.0, 0.0, 0.0)
15:53:40.947 == Mech: Cataphract_Scorch_F9FAE558 updated to position: (-444.9, 218.7, 31.2) rot: (0.0, 0.0, 0.0, 1.0) from position: (-504.0, 253.8, -194.0) rot: (0.0, 0.0, 0.0, 0.0)
15:53:41.018 == Mech: Cataphract_Scorch_F9FAE558 updated to position: (-434.3, 217.2, 47.4) rot: (0.0, 0.3, 0.0, 1.0) from position: (-504.0, 253.8, -194.0) rot: (0.0, 0.0, 0.0, 0.0)
15:53:41.086 == Mech: Cataphract_Scorch_F9FAE558 updated to position: (-433.6, 216.7, 55.5) rot: (0.0, 0.1, 0.0, 1.0) from position: (-504.0, 253.8, -194.0) rot: (0.0, 0.0, 0.0, 0.0)
15:53:41.150 == Mech: Cataphract_Scorch_F9FAE558 updated to position: (-434.5, 216.5, 60.0) rot: (0.0, -0.1, 0.0, 1.0) from position: (-504.0, 253.8, -194.0) rot: (0.0, 0.0, 0.0, 0.0)
15:53:41.200 == Mech: Cataphract_Scorch_F9FAE558 updated to position: (-435.1, 216.3, 63.0) rot: (0.0, -0.1, 0.0, 1.0) from position: (-504.0, 253.8, -194.0) rot: (0.0, 0.0, 0.0, 0.0)
15:53:41.258 == Mech: Cataphract_Scorch_F9FAE558 updated to position: (-435.4, 216.2, 65.2) rot: (0.0, -0.1, 0.0, 1.0) from position: (-504.0, 253.8, -194.0) rot: (0.0, 0.0, 0.0, 0.0)
15:53:41.320 == Mech: Cataphract_Scorch_F9FAE558 updated to position: (-435.4, 216.2, 66.9) rot: (0.0, 0.0, 0.0, 1.0) from position: (-504.0, 253.8, -194.0) rot: (0.0, 0.0, 0.0, 0.0)
15:53:41.376 == Mech: Cataphract_Scorch_F9FAE558 updated to position: (-435.2, 216.1, 69.0) rot: (0.0, 0.0, 0.0, 1.0) from position: (-504.0, 253.8, -194.0) rot: (0.0, 0.0, 0.0, 0.0)
15:53:41.431 == Mech: Cataphract_Scorch_F9FAE558 updated to position: (-434.8, 216.0, 70.8) rot: (0.0, 0.1, 0.0, 1.0) from position: (-504.0, 253.8, -194.0) rot: (0.0, 0.0, 0.0, 0.0)
15:53:41.484 == Mech: Cataphract_Scorch_F9FAE558 updated to position: (-434.2, 215.9, 72.3) rot: (0.0, 0.2, 0.0, 1.0) from position: (-504.0, 253.8, -194.0) rot: (0.0, 0.0, 0.0, 0.0)
15:53:41.525 == Mech: Cataphract_Scorch_F9FAE558 updated to position: (-434.2, 215.9, 72.3) rot: (0.0, 0.2, 0.0, 1.0) from position: (-504.0, 253.8, -194.0) rot: (0.0, 0.0, 0.0, 0.0)
15:53:41.565 == Mech: Cataphract_Scorch_F9FAE558 updated to position: (-434.0, 215.9, 72.7) rot: (0.0, 0.2, 0.0, 1.0) from position: (-504.0, 253.8, -194.0) rot: (0.0, 0.0, 0.0, 0.0)
15:53:41.572 == Mech: Cataphract_Scorch_F9FAE558 updated to position: (-434.0, 215.9, 72.7) rot: (0.0, 0.2, 0.0, 1.0) from position: (-504.0, 253.8, -194.0) rot: (0.0, 0.0, 0.0, 0.0)
15:53:41.586 == Mech: Cataphract_Scorch_F9FAE558 updated to position: (-434.0, 215.9, 72.7) rot: (0.0, 0.2, 0.0, 1.0) from position: (-504.0, 253.8, -194.0) rot: (0.0, 0.0, 0.0, 0.0)
15:53:49.436 == Mech: Archer_Gladiator_BE734610 updated to position: (-444.0, 140.4, 976.9) rot: (0.0, 1.0, 0.0, 0.1) from position: (-444.0, 140.4, 976.9) rot: (0.0, 0.0, 0.0, 0.0)
15:53:49.462 == Mech: Archer_Gladiator_BE734610 updated to position: (-444.0, 140.4, 976.9) rot: (0.0, 1.0, 0.0, 0.1) from position: (-444.0, 140.4, 976.9) rot: (0.0, 0.0, 0.0, 0.0)
15:53:49.489 == Mech: Archer_Gladiator_BE734610 updated to position: (-444.0, 140.4, 976.9) rot: (0.0, 1.0, 0.0, 0.1) from position: (-444.0, 140.4, 976.9) rot: (0.0, 0.0, 0.0, 0.0)
15:53:49.519 == Mech: Archer_Gladiator_BE734610 updated to position: (-444.0, 140.4, 976.9) rot: (0.0, 1.0, 0.0, 0.2) from position: (-444.0, 140.4, 976.9) rot: (0.0, 0.0, 0.0, 0.0)
15:53:49.551 == Mech: Archer_Gladiator_BE734610 updated to position: (-434.0, 142.9, 945.7) rot: (0.0, 1.0, 0.0, 0.2) from position: (-444.0, 140.4, 976.9) rot: (0.0, 0.0, 0.0, 0.0)
15:53:49.555 == Mech: Archer_Gladiator_BE734610 updated to position: (-434.0, 142.9, 945.7) rot: (0.0, 1.0, 0.0, 0.2) from position: (-444.0, 140.4, 976.9) rot: (0.0, 0.0, 0.0, 0.0)
15:53:49.580 == Mech: Archer_Gladiator_BE734610 updated to position: (-434.0, 142.9, 945.7) rot: (0.0, 1.0, 0.0, 0.2) from position: (-444.0, 140.4, 976.9) rot: (0.0, 0.0, 0.0, 0.0)
15:54:02.762   -- effects tooltip text is: <size=90%><b>ECM SHIELD</b>: <color=#00FF00>+1</color> to detect or attack.

15:54:02.772 Updating last activated actor to: (Avatar_Oddball_E325BAAE)
15:54:08.527 == Mech: Avatar_Oddball_E325BAAE updated to position: (-518.0, 243.2, -169.7) rot: (0.0, -0.1, 0.0, 1.0) from position: (-518.0, 243.2, -169.7) rot: (0.0, 0.0, 0.0, 0.0)
15:54:08.582 == Mech: Avatar_Oddball_E325BAAE updated to position: (-456.7, 222.7, -8.2) rot: (0.0, -0.1, 0.0, 1.0) from position: (-518.0, 243.2, -169.7) rot: (0.0, 0.0, 0.0, 0.0)
15:54:08.650 == Mech: Avatar_Oddball_E325BAAE updated to position: (-448.1, 222.0, -3.4) rot: (0.0, 0.6, 0.0, 0.8) from position: (-518.0, 243.2, -169.7) rot: (0.0, 0.0, 0.0, 0.0)
15:54:08.704 == Mech: Avatar_Oddball_E325BAAE updated to position: (-448.1, 222.0, -3.4) rot: (0.0, 0.1, 0.0, 1.0) from position: (-518.0, 243.2, -169.7) rot: (0.0, 0.0, 0.0, 0.0)
15:54:08.761 == Mech: Avatar_Oddball_E325BAAE updated to position: (-448.0, 221.7, 0.0) rot: (0.0, -0.1, 0.0, 1.0) from position: (-518.0, 243.2, -169.7) rot: (0.0, 0.0, 0.0, 0.0)
15:54:08.767 == Mech: Avatar_Oddball_E325BAAE updated to position: (-448.0, 221.7, 0.0) rot: (0.0, -0.1, 0.0, 1.0) from position: (-518.0, 243.2, -169.7) rot: (0.0, 0.0, 0.0, 0.0)
15:54:08.781 == Mech: Avatar_Oddball_E325BAAE updated to position: (-448.0, 221.7, 0.0) rot: (0.0, -0.1, 0.0, 1.0) from position: (-518.0, 243.2, -169.7) rot: (0.0, 0.0, 0.0, 0.0)
15:54:08.789   -- effects tooltip text is: <size=90%><b>ECM SHIELD</b>: <color=#00FF00>+1</color> to detect or attack.

15:54:08.792   -- effects tooltip text is: <size=90%><b>ECM SHIELD</b>: <color=#00FF00>+1</color> to detect or attack.

15:54:11.352  -- CHECKING MOOD SETTINGS
15:54:11.352    currentMood: EDM Verdant Day Rainy
15:54:11.352    moodTags: biomeVerdantHighlands,biomeVerdantLowlands,mood_fogHeavy,mood_mapTypeArena,mood_mapTypeCampaign,mood_mapTypeGeneral,mood_timeDay,mood_weatherRain
15:54:18.430   -- effects tooltip text is: <size=90%><b>ECM SHIELD</b>: <color=#00FF00>+9</color> to detect or attack.
<size=90%><b>ACTIVE PROBE</b>: <color=#00FF00>-4</color> to enemy ECM, Stealth, Mimetic

15:54:18.441 Updating last activated actor to: (Trooper_Announcer_221E0761)
15:54:25.635 == Mech: Trooper_Announcer_221E0761 updated to position: (-700.0, 222.7, 97.0) rot: (0.0, -0.7, 0.0, 0.7) from position: (-700.0, 222.7, 97.0) rot: (0.0, 0.0, 0.0, 0.0)
15:54:25.689 == Mech: Trooper_Announcer_221E0761 updated to position: (-855.4, 273.6, 137.6) rot: (0.0, -0.7, 0.0, 0.7) from position: (-700.0, 222.7, 97.0) rot: (0.0, 0.0, 0.0, 0.0)
15:54:25.746 == Mech: Trooper_Announcer_221E0761 updated to position: (-856.7, 280.7, 147.3) rot: (0.0, -0.1, 0.0, 1.0) from position: (-700.0, 222.7, 97.0) rot: (0.0, 0.0, 0.0, 0.0)
15:54:25.801 == Mech: Trooper_Announcer_221E0761 updated to position: (-857.7, 283.9, 155.3) rot: (0.0, -0.1, 0.0, 1.0) from position: (-700.0, 222.7, 97.0) rot: (0.0, 0.0, 0.0, 0.0)
15:54:25.850 == Mech: Trooper_Announcer_221E0761 updated to position: (-858.2, 285.7, 161.0) rot: (0.0, -0.1, 0.0, 1.0) from position: (-700.0, 222.7, 97.0) rot: (0.0, 0.0, 0.0, 0.0)
15:54:25.902 == Mech: Trooper_Announcer_221E0761 updated to position: (-858.2, 286.4, 164.7) rot: (0.0, 0.0, 0.0, 1.0) from position: (-700.0, 222.7, 97.0) rot: (0.0, 0.0, 0.0, 0.0)
15:54:25.955 == Mech: Trooper_Announcer_221E0761 updated to position: (-857.5, 286.5, 168.2) rot: (0.0, 0.0, 0.0, 1.0) from position: (-700.0, 222.7, 97.0) rot: (0.0, 0.0, 0.0, 0.0)
15:54:26.005 == Mech: Trooper_Announcer_221E0761 updated to position: (-855.6, 286.1, 169.9) rot: (0.0, 0.2, 0.0, 1.0) from position: (-700.0, 222.7, 97.0) rot: (0.0, 0.0, 0.0, 0.0)
15:54:26.055 == Mech: Trooper_Announcer_221E0761 updated to position: (-855.6, 286.1, 169.9) rot: (0.0, 0.7, 0.0, 0.8) from position: (-700.0, 222.7, 97.0) rot: (0.0, 0.0, 0.0, 0.0)
15:54:26.103 == Mech: Trooper_Announcer_221E0761 updated to position: (-855.6, 286.1, 169.9) rot: (0.0, 0.8, 0.0, 0.6) from position: (-700.0, 222.7, 97.0) rot: (0.0, 0.0, 0.0, 0.0)
15:54:26.152 == Mech: Trooper_Announcer_221E0761 updated to position: (-854.0, 285.8, 169.7) rot: (0.0, 0.8, 0.0, 0.6) from position: (-700.0, 222.7, 97.0) rot: (0.0, 0.0, 0.0, 0.0)
15:54:26.156 == Mech: Trooper_Announcer_221E0761 updated to position: (-854.0, 285.8, 169.7) rot: (0.0, 0.8, 0.0, 0.6) from position: (-700.0, 222.7, 97.0) rot: (0.0, 0.0, 0.0, 0.0)
15:54:26.172 == Mech: Trooper_Announcer_221E0761 updated to position: (-854.0, 285.7, 169.7) rot: (0.0, 0.8, 0.0, 0.6) from position: (-700.0, 222.7, 97.0) rot: (0.0, 0.0, 0.0, 0.0)
15:54:26.181   -- effects tooltip text is: <size=90%><b>ECM SHIELD</b>: <color=#00FF00>+5</color> to detect or attack.
<size=90%><b>ACTIVE PROBE</b>: <color=#00FF00>-4</color> to enemy ECM, Stealth, Mimetic

15:54:26.184   -- effects tooltip text is: <size=90%><b>ECM SHIELD</b>: <color=#00FF00>+5</color> to detect or attack.
<size=90%><b>ACTIVE PROBE</b>: <color=#00FF00>-4</color> to enemy ECM, Stealth, Mimetic

15:54:37.260   -- effects tooltip text is: <size=90%><b>ECM SHIELD</b>: <color=#00FF00>+6</color> to detect or attack.
<size=90%><b>ACTIVE PROBE</b>: <color=#00FF00>-3</color> to enemy ECM, Stealth, Mimetic

15:54:37.270 Updating last activated actor to: (Spector_Caveman_B8CF8F2F)
15:54:44.481   -- effects tooltip text is: <size=90%><b>ECM SHIELD</b>: <color=#00FF00>+6</color> to detect or attack.
<size=90%><b>ACTIVE PROBE</b>: <color=#00FF00>-3</color> to enemy ECM, Stealth, Mimetic

15:54:56.731 == Mech: Spector_Caveman_B8CF8F2F updated to position: (-868.0, 255.9, 97.0) rot: (0.0, 0.7, 0.0, 0.7) from position: (-672.0, 215.4, 48.5) rot: (0.0, 0.0, 0.0, 0.0)
15:54:56.753 == Mech: Spector_Caveman_B8CF8F2F updated to position: (-868.0, 255.2, 97.0) rot: (0.0, 0.7, 0.0, 0.7) from position: (-672.0, 215.4, 48.5) rot: (0.0, 0.0, 0.0, 0.0)
15:54:56.760   -- effects tooltip text is: <size=90%><b>ECM SHIELD</b>: <color=#00FF00>+6</color> to detect or attack.
<size=90%><b>ACTIVE PROBE</b>: <color=#00FF00>-3</color> to enemy ECM, Stealth, Mimetic

15:54:56.764   -- effects tooltip text is: <size=90%><b>ECM SHIELD</b>: <color=#00FF00>+6</color> to detect or attack.
<size=90%><b>ACTIVE PROBE</b>: <color=#00FF00>-3</color> to enemy ECM, Stealth, Mimetic

15:54:59.242   -- effects tooltip text is: <size=90%><b>ECM JAMMING</b>: <color=#FF0000>-3 sensor details.</color>

15:55:02.038   -- effects tooltip text is: <size=90%><b>ECM JAMMING</b>: <color=#FF0000>-3 sensor details.</color>

15:55:02.340   -- effects tooltip text is: <size=90%><b>ECM JAMMING</b>: <color=#FF0000>-3 sensor details.</color>

15:55:02.675   -- effects tooltip text is: <size=90%><b>ECM JAMMING</b>: <color=#FF0000>-3 sensor details.</color>

15:55:02.698   -- effects tooltip text is: <size=90%><b>ECM JAMMING</b>: <color=#FF0000>-3 sensor details.</color>

15:55:03.761   -- effects tooltip text is: <size=90%><b>ECM JAMMING</b>: <color=#FF0000>-3 sensor details.</color>

15:55:05.522 Updating last activated actor to: (Toro_Virago_E5666DC7)
15:55:07.970 == Mech: Toro_Virago_E5666DC7 updated to position: (-560.0, 221.9, 0.0) rot: (0.0, -0.4, 0.0, 0.9) from position: (-560.0, 221.9, 0.0) rot: (0.0, 0.0, 0.0, 0.0)
15:55:08.024 == Mech: Toro_Virago_E5666DC7 updated to position: (-560.0, 221.9, 0.0) rot: (0.0, -0.4, 0.0, 0.9) from position: (-560.0, 221.9, 0.0) rot: (0.0, 0.0, 0.0, 0.0)
15:55:08.066 == Mech: Toro_Virago_E5666DC7 updated to position: (-560.0, 221.9, 0.0) rot: (0.0, -0.6, 0.0, 0.8) from position: (-560.0, 221.9, 0.0) rot: (0.0, 0.0, 0.0, 0.0)
15:55:08.110 == Mech: Toro_Virago_E5666DC7 updated to position: (-630.0, 216.2, 72.7) rot: (0.0, -0.6, 0.0, 0.8) from position: (-560.0, 221.9, 0.0) rot: (0.0, 0.0, 0.0, 0.0)
15:55:08.118 == Mech: Toro_Virago_E5666DC7 updated to position: (-630.0, 216.2, 72.7) rot: (0.0, -0.6, 0.0, 0.8) from position: (-560.0, 221.9, 0.0) rot: (0.0, 0.0, 0.0, 0.0)
15:55:08.134 == Mech: Toro_Virago_E5666DC7 updated to position: (-630.0, 216.2, 72.7) rot: (0.0, -0.6, 0.0, 0.8) from position: (-560.0, 221.9, 0.0) rot: (0.0, 0.0, 0.0, 0.0)
15:55:09.638   -- effects tooltip text is: <size=90%><b>ECM JAMMING</b>: <color=#FF0000>-3 sensor details.</color>

15:55:10.076   -- effects tooltip text is: <size=90%><b>ECM JAMMING</b>: <color=#FF0000>-3 sensor details.</color>

15:55:13.882   -- effects tooltip text is: <size=90%><b>ECM JAMMING</b>: <color=#FF0000>-3 sensor details.</color>

15:55:14.145   -- effects tooltip text is: <size=90%><b>ECM JAMMING</b>: <color=#FF0000>-3 sensor details.</color>

15:55:14.398   -- effects tooltip text is: <size=90%><b>ECM JAMMING</b>: <color=#FF0000>-3 sensor details.</color>

15:55:14.414   -- effects tooltip text is: <size=90%><b>ECM JAMMING</b>: <color=#FF0000>-3 sensor details.</color>

15:55:14.430   -- effects tooltip text is: <size=90%><b>ECM JAMMING</b>: <color=#FF0000>-3 sensor details.</color>

15:55:14.445   -- effects tooltip text is: <size=90%><b>ECM JAMMING</b>: <color=#FF0000>-3 sensor details.</color>

15:55:14.459   -- effects tooltip text is: <size=90%><b>ECM JAMMING</b>: <color=#FF0000>-3 sensor details.</color>

15:55:14.474   -- effects tooltip text is: <size=90%><b>ECM JAMMING</b>: <color=#FF0000>-3 sensor details.</color>

15:55:14.489   -- effects tooltip text is: <size=90%><b>ECM JAMMING</b>: <color=#FF0000>-3 sensor details.</color>

15:55:14.505   -- effects tooltip text is: <size=90%><b>ECM JAMMING</b>: <color=#FF0000>-3 sensor details.</color>

15:55:14.519   -- effects tooltip text is: <size=90%><b>ECM JAMMING</b>: <color=#FF0000>-3 sensor details.</color>

15:55:14.533   -- effects tooltip text is: <size=90%><b>ECM JAMMING</b>: <color=#FF0000>-3 sensor details.</color>

15:55:14.548   -- effects tooltip text is: <size=90%><b>ECM JAMMING</b>: <color=#FF0000>-3 sensor details.</color>

15:55:16.285   -- effects tooltip text is: <size=90%><b>ECM JAMMING</b>: <color=#FF0000>-3 sensor details.</color>

15:55:21.966 == Mech: Commando_Gunner_D7EE0657 updated to position: (-784.0, 259.6, 145.5) rot: (0.0, 0.4, 0.0, 0.9) from position: (-784.0, 259.6, 145.5) rot: (0.0, 0.0, 0.0, 0.0)
15:55:21.994 == Mech: Commando_Gunner_D7EE0657 updated to position: (-784.0, 259.6, 145.5) rot: (0.0, 0.4, 0.0, 0.9) from position: (-784.0, 259.6, 145.5) rot: (0.0, 0.0, 0.0, 0.0)
15:55:22.032 == Mech: Commando_Gunner_D7EE0657 updated to position: (-784.0, 259.6, 145.5) rot: (0.0, 0.6, 0.0, 0.8) from position: (-784.0, 259.6, 145.5) rot: (0.0, 0.0, 0.0, 0.0)
15:55:22.070 == Mech: Commando_Gunner_D7EE0657 updated to position: (-784.0, 259.6, 145.5) rot: (0.0, 0.8, 0.0, 0.6) from position: (-784.0, 259.6, 145.5) rot: (0.0, 0.0, 0.0, 0.0)
15:55:22.108 == Mech: Commando_Gunner_D7EE0657 updated to position: (-784.0, 259.6, 145.5) rot: (0.0, 0.9, 0.0, 0.3) from position: (-784.0, 259.6, 145.5) rot: (0.0, 0.0, 0.0, 0.0)
15:55:22.150 == Mech: Commando_Gunner_D7EE0657 updated to position: (-714.0, 251.9, 169.7) rot: (0.0, 1.0, 0.0, 0.3) from position: (-784.0, 259.6, 145.5) rot: (0.0, 0.0, 0.0, 0.0)
15:55:22.152 == Mech: Commando_Gunner_D7EE0657 updated to position: (-714.0, 251.9, 169.7) rot: (0.0, 1.0, 0.0, 0.3) from position: (-784.0, 259.6, 145.5) rot: (0.0, 0.0, 0.0, 0.0)
15:55:22.174 == Mech: Commando_Gunner_D7EE0657 updated to position: (-714.0, 251.9, 169.7) rot: (0.0, 1.0, 0.0, 0.3) from position: (-784.0, 259.6, 145.5) rot: (0.0, 0.0, 0.0, 0.0)
15:55:25.995 Updating last activated actor to: (Flea_Fire Priestess_248ABC36)
15:55:44.197   -- effects tooltip text is: <size=90%><b>ECM JAMMING</b>: <color=#FF0000>-3 sensor details.</color>

15:55:45.190   -- effects tooltip text is: <size=90%><b>ECM JAMMING</b>: <color=#FF0000>-3 sensor details.</color>

15:55:45.294   -- effects tooltip text is: <size=90%><b>ECM JAMMING</b>: <color=#FF0000>-3 sensor details.</color>

15:55:54.388 == Mech: Flea_Fire Priestess_248ABC36 updated to position: (-742.0, 258.8, 169.7) rot: (0.0, 0.7, 0.0, 0.7) from position: (-644.0, 216.7, 48.5) rot: (0.0, 0.0, 0.0, 0.0)
15:55:54.409 == Mech: Flea_Fire Priestess_248ABC36 updated to position: (-742.0, 258.3, 169.7) rot: (0.0, 0.7, 0.0, 0.7) from position: (-644.0, 216.7, 48.5) rot: (0.0, 0.0, 0.0, 0.0)
15:56:04.634 == Mech: Commando_Defender_212B673A updated to position: (-532.0, 201.5, 339.5) rot: (0.0, 1.0, 0.0, -0.1) from position: (-518.0, 193.6, 460.7) rot: (0.0, 0.0, 0.0, 0.0)
15:56:04.659 == Mech: Commando_Defender_212B673A updated to position: (-532.0, 201.5, 339.5) rot: (0.0, 1.0, 0.0, -0.1) from position: (-518.0, 193.6, 460.7) rot: (0.0, 0.0, 0.0, 0.0)
15:56:04.890   -- effects tooltip text is: <size=90%><b>ECM SHIELD</b>: <color=#00FF00>+1</color> to detect or attack.

15:56:12.970 Updating last activated actor to: (Warrior H7 Fusion_Boomer_5E1110A2)
15:56:16.549 == Mech: Warrior H7 Fusion_Boomer_5E1110A2 updated to position: (-546.0, 221.1, 24.2) rot: (0.0, 0.4, 0.0, 0.9) from position: (-546.0, 221.1, 24.2) rot: (0.0, 0.0, 0.0, 0.0)
15:56:16.593 == Mech: Warrior H7 Fusion_Boomer_5E1110A2 updated to position: (-546.0, 221.1, 24.2) rot: (0.0, 0.4, 0.0, 0.9) from position: (-546.0, 221.1, 24.2) rot: (0.0, 0.0, 0.0, 0.0)
15:56:16.635 == Mech: Warrior H7 Fusion_Boomer_5E1110A2 updated to position: (-350.0, 213.0, 169.7) rot: (0.0, -0.1, 0.0, 1.0) from position: (-546.0, 221.1, 24.2) rot: (0.0, 0.0, 0.0, 0.0)
15:56:16.637 == Mech: Warrior H7 Fusion_Boomer_5E1110A2 updated to position: (-350.0, 213.0, 169.7) rot: (0.0, -0.1, 0.0, 1.0) from position: (-546.0, 221.1, 24.2) rot: (0.0, 0.0, 0.0, 0.0)
15:56:16.652 == Mech: Warrior H7 Fusion_Boomer_5E1110A2 updated to position: (-350.0, 213.0, 169.7) rot: (0.0, -0.1, 0.0, 1.0) from position: (-546.0, 221.1, 24.2) rot: (0.0, 0.0, 0.0, 0.0)
15:56:42.464 == Mech: Scorpion Medium Tank_Pilot_73DC54B5 updated to position: (-462.0, 163.7, 557.7) rot: (0.0, 1.0, 0.0, -0.2) from position: (-462.0, 163.7, 557.7) rot: (0.0, 0.0, 0.0, 0.0)
15:56:42.502 == Mech: Scorpion Medium Tank_Pilot_73DC54B5 updated to position: (-462.0, 163.7, 557.7) rot: (0.0, 1.0, 0.0, 0.1) from position: (-462.0, 163.7, 557.7) rot: (0.0, 0.0, 0.0, 0.0)
15:56:42.538 == Mech: Scorpion Medium Tank_Pilot_73DC54B5 updated to position: (-462.0, 163.7, 557.7) rot: (0.0, 1.0, 0.0, 0.1) from position: (-462.0, 163.7, 557.7) rot: (0.0, 0.0, 0.0, 0.0)
15:56:42.576 == Mech: Scorpion Medium Tank_Pilot_73DC54B5 updated to position: (-532.0, 192.2, 436.5) rot: (0.0, 1.0, 0.0, 0.0) from position: (-462.0, 163.7, 557.7) rot: (0.0, 0.0, 0.0, 0.0)
15:56:42.578 == Mech: Scorpion Medium Tank_Pilot_73DC54B5 updated to position: (-532.0, 192.2, 436.5) rot: (0.0, 1.0, 0.0, 0.0) from position: (-462.0, 163.7, 557.7) rot: (0.0, 0.0, 0.0, 0.0)
15:56:42.603 == Mech: Scorpion Medium Tank_Pilot_73DC54B5 updated to position: (-532.0, 191.9, 436.5) rot: (0.0, 1.0, 0.0, 0.0) from position: (-462.0, 163.7, 557.7) rot: (0.0, 0.0, 0.0, 0.0)
15:56:42.740 Target Archer_Commando_9D156E66 sensor info LocationAndType is less than SurfaceScan and outside visualID, cannot be targeted by AI called shot
15:56:47.549 == Mech: Valkyrie_Gunner_BBF6A7B1 updated to position: (-840.0, 257.0, 97.0) rot: (0.0, 1.0, 0.0, 0.2) from position: (-840.0, 257.0, 97.0) rot: (0.0, 0.0, 0.0, 0.0)
15:56:47.592 == Mech: Valkyrie_Gunner_BBF6A7B1 updated to position: (-840.0, 257.0, 97.0) rot: (0.0, 1.0, 0.0, 0.2) from position: (-840.0, 257.0, 97.0) rot: (0.0, 0.0, 0.0, 0.0)
15:56:47.636 == Mech: Valkyrie_Gunner_BBF6A7B1 updated to position: (-812.0, 232.8, 48.5) rot: (0.0, 0.5, 0.0, 0.9) from position: (-840.0, 257.0, 97.0) rot: (0.0, 0.0, 0.0, 0.0)
15:56:47.638 == Mech: Valkyrie_Gunner_BBF6A7B1 updated to position: (-812.0, 232.8, 48.5) rot: (0.0, 0.5, 0.0, 0.9) from position: (-840.0, 257.0, 97.0) rot: (0.0, 0.0, 0.0, 0.0)
15:56:47.662 == Mech: Valkyrie_Gunner_BBF6A7B1 updated to position: (-812.0, 232.7, 48.5) rot: (0.0, 0.5, 0.0, 0.9) from position: (-840.0, 257.0, 97.0) rot: (0.0, 0.0, 0.0, 0.0)
15:56:48.118 Target Marsden III MBT_Blaze_8F76066D sensor info LocationAndType is less than SurfaceScan and outside visualID, cannot be targeted by AI called shot
15:56:48.121 Target Warrior H7 Fusion_Boomer_5E1110A2 sensor info LocationAndType is less than SurfaceScan and outside visualID, cannot be targeted by AI called shot
15:56:52.056 == Mech: Valkyrie_Gunner_B5380299 updated to position: (-112.0, 209.0, -679.0) rot: (0.0, 0.7, 0.0, 0.7) from position: (-112.0, 209.0, -679.0) rot: (0.0, 0.0, 0.0, 0.0)
15:56:52.092 == Mech: Valkyrie_Gunner_B5380299 updated to position: (-41.4, 216.5, -656.2) rot: (0.0, 0.7, 0.0, 0.7) from position: (-112.0, 209.0, -679.0) rot: (0.0, 0.0, 0.0, 0.0)
15:56:52.125 == Mech: Valkyrie_Gunner_B5380299 updated to position: (-41.4, 216.5, -656.2) rot: (0.0, -0.2, 0.0, 1.0) from position: (-112.0, 209.0, -679.0) rot: (0.0, 0.0, 0.0, 0.0)
15:56:52.158 == Mech: Valkyrie_Gunner_B5380299 updated to position: (-41.4, 216.5, -656.2) rot: (0.0, -0.2, 0.0, 1.0) from position: (-112.0, 209.0, -679.0) rot: (0.0, 0.0, 0.0, 0.0)
15:56:52.195 == Mech: Valkyrie_Gunner_B5380299 updated to position: (-42.0, 216.0, -654.7) rot: (0.0, -0.3, 0.0, 1.0) from position: (-112.0, 209.0, -679.0) rot: (0.0, 0.0, 0.0, 0.0)
15:56:52.198 == Mech: Valkyrie_Gunner_B5380299 updated to position: (-42.0, 216.0, -654.7) rot: (0.0, -0.3, 0.0, 1.0) from position: (-112.0, 209.0, -679.0) rot: (0.0, 0.0, 0.0, 0.0)
15:56:52.220 == Mech: Valkyrie_Gunner_B5380299 updated to position: (-42.0, 216.0, -654.7) rot: (0.0, -0.3, 0.0, 1.0) from position: (-112.0, 209.0, -679.0) rot: (0.0, 0.0, 0.0, 0.0)
15:56:52.321 Target Marsden III MBT_Blaze_8F76066D sensor info LocationAndType is less than SurfaceScan and outside visualID, cannot be targeted by AI called shot
15:56:52.325 Target Super Griffin_Pappystein_CDB452CE sensor info NoInfo is less than SurfaceScan and outside visualID, cannot be targeted by AI called shot
15:56:52.332 Target Archer_Commando_9D156E66 sensor info LocationAndType is less than SurfaceScan and outside visualID, cannot be targeted by AI called shot
15:56:52.339 Target Avatar_Oddball_E325BAAE sensor info LocationAndType is less than SurfaceScan and outside visualID, cannot be targeted by AI called shot
15:56:52.347 Target Valkyrie II_Shade_655D02FD sensor info LocationAndType is less than SurfaceScan and outside visualID, cannot be targeted by AI called shot
15:56:52.353 Target Cataphract_Scorch_F9FAE558 sensor info LocationAndType is less than SurfaceScan and outside visualID, cannot be targeted by AI called shot
15:56:58.076 == Mech: Owens_Gunner_94E0FD34 updated to position: (-98.0, 210.4, -703.2) rot: (0.0, -0.1, 0.0, 1.0) from position: (-98.0, 210.4, -703.2) rot: (0.0, 0.0, 0.0, 0.0)
15:56:58.119 == Mech: Owens_Gunner_94E0FD34 updated to position: (-99.6, 205.5, -592.3) rot: (0.0, -0.1, 0.0, 1.0) from position: (-98.0, 210.4, -703.2) rot: (0.0, 0.0, 0.0, 0.0)
15:56:58.160 == Mech: Owens_Gunner_94E0FD34 updated to position: (-99.6, 205.5, -592.3) rot: (0.0, 0.1, 0.0, 1.0) from position: (-98.0, 210.4, -703.2) rot: (0.0, 0.0, 0.0, 0.0)
15:56:58.201 == Mech: Owens_Gunner_94E0FD34 updated to position: (-84.0, 204.4, -533.5) rot: (0.0, -0.5, 0.0, 0.9) from position: (-98.0, 210.4, -703.2) rot: (0.0, 0.0, 0.0, 0.0)
15:56:58.204 == Mech: Owens_Gunner_94E0FD34 updated to position: (-84.0, 204.4, -533.5) rot: (0.0, -0.5, 0.0, 0.9) from position: (-98.0, 210.4, -703.2) rot: (0.0, 0.0, 0.0, 0.0)
15:56:58.229 == Mech: Owens_Gunner_94E0FD34 updated to position: (-84.0, 204.2, -533.5) rot: (0.0, -0.5, 0.0, 0.9) from position: (-98.0, 210.4, -703.2) rot: (0.0, 0.0, 0.0, 0.0)
15:57:03.591 == Mech: Spider Venom_Tactician_2084CA97 updated to position: (-56.0, 208.1, -630.5) rot: (0.0, 0.8, 0.0, 0.7) from position: (-56.0, 208.1, -630.5) rot: (0.0, 0.0, 0.0, 0.0)
15:57:03.625 == Mech: Spider Venom_Tactician_2084CA97 updated to position: (-91.5, 206.3, -626.9) rot: (0.0, 0.8, 0.0, 0.7) from position: (-56.0, 208.1, -630.5) rot: (0.0, 0.0, 0.0, 0.0)
15:57:03.666 == Mech: Spider Venom_Tactician_2084CA97 updated to position: (-107.3, 207.4, -627.0) rot: (0.0, 0.7, 0.0, 0.7) from position: (-56.0, 208.1, -630.5) rot: (0.0, 0.0, 0.0, 0.0)
15:57:03.708 == Mech: Spider Venom_Tactician_2084CA97 updated to position: (-111.4, 208.6, -628.2) rot: (0.0, 0.7, 0.0, 0.8) from position: (-56.0, 208.1, -630.5) rot: (0.0, 0.0, 0.0, 0.0)
15:57:03.746 == Mech: Spider Venom_Tactician_2084CA97 updated to position: (-111.4, 208.6, -628.2) rot: (0.0, 0.5, 0.0, 0.9) from position: (-56.0, 208.1, -630.5) rot: (0.0, 0.0, 0.0, 0.0)
15:57:03.786 == Mech: Spider Venom_Tactician_2084CA97 updated to position: (-112.0, 209.4, -630.5) rot: (0.0, -0.3, 0.0, 1.0) from position: (-56.0, 208.1, -630.5) rot: (0.0, 0.0, 0.0, 0.0)
15:57:03.789 == Mech: Spider Venom_Tactician_2084CA97 updated to position: (-112.0, 209.4, -630.5) rot: (0.0, -0.3, 0.0, 1.0) from position: (-56.0, 208.1, -630.5) rot: (0.0, 0.0, 0.0, 0.0)
15:57:03.812 == Mech: Spider Venom_Tactician_2084CA97 updated to position: (-112.0, 209.4, -630.5) rot: (0.0, -0.3, 0.0, 1.0) from position: (-56.0, 208.1, -630.5) rot: (0.0, 0.0, 0.0, 0.0)
15:57:09.183 == Mech: Hollander_Pilot_A3C9A6F1 updated to position: (-756.0, 247.7, 145.5) rot: (0.0, -0.7, 0.0, 0.7) from position: (-756.0, 247.7, 145.5) rot: (0.0, 0.0, 0.0, 0.0)
15:57:09.215 == Mech: Hollander_Pilot_A3C9A6F1 updated to position: (-756.0, 247.7, 145.5) rot: (0.0, -0.7, 0.0, 0.7) from position: (-756.0, 247.7, 145.5) rot: (0.0, 0.0, 0.0, 0.0)
15:57:09.246 == Mech: Hollander_Pilot_A3C9A6F1 updated to position: (-784.0, 269.3, 194.0) rot: (0.0, 0.9, 0.0, 0.5) from position: (-756.0, 247.7, 145.5) rot: (0.0, 0.0, 0.0, 0.0)
15:57:09.249 == Mech: Hollander_Pilot_A3C9A6F1 updated to position: (-784.0, 269.3, 194.0) rot: (0.0, 0.9, 0.0, 0.5) from position: (-756.0, 247.7, 145.5) rot: (0.0, 0.0, 0.0, 0.0)
15:57:09.273 == Mech: Hollander_Pilot_A3C9A6F1 updated to position: (-784.0, 269.1, 194.0) rot: (0.0, 0.9, 0.0, 0.5) from position: (-756.0, 247.7, 145.5) rot: (0.0, 0.0, 0.0, 0.0)
15:57:09.633 Target Super Griffin_Pappystein_CDB452CE sensor info NoInfo is less than SurfaceScan and outside visualID, cannot be targeted by AI called shot
15:57:18.692 == Mech: Razorback_Defender_EF01A5C3 updated to position: (-798.0, 272.2, 169.7) rot: (0.0, -0.5, 0.0, 0.8) from position: (-798.0, 272.1, 169.7) rot: (0.0, 0.0, 0.0, 0.0)
15:57:18.731 == Mech: Razorback_Defender_EF01A5C3 updated to position: (-798.0, 272.2, 169.7) rot: (0.0, -0.5, 0.0, 0.8) from position: (-798.0, 272.1, 169.7) rot: (0.0, 0.0, 0.0, 0.0)
15:57:18.771 == Mech: Razorback_Defender_EF01A5C3 updated to position: (-868.0, 289.6, 194.0) rot: (0.0, 1.0, 0.0, 0.3) from position: (-798.0, 272.1, 169.7) rot: (0.0, 0.0, 0.0, 0.0)
15:57:18.772 == Mech: Razorback_Defender_EF01A5C3 updated to position: (-868.0, 289.6, 194.0) rot: (0.0, 1.0, 0.0, 0.3) from position: (-798.0, 272.1, 169.7) rot: (0.0, 0.0, 0.0, 0.0)
15:57:18.796 == Mech: Razorback_Defender_EF01A5C3 updated to position: (-868.0, 289.6, 194.0) rot: (0.0, 1.0, 0.0, 0.3) from position: (-798.0, 272.1, 169.7) rot: (0.0, 0.0, 0.0, 0.0)
15:57:18.963 Target Warrior H7 Fusion_Boomer_5E1110A2 sensor info NoInfo is less than SurfaceScan and outside visualID, cannot be targeted by AI called shot
15:57:19.174 Target Valkyrie II_Shade_655D02FD sensor info NoInfo is less than SurfaceScan and outside visualID, cannot be targeted by AI called shot
15:57:19.188 Target Cataphract_Scorch_F9FAE558 sensor info NoInfo is less than SurfaceScan and outside visualID, cannot be targeted by AI called shot
15:57:19.199 Target Archer_Commando_9D156E66 sensor info NoInfo is less than SurfaceScan and outside visualID, cannot be targeted by AI called shot
15:57:19.214 Target Avatar_Oddball_E325BAAE sensor info NoInfo is less than SurfaceScan and outside visualID, cannot be targeted by AI called shot
15:57:19.228 Target Super Griffin_Pappystein_CDB452CE sensor info NoInfo is less than SurfaceScan and outside visualID, cannot be targeted by AI called shot
15:57:22.356   -- effects tooltip text is: <size=90%><b>ECM JAMMING</b>: <color=#FF0000>-3 sensor details.</color>

15:57:24.075   -- effects tooltip text is: <size=90%><b>ECM JAMMING</b>: <color=#FF0000>-3 sensor details.</color>

15:57:24.475   -- effects tooltip text is: <size=90%><b>ECM JAMMING</b>: <color=#FF0000>-3 sensor details.</color>

15:57:24.861 Target Cataphract_Scorch_F9FAE558 sensor info LocationAndType is less than SurfaceScan and outside visualID, cannot be targeted by AI called shot
15:57:24.867 Target Archer_Commando_9D156E66 sensor info LocationAndType is less than SurfaceScan and outside visualID, cannot be targeted by AI called shot
15:57:24.874 Target Avatar_Oddball_E325BAAE sensor info NoInfo is less than SurfaceScan and outside visualID, cannot be targeted by AI called shot
15:57:24.882 Target Valkyrie II_Shade_655D02FD sensor info LocationAndType is less than SurfaceScan and outside visualID, cannot be targeted by AI called shot
15:57:24.888 Target Toro_Virago_E5666DC7 sensor info LocationAndType is less than SurfaceScan and outside visualID, cannot be targeted by AI called shot
15:57:24.895 Target Flea_Fire Priestess_248ABC36 sensor info LocationAndType is less than SurfaceScan and outside visualID, cannot be targeted by AI called shot
15:57:24.914 Target Warrior H7 Fusion_Boomer_5E1110A2 sensor info LocationAndType is less than SurfaceScan and outside visualID, cannot be targeted by AI called shot
15:57:27.166   -- effects tooltip text is: <size=90%><b>ECM JAMMING</b>: <color=#FF0000>-3 sensor details.</color>

15:57:29.621 Updating last activated actor to: (Valkyrie II_Shade_655D02FD)
15:57:34.355 == Mech: Valkyrie II_Shade_655D02FD updated to position: (-448.0, 217.2, 48.5) rot: (0.0, 0.0, 0.0, 1.0) from position: (-448.0, 217.2, 48.5) rot: (0.0, 0.0, 0.0, 0.0)
15:57:34.405 == Mech: Valkyrie II_Shade_655D02FD updated to position: (-448.0, 217.2, 48.5) rot: (0.0, 0.0, 0.0, 1.0) from position: (-448.0, 217.2, 48.5) rot: (0.0, 0.0, 0.0, 0.0)
15:57:34.455 == Mech: Valkyrie II_Shade_655D02FD updated to position: (-476.0, 209.0, 194.0) rot: (0.0, 0.2, 0.0, 1.0) from position: (-448.0, 217.2, 48.5) rot: (0.0, 0.0, 0.0, 0.0)
15:57:34.460 == Mech: Valkyrie II_Shade_655D02FD updated to position: (-476.0, 209.0, 194.0) rot: (0.0, 0.2, 0.0, 1.0) from position: (-448.0, 217.2, 48.5) rot: (0.0, 0.0, 0.0, 0.0)
15:57:34.477 == Mech: Valkyrie II_Shade_655D02FD updated to position: (-476.0, 209.0, 194.0) rot: (0.0, 0.2, 0.0, 1.0) from position: (-448.0, 217.2, 48.5) rot: (0.0, 0.0, 0.0, 0.0)
15:57:48.478 == Mech: Javelin_Pilot_B728E8F2 updated to position: (-196.0, 128.1, 533.5) rot: (0.0, -0.9, 0.0, 0.5) from position: (-154.0, 134.6, 557.7) rot: (0.0, 0.0, 0.0, 0.0)
15:57:48.502 == Mech: Javelin_Pilot_B728E8F2 updated to position: (-196.0, 128.1, 533.5) rot: (0.0, -0.9, 0.0, 0.5) from position: (-154.0, 134.6, 557.7) rot: (0.0, 0.0, 0.0, 0.0)
15:57:52.053 == Mech: Vulcan_Gunner_EC1ABF44 updated to position: (-84.0, 204.3, -582.0) rot: (0.0, 0.1, 0.0, 1.0) from position: (-84.0, 204.3, -582.0) rot: (0.0, 0.0, 0.0, 0.0)
15:57:52.093 == Mech: Vulcan_Gunner_EC1ABF44 updated to position: (-92.9, 222.5, -454.7) rot: (0.0, 0.1, 0.0, 1.0) from position: (-84.0, 204.3, -582.0) rot: (0.0, 0.0, 0.0, 0.0)
15:57:52.127 == Mech: Vulcan_Gunner_EC1ABF44 updated to position: (-92.9, 222.5, -454.7) rot: (0.0, -0.3, 0.0, 0.9) from position: (-84.0, 204.3, -582.0) rot: (0.0, 0.0, 0.0, 0.0)
15:57:52.161 == Mech: Vulcan_Gunner_EC1ABF44 updated to position: (-112.0, 231.1, -436.5) rot: (0.0, -0.4, 0.0, 0.9) from position: (-84.0, 204.3, -582.0) rot: (0.0, 0.0, 0.0, 0.0)
15:57:52.165 == Mech: Vulcan_Gunner_EC1ABF44 updated to position: (-112.0, 231.1, -436.5) rot: (0.0, -0.4, 0.0, 0.9) from position: (-84.0, 204.3, -582.0) rot: (0.0, 0.0, 0.0, 0.0)
15:57:52.191 == Mech: Vulcan_Gunner_EC1ABF44 updated to position: (-112.0, 231.0, -436.5) rot: (0.0, -0.4, 0.0, 0.9) from position: (-84.0, 204.3, -582.0) rot: (0.0, 0.0, 0.0, 0.0)
15:57:57.269 == Mech: Whitworth_Defender_55C289E9 updated to position: (-14.0, 143.5, 848.7) rot: (0.0, 1.0, 0.0, 0.0) from position: (-14.0, 153.8, 945.7) rot: (0.0, 0.0, 0.0, 0.0)
15:57:57.290 == Mech: Whitworth_Defender_55C289E9 updated to position: (-14.0, 143.5, 848.7) rot: (0.0, 1.0, 0.0, 0.0) from position: (-14.0, 153.8, 945.7) rot: (0.0, 0.0, 0.0, 0.0)
15:57:57.368 Target Warrior H7 Fusion_Boomer_5E1110A2 sensor info LocationAndType is less than SurfaceScan and outside visualID, cannot be targeted by AI called shot
15:57:57.373 Target Valkyrie II_Shade_655D02FD sensor info LocationAndType is less than SurfaceScan and outside visualID, cannot be targeted by AI called shot
15:58:01.811 == Mech: Blackjack_Defender_24AEAAFA updated to position: (-140.0, 123.8, 679.0) rot: (0.0, 1.0, 0.0, -0.3) from position: (-140.0, 123.8, 679.0) rot: (0.0, 0.0, 0.0, 0.0)
15:58:01.843 == Mech: Blackjack_Defender_24AEAAFA updated to position: (-130.4, 131.9, 598.5) rot: (0.0, 1.0, 0.0, -0.3) from position: (-140.0, 123.8, 679.0) rot: (0.0, 0.0, 0.0, 0.0)
15:58:01.879 == Mech: Blackjack_Defender_24AEAAFA updated to position: (-120.6, 134.5, 593.0) rot: (0.0, 0.9, 0.0, 0.5) from position: (-140.0, 123.8, 679.0) rot: (0.0, 0.0, 0.0, 0.0)
15:58:01.915 == Mech: Blackjack_Defender_24AEAAFA updated to position: (-115.4, 135.7, 589.6) rot: (0.0, 0.9, 0.0, 0.5) from position: (-140.0, 123.8, 679.0) rot: (0.0, 0.0, 0.0, 0.0)
15:58:01.950 == Mech: Blackjack_Defender_24AEAAFA updated to position: (-112.7, 136.3, 586.7) rot: (0.0, 0.9, 0.0, 0.4) from position: (-140.0, 123.8, 679.0) rot: (0.0, 0.0, 0.0, 0.0)
15:58:01.986 == Mech: Blackjack_Defender_24AEAAFA updated to position: (-111.8, 136.6, 583.9) rot: (0.0, 1.0, 0.0, 0.3) from position: (-140.0, 123.8, 679.0) rot: (0.0, 0.0, 0.0, 0.0)
15:58:02.018 == Mech: Blackjack_Defender_24AEAAFA updated to position: (-111.8, 136.6, 583.9) rot: (0.0, 1.0, 0.0, 0.0) from position: (-140.0, 123.8, 679.0) rot: (0.0, 0.0, 0.0, 0.0)
15:58:02.054 == Mech: Blackjack_Defender_24AEAAFA updated to position: (-112.0, 136.8, 582.0) rot: (0.0, 1.0, 0.0, -0.1) from position: (-140.0, 123.8, 679.0) rot: (0.0, 0.0, 0.0, 0.0)
15:58:02.056 == Mech: Blackjack_Defender_24AEAAFA updated to position: (-112.0, 136.8, 582.0) rot: (0.0, 1.0, 0.0, -0.1) from position: (-140.0, 123.8, 679.0) rot: (0.0, 0.0, 0.0, 0.0)
15:58:02.079 == Mech: Blackjack_Defender_24AEAAFA updated to position: (-112.0, 136.8, 582.0) rot: (0.0, 1.0, 0.0, -0.1) from position: (-140.0, 123.8, 679.0) rot: (0.0, 0.0, 0.0, 0.0)
15:58:02.159 Target Warrior H7 Fusion_Boomer_5E1110A2 sensor info NoInfo is less than SurfaceScan and outside visualID, cannot be targeted by AI called shot
15:58:02.162 Target Valkyrie II_Shade_655D02FD sensor info NoInfo is less than SurfaceScan and outside visualID, cannot be targeted by AI called shot
15:58:02.177 Target Cataphract_Scorch_F9FAE558 sensor info NoInfo is less than SurfaceScan and outside visualID, cannot be targeted by AI called shot
15:58:02.234 Target Flea_Fire Priestess_248ABC36 sensor info NoInfo is less than SurfaceScan and outside visualID, cannot be targeted by AI called shot
15:59:09.867 Updating last activated actor to: (Archer_Commando_9D156E66)
15:59:20.332 == Mech: Archer_Commando_9D156E66 updated to position: (-431.7, 216.3, 62.3) rot: (0.0, -0.1, 0.0, 1.0) from position: (-462.0, 224.5, -24.2) rot: (0.0, 0.0, 0.0, 0.0)
15:59:20.406 == Mech: Archer_Commando_9D156E66 updated to position: (-432.7, 214.4, 98.1) rot: (0.0, 0.0, 0.0, 1.0) from position: (-462.0, 224.5, -24.2) rot: (0.0, 0.0, 0.0, 0.0)
15:59:20.469 == Mech: Archer_Commando_9D156E66 updated to position: (-432.7, 214.4, 98.1) rot: (0.0, -0.1, 0.0, 1.0) from position: (-462.0, 224.5, -24.2) rot: (0.0, 0.0, 0.0, 0.0)
15:59:20.530 == Mech: Archer_Commando_9D156E66 updated to position: (-434.0, 214.8, 121.2) rot: (0.0, 0.1, 0.0, 1.0) from position: (-462.0, 224.5, -24.2) rot: (0.0, 0.0, 0.0, 0.0)
15:59:20.536 == Mech: Archer_Commando_9D156E66 updated to position: (-434.0, 214.8, 121.2) rot: (0.0, 0.1, 0.0, 1.0) from position: (-462.0, 224.5, -24.2) rot: (0.0, 0.0, 0.0, 0.0)
15:59:20.554 == Mech: Archer_Commando_9D156E66 updated to position: (-434.0, 214.7, 121.2) rot: (0.0, 0.1, 0.0, 1.0) from position: (-462.0, 224.5, -24.2) rot: (0.0, 0.0, 0.0, 0.0)
15:59:34.642 == Mech: Bandit G_Gunner_89BBB8C1 updated to position: (-602.0, 196.9, 606.2) rot: (0.0, 1.0, 0.0, 0.2) from position: (-602.0, 196.9, 606.2) rot: (0.0, 0.0, 0.0, 0.0)
15:59:34.682 == Mech: Bandit G_Gunner_89BBB8C1 updated to position: (-490.5, 182.2, 475.4) rot: (0.0, 0.9, 0.0, 0.4) from position: (-602.0, 196.9, 606.2) rot: (0.0, 0.0, 0.0, 0.0)
15:59:34.720 == Mech: Bandit G_Gunner_89BBB8C1 updated to position: (-479.2, 172.4, 454.2) rot: (0.0, 1.0, 0.0, 0.1) from position: (-602.0, 196.9, 606.2) rot: (0.0, 0.0, 0.0, 0.0)
15:59:34.756 == Mech: Bandit G_Gunner_89BBB8C1 updated to position: (-473.9, 172.5, 444.4) rot: (0.0, 1.0, 0.0, 0.3) from position: (-602.0, 196.9, 606.2) rot: (0.0, 0.0, 0.0, 0.0)
15:59:34.794 == Mech: Bandit G_Gunner_89BBB8C1 updated to position: (-470.6, 173.0, 438.2) rot: (0.0, 1.0, 0.0, 0.2) from position: (-602.0, 196.9, 606.2) rot: (0.0, 0.0, 0.0, 0.0)
15:59:34.830 == Mech: Bandit G_Gunner_89BBB8C1 updated to position: (-468.4, 173.4, 434.0) rot: (0.0, 1.0, 0.0, 0.2) from position: (-602.0, 196.9, 606.2) rot: (0.0, 0.0, 0.0, 0.0)
15:59:34.868 == Mech: Bandit G_Gunner_89BBB8C1 updated to position: (-466.8, 173.7, 430.9) rot: (0.0, 1.0, 0.0, 0.2) from position: (-602.0, 196.9, 606.2) rot: (0.0, 0.0, 0.0, 0.0)
15:59:34.905 == Mech: Bandit G_Gunner_89BBB8C1 updated to position: (-465.6, 173.9, 428.4) rot: (0.0, 1.0, 0.0, 0.2) from position: (-602.0, 196.9, 606.2) rot: (0.0, 0.0, 0.0, 0.0)
15:59:34.942 == Mech: Bandit G_Gunner_89BBB8C1 updated to position: (-464.7, 174.1, 426.5) rot: (0.0, 1.0, 0.0, 0.2) from position: (-602.0, 196.9, 606.2) rot: (0.0, 0.0, 0.0, 0.0)
15:59:34.979 == Mech: Bandit G_Gunner_89BBB8C1 updated to position: (-464.0, 174.3, 424.9) rot: (0.0, 1.0, 0.0, 0.2) from position: (-602.0, 196.9, 606.2) rot: (0.0, 0.0, 0.0, 0.0)
15:59:35.013 == Mech: Bandit G_Gunner_89BBB8C1 updated to position: (-463.5, 174.5, 423.6) rot: (0.0, 1.0, 0.0, 0.2) from position: (-602.0, 196.9, 606.2) rot: (0.0, 0.0, 0.0, 0.0)
15:59:35.048 == Mech: Bandit G_Gunner_89BBB8C1 updated to position: (-463.1, 174.6, 422.5) rot: (0.0, 1.0, 0.0, 0.2) from position: (-602.0, 196.9, 606.2) rot: (0.0, 0.0, 0.0, 0.0)
15:59:35.083 == Mech: Bandit G_Gunner_89BBB8C1 updated to position: (-462.8, 174.8, 421.3) rot: (0.0, 1.0, 0.0, 0.2) from position: (-602.0, 196.9, 606.2) rot: (0.0, 0.0, 0.0, 0.0)
15:59:35.119 == Mech: Bandit G_Gunner_89BBB8C1 updated to position: (-462.5, 175.1, 420.1) rot: (0.0, 1.0, 0.0, 0.1) from position: (-602.0, 196.9, 606.2) rot: (0.0, 0.0, 0.0, 0.0)
15:59:35.156 == Mech: Bandit G_Gunner_89BBB8C1 updated to position: (-462.2, 175.4, 418.9) rot: (0.0, 1.0, 0.0, 0.1) from position: (-602.0, 196.9, 606.2) rot: (0.0, 0.0, 0.0, 0.0)
15:59:35.193 == Mech: Bandit G_Gunner_89BBB8C1 updated to position: (-462.0, 175.7, 417.7) rot: (0.0, 1.0, 0.0, 0.1) from position: (-602.0, 196.9, 606.2) rot: (0.0, 0.0, 0.0, 0.0)
15:59:35.231 == Mech: Bandit G_Gunner_89BBB8C1 updated to position: (-461.8, 176.0, 416.5) rot: (0.0, 1.0, 0.0, 0.1) from position: (-602.0, 196.9, 606.2) rot: (0.0, 0.0, 0.0, 0.0)
15:59:35.268 == Mech: Bandit G_Gunner_89BBB8C1 updated to position: (-461.8, 176.4, 415.4) rot: (0.0, 1.0, 0.0, 0.0) from position: (-602.0, 196.9, 606.2) rot: (0.0, 0.0, 0.0, 0.0)
15:59:35.303 == Mech: Bandit G_Gunner_89BBB8C1 updated to position: (-461.8, 176.9, 414.2) rot: (0.0, 1.0, 0.0, 0.0) from position: (-602.0, 196.9, 606.2) rot: (0.0, 0.0, 0.0, 0.0)
15:59:35.341 == Mech: Bandit G_Gunner_89BBB8C1 updated to position: (-461.9, 177.3, 413.1) rot: (0.0, 1.0, 0.0, 0.0) from position: (-602.0, 196.9, 606.2) rot: (0.0, 0.0, 0.0, 0.0)
15:59:35.373 == Mech: Bandit G_Gunner_89BBB8C1 updated to position: (-461.9, 177.3, 413.1) rot: (0.0, 1.0, 0.0, -0.1) from position: (-602.0, 196.9, 606.2) rot: (0.0, 0.0, 0.0, 0.0)
15:59:35.408 == Mech: Bandit G_Gunner_89BBB8C1 updated to position: (-462.0, 177.7, 412.2) rot: (0.0, 1.0, 0.0, -0.1) from position: (-602.0, 196.9, 606.2) rot: (0.0, 0.0, 0.0, 0.0)
15:59:35.433 == Mech: Bandit G_Gunner_89BBB8C1 updated to position: (-462.0, 177.6, 412.2) rot: (0.0, 1.0, 0.0, -0.1) from position: (-602.0, 196.9, 606.2) rot: (0.0, 0.0, 0.0, 0.0)
15:59:42.908 Updating last activated actor to: (Drillson Hover Tank 3058_Phantom_B42EA726)
15:59:57.246 == Mech: Drillson Hover Tank 3058_Phantom_B42EA726 updated to position: (-140.0, 239.0, -436.5) rot: (0.0, 0.9, 0.0, 0.5) from position: (-140.0, 238.9, -436.5) rot: (0.0, 0.0, 0.0, 0.0)
15:59:57.304 == Mech: Drillson Hover Tank 3058_Phantom_B42EA726 updated to position: (-161.0, 235.7, -336.5) rot: (0.0, 0.9, 0.0, 0.4) from position: (-140.0, 238.9, -436.5) rot: (0.0, 0.0, 0.0, 0.0)
15:59:57.353 == Mech: Drillson Hover Tank 3058_Phantom_B42EA726 updated to position: (-161.0, 235.7, -336.5) rot: (0.0, 0.7, 0.0, -0.7) from position: (-140.0, 238.9, -436.5) rot: (0.0, 0.0, 0.0, 0.0)
15:59:57.411 == Mech: Drillson Hover Tank 3058_Phantom_B42EA726 updated to position: (-168.0, 237.6, -339.5) rot: (0.0, 0.9, 0.0, -0.3) from position: (-140.0, 238.9, -436.5) rot: (0.0, 0.0, 0.0, 0.0)
15:59:57.414 == Mech: Drillson Hover Tank 3058_Phantom_B42EA726 updated to position: (-168.0, 237.6, -339.5) rot: (0.0, 0.9, 0.0, -0.3) from position: (-140.0, 238.9, -436.5) rot: (0.0, 0.0, 0.0, 0.0)
15:59:57.434 == Mech: Drillson Hover Tank 3058_Phantom_B42EA726 updated to position: (-168.0, 237.6, -339.5) rot: (0.0, 0.9, 0.0, -0.3) from position: (-140.0, 238.9, -436.5) rot: (0.0, 0.0, 0.0, 0.0)
16:00:18.113 == Mech: Bandit_Tactician_683BA11 updated to position: (-616.0, 192.3, 630.5) rot: (0.0, 1.0, 0.0, 0.2) from position: (-616.0, 192.3, 630.5) rot: (0.0, 0.0, 0.0, 0.0)
16:00:18.146 == Mech: Bandit_Tactician_683BA11 updated to position: (-715.5, 204.9, 566.1) rot: (0.0, 0.8, 0.0, -0.6) from position: (-616.0, 192.3, 630.5) rot: (0.0, 0.0, 0.0, 0.0)
16:00:18.181 == Mech: Bandit_Tactician_683BA11 updated to position: (-717.4, 207.3, 544.8) rot: (0.0, 1.0, 0.0, 0.0) from position: (-616.0, 192.3, 630.5) rot: (0.0, 0.0, 0.0, 0.0)
16:00:18.215 == Mech: Bandit_Tactician_683BA11 updated to position: (-721.1, 211.2, 508.3) rot: (0.0, 1.0, 0.0, 0.0) from position: (-616.0, 192.3, 630.5) rot: (0.0, 0.0, 0.0, 0.0)
16:00:18.248 == Mech: Bandit_Tactician_683BA11 updated to position: (-723.7, 216.4, 467.5) rot: (0.0, 1.0, 0.0, 0.0) from position: (-616.0, 192.3, 630.5) rot: (0.0, 0.0, 0.0, 0.0)
16:00:18.282 == Mech: Bandit_Tactician_683BA11 updated to position: (-722.1, 221.6, 430.6) rot: (0.0, 1.0, 0.0, 0.0) from position: (-616.0, 192.3, 630.5) rot: (0.0, 0.0, 0.0, 0.0)
16:00:18.316 == Mech: Bandit_Tactician_683BA11 updated to position: (-716.5, 228.3, 397.9) rot: (0.0, 1.0, 0.0, 0.1) from position: (-616.0, 192.3, 630.5) rot: (0.0, 0.0, 0.0, 0.0)
16:00:18.351 == Mech: Bandit_Tactician_683BA11 updated to position: (-705.0, 233.7, 372.3) rot: (0.0, 1.0, 0.0, 0.1) from position: (-616.0, 192.3, 630.5) rot: (0.0, 0.0, 0.0, 0.0)
16:00:18.384 == Mech: Bandit_Tactician_683BA11 updated to position: (-698.8, 235.9, 360.7) rot: (0.0, 1.0, 0.0, 0.3) from position: (-616.0, 192.3, 630.5) rot: (0.0, 0.0, 0.0, 0.0)
16:00:18.418 == Mech: Bandit_Tactician_683BA11 updated to position: (-695.7, 237.2, 353.0) rot: (0.0, 1.0, 0.0, 0.2) from position: (-616.0, 192.3, 630.5) rot: (0.0, 0.0, 0.0, 0.0)
16:00:18.451 == Mech: Bandit_Tactician_683BA11 updated to position: (-693.6, 237.8, 347.2) rot: (0.0, 1.0, 0.0, 0.2) from position: (-616.0, 192.3, 630.5) rot: (0.0, 0.0, 0.0, 0.0)
16:00:18.485 == Mech: Bandit_Tactician_683BA11 updated to position: (-692.1, 238.2, 342.7) rot: (0.0, 1.0, 0.0, 0.2) from position: (-616.0, 192.3, 630.5) rot: (0.0, 0.0, 0.0, 0.0)
16:00:18.517 == Mech: Bandit_Tactician_683BA11 updated to position: (-691.0, 238.4, 339.4) rot: (0.0, 1.0, 0.0, 0.2) from position: (-616.0, 192.3, 630.5) rot: (0.0, 0.0, 0.0, 0.0)
16:00:18.548 == Mech: Bandit_Tactician_683BA11 updated to position: (-690.2, 238.5, 336.7) rot: (0.0, 1.0, 0.0, 0.1) from position: (-616.0, 192.3, 630.5) rot: (0.0, 0.0, 0.0, 0.0)
16:00:18.584 == Mech: Bandit_Tactician_683BA11 updated to position: (-689.5, 238.5, 334.2) rot: (0.0, 1.0, 0.0, 0.1) from position: (-616.0, 192.3, 630.5) rot: (0.0, 0.0, 0.0, 0.0)
16:00:18.619 == Mech: Bandit_Tactician_683BA11 updated to position: (-688.9, 238.5, 332.2) rot: (0.0, 1.0, 0.0, 0.1) from position: (-616.0, 192.3, 630.5) rot: (0.0, 0.0, 0.0, 0.0)
16:00:18.654 == Mech: Bandit_Tactician_683BA11 updated to position: (-688.5, 238.5, 330.4) rot: (0.0, 1.0, 0.0, 0.1) from position: (-616.0, 192.3, 630.5) rot: (0.0, 0.0, 0.0, 0.0)
16:00:18.689 == Mech: Bandit_Tactician_683BA11 updated to position: (-688.1, 238.5, 329.0) rot: (0.0, 1.0, 0.0, 0.1) from position: (-616.0, 192.3, 630.5) rot: (0.0, 0.0, 0.0, 0.0)
16:00:18.722 == Mech: Bandit_Tactician_683BA11 updated to position: (-687.8, 238.5, 327.8) rot: (0.0, 1.0, 0.0, 0.1) from position: (-616.0, 192.3, 630.5) rot: (0.0, 0.0, 0.0, 0.0)
16:00:18.754 == Mech: Bandit_Tactician_683BA11 updated to position: (-687.6, 238.4, 326.7) rot: (0.0, 1.0, 0.0, 0.1) from position: (-616.0, 192.3, 630.5) rot: (0.0, 0.0, 0.0, 0.0)
16:00:18.785 == Mech: Bandit_Tactician_683BA11 updated to position: (-687.3, 238.3, 325.6) rot: (0.0, 1.0, 0.0, 0.1) from position: (-616.0, 192.3, 630.5) rot: (0.0, 0.0, 0.0, 0.0)
16:00:18.823 == Mech: Bandit_Tactician_683BA11 updated to position: (-687.1, 238.2, 324.4) rot: (0.0, 1.0, 0.0, 0.1) from position: (-616.0, 192.3, 630.5) rot: (0.0, 0.0, 0.0, 0.0)
16:00:18.858 == Mech: Bandit_Tactician_683BA11 updated to position: (-686.9, 238.0, 323.2) rot: (0.0, 1.0, 0.0, 0.1) from position: (-616.0, 192.3, 630.5) rot: (0.0, 0.0, 0.0, 0.0)
16:00:18.893 == Mech: Bandit_Tactician_683BA11 updated to position: (-686.7, 237.9, 322.1) rot: (0.0, 1.0, 0.0, 0.1) from position: (-616.0, 192.3, 630.5) rot: (0.0, 0.0, 0.0, 0.0)
16:00:18.929 == Mech: Bandit_Tactician_683BA11 updated to position: (-686.5, 237.8, 321.0) rot: (0.0, 1.0, 0.0, 0.1) from position: (-616.0, 192.3, 630.5) rot: (0.0, 0.0, 0.0, 0.0)
16:00:18.964 == Mech: Bandit_Tactician_683BA11 updated to position: (-686.0, 236.8, 315.2) rot: (0.0, 1.0, 0.0, 0.0) from position: (-616.0, 192.3, 630.5) rot: (0.0, 0.0, 0.0, 0.0)
16:00:18.984 == Mech: Bandit_Tactician_683BA11 updated to position: (-686.0, 236.8, 315.2) rot: (0.0, 1.0, 0.0, 0.0) from position: (-616.0, 192.3, 630.5) rot: (0.0, 0.0, 0.0, 0.0)
16:00:29.754 == Mech: Bandit E_Defender_BB832816 updated to position: (-644.0, 176.4, 776.0) rot: (0.0, 1.0, 0.0, -0.2) from position: (-644.0, 176.4, 776.0) rot: (0.0, 0.0, 0.0, 0.0)
16:00:29.802 == Mech: Bandit E_Defender_BB832816 updated to position: (-573.9, 194.0, 606.2) rot: (0.0, 1.0, 0.0, 0.0) from position: (-644.0, 176.4, 776.0) rot: (0.0, 0.0, 0.0, 0.0)
16:00:29.846 == Mech: Bandit E_Defender_BB832816 updated to position: (-560.3, 191.6, 608.9) rot: (0.0, 0.7, 0.0, 0.7) from position: (-644.0, 176.4, 776.0) rot: (0.0, 0.0, 0.0, 0.0)
16:00:29.894 == Mech: Bandit E_Defender_BB832816 updated to position: (-551.6, 189.4, 610.0) rot: (0.0, 0.6, 0.0, 0.8) from position: (-644.0, 176.4, 776.0) rot: (0.0, 0.0, 0.0, 0.0)
16:00:29.940 == Mech: Bandit E_Defender_BB832816 updated to position: (-546.5, 188.2, 607.1) rot: (0.0, 0.8, 0.0, 0.7) from position: (-644.0, 176.4, 776.0) rot: (0.0, 0.0, 0.0, 0.0)
16:00:29.984 == Mech: Bandit E_Defender_BB832816 updated to position: (-546.5, 188.2, 607.1) rot: (0.0, 1.0, 0.0, 0.3) from position: (-644.0, 176.4, 776.0) rot: (0.0, 0.0, 0.0, 0.0)
16:00:30.027 == Mech: Bandit E_Defender_BB832816 updated to position: (-546.5, 188.2, 607.1) rot: (0.0, 1.0, 0.0, 0.3) from position: (-644.0, 176.4, 776.0) rot: (0.0, 0.0, 0.0, 0.0)
16:00:30.073 == Mech: Bandit E_Defender_BB832816 updated to position: (-546.0, 188.1, 606.2) rot: (0.0, 1.0, 0.0, 0.3) from position: (-644.0, 176.4, 776.0) rot: (0.0, 0.0, 0.0, 0.0)
16:00:30.075 == Mech: Bandit E_Defender_BB832816 updated to position: (-546.0, 188.1, 606.2) rot: (0.0, 1.0, 0.0, 0.3) from position: (-644.0, 176.4, 776.0) rot: (0.0, 0.0, 0.0, 0.0)
16:00:30.102 == Mech: Bandit E_Defender_BB832816 updated to position: (-546.0, 188.0, 606.2) rot: (0.0, 1.0, 0.0, 0.3) from position: (-644.0, 176.4, 776.0) rot: (0.0, 0.0, 0.0, 0.0)
16:00:31.374 Target Warrior H7 Fusion_Boomer_5E1110A2 sensor info LocationAndType is less than SurfaceScan and outside visualID, cannot be targeted by AI called shot
16:00:31.386 Target Flea_Fire Priestess_248ABC36 sensor info LocationAndType is less than SurfaceScan and outside visualID, cannot be targeted by AI called shot
16:00:31.391 Target Archer_Commando_9D156E66 sensor info LocationAndType is less than SurfaceScan and outside visualID, cannot be targeted by AI called shot
16:00:31.398 Target Toro_Virago_E5666DC7 sensor info LocationAndType is less than SurfaceScan and outside visualID, cannot be targeted by AI called shot
16:00:31.404 Target Trooper_Announcer_221E0761 sensor info NoInfo is less than SurfaceScan and outside visualID, cannot be targeted by AI called shot
16:00:31.410 Target Cataphract_Scorch_F9FAE558 sensor info LocationAndType is less than SurfaceScan and outside visualID, cannot be targeted by AI called shot
16:00:31.416 Target Spector_Caveman_B8CF8F2F sensor info NoInfo is less than SurfaceScan and outside visualID, cannot be targeted by AI called shot
16:00:31.422 Target Avatar_Oddball_E325BAAE sensor info LocationAndType is less than SurfaceScan and outside visualID, cannot be targeted by AI called shot
16:00:33.964 == Mech: LTV-4 Hover Tank_Defender_2638AC1 updated to position: (-72.0, 110.6, 831.4) rot: (0.0, -0.9, 0.0, 0.5) from position: (-72.0, 110.6, 831.4) rot: (0.0, 0.0, 0.0, 0.0)
16:00:33.984 == Mech: LTV-4 Hover Tank_Defender_2638AC1 updated to position: (-72.0, 110.6, 831.4) rot: (0.0, -0.9, 0.0, 0.5) from position: (-72.0, 110.6, 831.4) rot: (0.0, 0.0, 0.0, 0.0)
16:00:37.756 == Mech: Bushwacker_Tactician_50111D76 updated to position: (-154.0, 107.8, 848.7) rot: (0.0, 0.9, 0.0, 0.5) from position: (-154.0, 107.8, 848.7) rot: (0.0, 0.0, 0.0, 0.0)
16:00:37.787 == Mech: Bushwacker_Tactician_50111D76 updated to position: (-154.0, 107.8, 848.7) rot: (0.0, 0.9, 0.0, 0.5) from position: (-154.0, 107.8, 848.7) rot: (0.0, 0.0, 0.0, 0.0)
16:00:37.822 == Mech: Bushwacker_Tactician_50111D76 updated to position: (-140.0, 123.5, 776.0) rot: (0.0, 0.9, 0.0, -0.4) from position: (-154.0, 107.8, 848.7) rot: (0.0, 0.0, 0.0, 0.0)
16:00:37.823 == Mech: Bushwacker_Tactician_50111D76 updated to position: (-140.0, 123.5, 776.0) rot: (0.0, 0.9, 0.0, -0.4) from position: (-154.0, 107.8, 848.7) rot: (0.0, 0.0, 0.0, 0.0)
16:00:37.845 == Mech: Bushwacker_Tactician_50111D76 updated to position: (-140.0, 123.5, 776.0) rot: (0.0, 0.9, 0.0, -0.4) from position: (-154.0, 107.8, 848.7) rot: (0.0, 0.0, 0.0, 0.0)
16:00:44.501 == Mech: Uziel_Pilot_702475B7 updated to position: (-686.0, 179.0, 751.7) rot: (0.0, 0.9, 0.0, 0.4) from position: (-686.0, 178.9, 751.7) rot: (0.0, 0.0, 0.0, 0.0)
16:00:44.538 == Mech: Uziel_Pilot_702475B7 updated to position: (-607.8, 189.2, 684.4) rot: (0.0, 0.9, 0.0, 0.4) from position: (-686.0, 178.9, 751.7) rot: (0.0, 0.0, 0.0, 0.0)
16:00:44.574 == Mech: Uziel_Pilot_702475B7 updated to position: (-590.9, 190.6, 669.8) rot: (0.0, 0.9, 0.0, 0.4) from position: (-686.0, 178.9, 751.7) rot: (0.0, 0.0, 0.0, 0.0)
16:00:44.610 == Mech: Uziel_Pilot_702475B7 updated to position: (-581.0, 190.7, 661.1) rot: (0.0, 0.9, 0.0, 0.4) from position: (-686.0, 178.9, 751.7) rot: (0.0, 0.0, 0.0, 0.0)
16:00:44.646 == Mech: Uziel_Pilot_702475B7 updated to position: (-575.6, 190.5, 656.2) rot: (0.0, 0.9, 0.0, 0.4) from position: (-686.0, 178.9, 751.7) rot: (0.0, 0.0, 0.0, 0.0)
16:00:44.681 == Mech: Uziel_Pilot_702475B7 updated to position: (-575.6, 190.5, 656.2) rot: (0.0, 0.9, 0.0, 0.4) from position: (-686.0, 178.9, 751.7) rot: (0.0, 0.0, 0.0, 0.0)
16:00:44.713 == Mech: Uziel_Pilot_702475B7 updated to position: (-575.6, 190.5, 656.2) rot: (0.0, 0.9, 0.0, 0.4) from position: (-686.0, 178.9, 751.7) rot: (0.0, 0.0, 0.0, 0.0)
16:00:44.746 == Mech: Uziel_Pilot_702475B7 updated to position: (-574.0, 190.5, 654.7) rot: (0.0, 0.9, 0.0, 0.4) from position: (-686.0, 178.9, 751.7) rot: (0.0, 0.0, 0.0, 0.0)
16:00:44.748 == Mech: Uziel_Pilot_702475B7 updated to position: (-574.0, 190.5, 654.7) rot: (0.0, 0.9, 0.0, 0.4) from position: (-686.0, 178.9, 751.7) rot: (0.0, 0.0, 0.0, 0.0)
16:00:44.775 == Mech: Uziel_Pilot_702475B7 updated to position: (-574.0, 190.4, 654.7) rot: (0.0, 0.9, 0.0, 0.4) from position: (-686.0, 178.9, 751.7) rot: (0.0, 0.0, 0.0, 0.0)
16:00:44.875 Target Warrior H7 Fusion_Boomer_5E1110A2 sensor info LocationAndType is less than SurfaceScan and outside visualID, cannot be targeted by AI called shot
16:00:44.880 Target Valkyrie II_Shade_655D02FD sensor info LocationAndType is less than SurfaceScan and outside visualID, cannot be targeted by AI called shot
16:00:44.906 Target Archer_Commando_9D156E66 sensor info LocationAndType is less than SurfaceScan and outside visualID, cannot be targeted by AI called shot
16:00:44.947 Target Cataphract_Scorch_F9FAE558 sensor info LocationAndType is less than SurfaceScan and outside visualID, cannot be targeted by AI called shot
16:00:44.975 Target Avatar_Oddball_E325BAAE sensor info LocationAndType is less than SurfaceScan and outside visualID, cannot be targeted by AI called shot
16:00:51.992 Updating last activated actor to: (Marsden III MBT_Blaze_8F76066D)
16:01:00.584 == Mech: Marsden III MBT_Blaze_8F76066D updated to position: (-238.0, 276.7, -266.7) rot: (0.0, 0.9, 0.0, 0.4) from position: (-238.0, 276.7, -266.7) rot: (0.0, 0.0, 0.0, 0.0)
16:01:00.638 == Mech: Marsden III MBT_Blaze_8F76066D updated to position: (-238.0, 276.7, -266.7) rot: (0.0, 0.6, 0.0, -0.8) from position: (-238.0, 276.7, -266.7) rot: (0.0, 0.0, 0.0, 0.0)
16:01:00.682 == Mech: Marsden III MBT_Blaze_8F76066D updated to position: (-238.0, 276.7, -266.7) rot: (0.0, 1.0, 0.0, -0.2) from position: (-238.0, 276.7, -266.7) rot: (0.0, 0.0, 0.0, 0.0)
16:01:00.741 == Mech: Marsden III MBT_Blaze_8F76066D updated to position: (-224.0, 257.1, -388.0) rot: (0.0, 0.9, 0.0, 0.4) from position: (-238.0, 276.7, -266.7) rot: (0.0, 0.0, 0.0, 0.0)
16:01:00.745 == Mech: Marsden III MBT_Blaze_8F76066D updated to position: (-224.0, 257.1, -388.0) rot: (0.0, 0.9, 0.0, 0.4) from position: (-238.0, 276.7, -266.7) rot: (0.0, 0.0, 0.0, 0.0)
16:01:00.762 == Mech: Marsden III MBT_Blaze_8F76066D updated to position: (-224.0, 257.0, -388.0) rot: (0.0, 0.9, 0.0, 0.4) from position: (-238.0, 276.7, -266.7) rot: (0.0, 0.0, 0.0, 0.0)
